{"meta": {"format": 3, "version": "7.10.7", "timestamp": "2025-10-06T18:47:57.497675", "branch_coverage": true, "show_contexts": false}, "files": {"src/agents/__init__.py": {"executed_lines": [1, 3, 4, 5, 7], "summary": {"covered_lines": 4, "num_statements": 4, "percent_covered": 100.0, "percent_covered_display": "100", "missing_lines": 0, "excluded_lines": 0, "num_branches": 0, "num_partial_branches": 0, "covered_branches": 0, "missing_branches": 0}, "missing_lines": [], "excluded_lines": [], "executed_branches": [], "missing_branches": [], "functions": {"": {"executed_lines": [1, 3, 4, 5, 7], "summary": {"covered_lines": 4, "num_statements": 4, "percent_covered": 100.0, "percent_covered_display": "100", "missing_lines": 0, "excluded_lines": 0, "num_branches": 0, "num_partial_branches": 0, "covered_branches": 0, "missing_branches": 0}, "missing_lines": [], "excluded_lines": [], "executed_branches": [], "missing_branches": []}}, "classes": {"": {"executed_lines": [1, 3, 4, 5, 7], "summary": {"covered_lines": 4, "num_statements": 4, "percent_covered": 100.0, "percent_covered_display": "100", "missing_lines": 0, "excluded_lines": 0, "num_branches": 0, "num_partial_branches": 0, "covered_branches": 0, "missing_branches": 0}, "missing_lines": [], "excluded_lines": [], "executed_branches": [], "missing_branches": []}}}, "src/agents/chat.py": {"executed_lines": [1, 3, 4, 5, 7, 10, 11, 13, 14, 15, 18, 19, 21, 22, 24, 32, 37, 38, 40, 42, 45, 62, 72, 73, 79, 80, 86, 87], "summary": {"covered_lines": 24, "num_statements": 48, "percent_covered": 46.15384615384615, "percent_covered_display": "46", "missing_lines": 24, "excluded_lines": 0, "num_branches": 4, "num_partial_branches": 0, "covered_branches": 0, "missing_branches": 4}, "missing_lines": [26, 27, 28, 29, 30, 34, 43, 49, 52, 55, 58, 59, 60, 64, 65, 68, 69, 70, 75, 77, 82, 84, 89, 91], "excluded_lines": [], "executed_branches": [], "missing_branches": [[27, -24], [27, 28], [58, -45], [58, 59]], "functions": {"ChatHistory.add": {"executed_lines": [], "summary": {"covered_lines": 0, "num_statements": 5, "percent_covered": 0.0, "percent_covered_display": "0", "missing_lines": 5, "excluded_lines": 0, "num_branches": 2, "num_partial_branches": 0, "covered_branches": 0, "missing_branches": 2}, "missing_lines": [26, 27, 28, 29, 30], "excluded_lines": [], "executed_branches": [], "missing_branches": [[27, -24], [27, 28]]}, "ChatHistory.clear": {"executed_lines": [], "summary": {"covered_lines": 0, "num_statements": 1, "percent_covered": 0.0, "percent_covered_display": "0", "missing_lines": 1, "excluded_lines": 0, "num_branches": 0, "num_partial_branches": 0, "covered_branches": 0, "missing_branches": 0}, "missing_lines": [34], "excluded_lines": [], "executed_branches": [], "missing_branches": []}, "ChatAgent.__init__": {"executed_lines": [], "summary": {"covered_lines": 0, "num_statements": 1, "percent_covered": 0.0, "percent_covered_display": "0", "missing_lines": 1, "excluded_lines": 0, "num_branches": 0, "num_partial_branches": 0, "covered_branches": 0, "missing_branches": 0}, "missing_lines": [43], "excluded_lines": [], "executed_branches": [], "missing_branches": []}, "ChatAgent.stream_response": {"executed_lines": [], "summary": {"covered_lines": 0, "num_statements": 6, "percent_covered": 0.0, "percent_covered_display": "0", "missing_lines": 6, "excluded_lines": 0, "num_branches": 2, "num_partial_branches": 0, "covered_branches": 0, "missing_branches": 2}, "missing_lines": [49, 52, 55, 58, 59, 60], "excluded_lines": [], "executed_branches": [], "missing_branches": [[58, -45], [58, 59]]}, "ChatAgent.get_response": {"executed_lines": [], "summary": {"covered_lines": 0, "num_statements": 5, "percent_covered": 0.0, "percent_covered_display": "0", "missing_lines": 5, "excluded_lines": 0, "num_branches": 0, "num_partial_branches": 0, "covered_branches": 0, "missing_branches": 0}, "missing_lines": [64, 65, 68, 69, 70], "excluded_lines": [], "executed_branches": [], "missing_branches": []}, "ChatAgent.create_system_message": {"executed_lines": [], "summary": {"covered_lines": 0, "num_statements": 2, "percent_covered": 0.0, "percent_covered_display": "0", "missing_lines": 2, "excluded_lines": 0, "num_branches": 0, "num_partial_branches": 0, "covered_branches": 0, "missing_branches": 0}, "missing_lines": [75, 77], "excluded_lines": [], "executed_branches": [], "missing_branches": []}, "ChatAgent.create_user_message": {"executed_lines": [], "summary": {"covered_lines": 0, "num_statements": 2, "percent_covered": 0.0, "percent_covered_display": "0", "missing_lines": 2, "excluded_lines": 0, "num_branches": 0, "num_partial_branches": 0, "covered_branches": 0, "missing_branches": 0}, "missing_lines": [82, 84], "excluded_lines": [], "executed_branches": [], "missing_branches": []}, "ChatAgent.create_assistant_message": {"executed_lines": [], "summary": {"covered_lines": 0, "num_statements": 2, "percent_covered": 0.0, "percent_covered_display": "0", "missing_lines": 2, "excluded_lines": 0, "num_branches": 0, "num_partial_branches": 0, "covered_branches": 0, "missing_branches": 0}, "missing_lines": [89, 91], "excluded_lines": [], "executed_branches": [], "missing_branches": []}, "": {"executed_lines": [1, 3, 4, 5, 7, 10, 11, 13, 14, 15, 18, 19, 21, 22, 24, 32, 37, 38, 40, 42, 45, 62, 72, 73, 79, 80, 86, 87], "summary": {"covered_lines": 24, "num_statements": 24, "percent_covered": 100.0, "percent_covered_display": "100", "missing_lines": 0, "excluded_lines": 0, "num_branches": 0, "num_partial_branches": 0, "covered_branches": 0, "missing_branches": 0}, "missing_lines": [], "excluded_lines": [], "executed_branches": [], "missing_branches": []}}, "classes": {"ChatMessage": {"executed_lines": [], "summary": {"covered_lines": 0, "num_statements": 0, "percent_covered": 100.0, "percent_covered_display": "100", "missing_lines": 0, "excluded_lines": 0, "num_branches": 0, "num_partial_branches": 0, "covered_branches": 0, "missing_branches": 0}, "missing_lines": [], "excluded_lines": [], "executed_branches": [], "missing_branches": []}, "ChatHistory": {"executed_lines": [], "summary": {"covered_lines": 0, "num_statements": 6, "percent_covered": 0.0, "percent_covered_display": "0", "missing_lines": 6, "excluded_lines": 0, "num_branches": 2, "num_partial_branches": 0, "covered_branches": 0, "missing_branches": 2}, "missing_lines": [26, 27, 28, 29, 30, 34], "excluded_lines": [], "executed_branches": [], "missing_branches": [[27, -24], [27, 28]]}, "ChatAgent": {"executed_lines": [], "summary": {"covered_lines": 0, "num_statements": 18, "percent_covered": 0.0, "percent_covered_display": "0", "missing_lines": 18, "excluded_lines": 0, "num_branches": 2, "num_partial_branches": 0, "covered_branches": 0, "missing_branches": 2}, "missing_lines": [43, 49, 52, 55, 58, 59, 60, 64, 65, 68, 69, 70, 75, 77, 82, 84, 89, 91], "excluded_lines": [], "executed_branches": [], "missing_branches": [[58, -45], [58, 59]]}, "": {"executed_lines": [1, 3, 4, 5, 7, 10, 11, 13, 14, 15, 18, 19, 21, 22, 24, 32, 37, 38, 40, 42, 45, 62, 72, 73, 79, 80, 86, 87], "summary": {"covered_lines": 24, "num_statements": 24, "percent_covered": 100.0, "percent_covered_display": "100", "missing_lines": 0, "excluded_lines": 0, "num_branches": 0, "num_partial_branches": 0, "covered_branches": 0, "missing_branches": 0}, "missing_lines": [], "excluded_lines": [], "executed_branches": [], "missing_branches": []}}}, "src/agents/models.py": {"executed_lines": [1, 3, 4, 7, 8, 10, 11, 12, 13, 14, 17, 18, 20, 21, 22, 23, 24, 25, 26, 27, 30], "summary": {"covered_lines": 18, "num_statements": 18, "percent_covered": 100.0, "percent_covered_display": "100", "missing_lines": 0, "excluded_lines": 0, "num_branches": 0, "num_partial_branches": 0, "covered_branches": 0, "missing_branches": 0}, "missing_lines": [], "excluded_lines": [], "executed_branches": [], "missing_branches": [], "functions": {"": {"executed_lines": [1, 3, 4, 7, 8, 10, 11, 12, 13, 14, 17, 18, 20, 21, 22, 23, 24, 25, 26, 27, 30], "summary": {"covered_lines": 18, "num_statements": 18, "percent_covered": 100.0, "percent_covered_display": "100", "missing_lines": 0, "excluded_lines": 0, "num_branches": 0, "num_partial_branches": 0, "covered_branches": 0, "missing_branches": 0}, "missing_lines": [], "excluded_lines": [], "executed_branches": [], "missing_branches": []}}, "classes": {"BlueprintComponent": {"executed_lines": [], "summary": {"covered_lines": 0, "num_statements": 0, "percent_covered": 100.0, "percent_covered_display": "100", "missing_lines": 0, "excluded_lines": 0, "num_branches": 0, "num_partial_branches": 0, "covered_branches": 0, "missing_branches": 0}, "missing_lines": [], "excluded_lines": [], "executed_branches": [], "missing_branches": []}, "Blueprint": {"executed_lines": [], "summary": {"covered_lines": 0, "num_statements": 0, "percent_covered": 100.0, "percent_covered_display": "100", "missing_lines": 0, "excluded_lines": 0, "num_branches": 0, "num_partial_branches": 0, "covered_branches": 0, "missing_branches": 0}, "missing_lines": [], "excluded_lines": [], "executed_branches": [], "missing_branches": []}, "": {"executed_lines": [1, 3, 4, 7, 8, 10, 11, 12, 13, 14, 17, 18, 20, 21, 22, 23, 24, 25, 26, 27, 30], "summary": {"covered_lines": 18, "num_statements": 18, "percent_covered": 100.0, "percent_covered_display": "100", "missing_lines": 0, "excluded_lines": 0, "num_branches": 0, "num_partial_branches": 0, "covered_branches": 0, "missing_branches": 0}, "missing_lines": [], "excluded_lines": [], "executed_branches": [], "missing_branches": []}}}, "src/agents/prompt.py": {"executed_lines": [1, 10, 181, 719, 821, 827, 828], "summary": {"covered_lines": 6, "num_statements": 8, "percent_covered": 75.0, "percent_covered_display": "75", "missing_lines": 2, "excluded_lines": 0, "num_branches": 0, "num_partial_branches": 0, "covered_branches": 0, "missing_branches": 0}, "missing_lines": [730, 823], "excluded_lines": [], "executed_branches": [], "missing_branches": [], "functions": {"get_ui_generation_prompt": {"executed_lines": [], "summary": {"covered_lines": 0, "num_statements": 1, "percent_covered": 0.0, "percent_covered_display": "0", "missing_lines": 1, "excluded_lines": 0, "num_branches": 0, "num_partial_branches": 0, "covered_branches": 0, "missing_branches": 0}, "missing_lines": [730], "excluded_lines": [], "executed_branches": [], "missing_branches": []}, "get_simple_system_prompt": {"executed_lines": [], "summary": {"covered_lines": 0, "num_statements": 1, "percent_covered": 0.0, "percent_covered_display": "0", "missing_lines": 1, "excluded_lines": 0, "num_branches": 0, "num_partial_branches": 0, "covered_branches": 0, "missing_branches": 0}, "missing_lines": [823], "excluded_lines": [], "executed_branches": [], "missing_branches": []}, "": {"executed_lines": [1, 10, 181, 719, 821, 827, 828], "summary": {"covered_lines": 6, "num_statements": 6, "percent_covered": 100.0, "percent_covered_display": "100", "missing_lines": 0, "excluded_lines": 0, "num_branches": 0, "num_partial_branches": 0, "covered_branches": 0, "missing_branches": 0}, "missing_lines": [], "excluded_lines": [], "executed_branches": [], "missing_branches": []}}, "classes": {"": {"executed_lines": [1, 10, 181, 719, 821, 827, 828], "summary": {"covered_lines": 6, "num_statements": 8, "percent_covered": 75.0, "percent_covered_display": "75", "missing_lines": 2, "excluded_lines": 0, "num_branches": 0, "num_partial_branches": 0, "covered_branches": 0, "missing_branches": 0}, "missing_lines": [730, 823], "excluded_lines": [], "executed_branches": [], "missing_branches": []}}}, "src/agents/prompt_cache.py": {"executed_lines": [], "summary": {"covered_lines": 0, "num_statements": 27, "percent_covered": 0.0, "percent_covered_display": "0", "missing_lines": 27, "excluded_lines": 0, "num_branches": 2, "num_partial_branches": 0, "covered_branches": 0, "missing_branches": 2}, "missing_lines": [3, 5, 7, 10, 17, 24, 27, 29, 39, 41, 42, 44, 46, 48, 55, 56, 58, 59, 61, 63, 64, 66, 69, 70, 82, 83, 86], "excluded_lines": [], "executed_branches": [], "missing_branches": [[41, 42], [41, 44]], "functions": {"PromptCache.__init__": {"executed_lines": [], "summary": {"covered_lines": 0, "num_statements": 2, "percent_covered": 0.0, "percent_covered_display": "0", "missing_lines": 2, "excluded_lines": 0, "num_branches": 0, "num_partial_branches": 0, "covered_branches": 0, "missing_branches": 0}, "missing_lines": [24, 27], "excluded_lines": [], "executed_branches": [], "missing_branches": []}, "PromptCache.get": {"executed_lines": [], "summary": {"covered_lines": 0, "num_statements": 5, "percent_covered": 0.0, "percent_covered_display": "0", "missing_lines": 5, "excluded_lines": 0, "num_branches": 2, "num_partial_branches": 0, "covered_branches": 0, "missing_branches": 2}, "missing_lines": [39, 41, 42, 44, 46], "excluded_lines": [], "executed_branches": [], "missing_branches": [[41, 42], [41, 44]]}, "PromptCache.set": {"executed_lines": [], "summary": {"covered_lines": 0, "num_statements": 2, "percent_covered": 0.0, "percent_covered_display": "0", "missing_lines": 2, "excluded_lines": 0, "num_branches": 0, "num_partial_branches": 0, "covered_branches": 0, "missing_branches": 0}, "missing_lines": [55, 56], "excluded_lines": [], "executed_branches": [], "missing_branches": []}, "PromptCache.hit_rate": {"executed_lines": [], "summary": {"covered_lines": 0, "num_statements": 1, "percent_covered": 0.0, "percent_covered_display": "0", "missing_lines": 1, "excluded_lines": 0, "num_branches": 0, "num_partial_branches": 0, "covered_branches": 0, "missing_branches": 0}, "missing_lines": [61], "excluded_lines": [], "executed_branches": [], "missing_branches": []}, "PromptCache.stats": {"executed_lines": [], "summary": {"covered_lines": 0, "num_statements": 1, "percent_covered": 0.0, "percent_covered_display": "0", "missing_lines": 1, "excluded_lines": 0, "num_branches": 0, "num_partial_branches": 0, "covered_branches": 0, "missing_branches": 0}, "missing_lines": [66], "excluded_lines": [], "executed_branches": [], "missing_branches": []}, "get_system_prompt_template": {"executed_lines": [], "summary": {"covered_lines": 0, "num_statements": 2, "percent_covered": 0.0, "percent_covered_display": "0", "missing_lines": 2, "excluded_lines": 0, "num_branches": 0, "num_partial_branches": 0, "covered_branches": 0, "missing_branches": 0}, "missing_lines": [82, 83], "excluded_lines": [], "executed_branches": [], "missing_branches": []}, "": {"executed_lines": [], "summary": {"covered_lines": 0, "num_statements": 14, "percent_covered": 0.0, "percent_covered_display": "0", "missing_lines": 14, "excluded_lines": 0, "num_branches": 0, "num_partial_branches": 0, "covered_branches": 0, "missing_branches": 0}, "missing_lines": [3, 5, 7, 10, 17, 29, 48, 58, 59, 63, 64, 69, 70, 86], "excluded_lines": [], "executed_branches": [], "missing_branches": []}}, "classes": {"PromptCache": {"executed_lines": [], "summary": {"covered_lines": 0, "num_statements": 11, "percent_covered": 0.0, "percent_covered_display": "0", "missing_lines": 11, "excluded_lines": 0, "num_branches": 2, "num_partial_branches": 0, "covered_branches": 0, "missing_branches": 2}, "missing_lines": [24, 27, 39, 41, 42, 44, 46, 55, 56, 61, 66], "excluded_lines": [], "executed_branches": [], "missing_branches": [[41, 42], [41, 44]]}, "": {"executed_lines": [], "summary": {"covered_lines": 0, "num_statements": 16, "percent_covered": 0.0, "percent_covered_display": "0", "missing_lines": 16, "excluded_lines": 0, "num_branches": 0, "num_partial_branches": 0, "covered_branches": 0, "missing_branches": 0}, "missing_lines": [3, 5, 7, 10, 17, 29, 48, 58, 59, 63, 64, 69, 70, 82, 83, 86], "excluded_lines": [], "executed_branches": [], "missing_branches": []}}}, "src/agents/prompts.py": {"executed_lines": [1, 7, 8, 10, 11, 35, 36], "summary": {"covered_lines": 5, "num_statements": 18, "percent_covered": 20.833333333333332, "percent_covered_display": "21", "missing_lines": 13, "excluded_lines": 0, "num_branches": 6, "num_partial_branches": 0, "covered_branches": 0, "missing_branches": 6}, "missing_lines": [25, 27, 28, 29, 31, 33, 49, 51, 52, 54, 55, 57, 59], "excluded_lines": [], "executed_branches": [], "missing_branches": [[27, 28], [27, 31], [51, 52], [51, 54], [54, 55], [54, 57]], "functions": {"PromptBuilder.build_conversation": {"executed_lines": [], "summary": {"covered_lines": 0, "num_statements": 6, "percent_covered": 0.0, "percent_covered_display": "0", "missing_lines": 6, "excluded_lines": 0, "num_branches": 2, "num_partial_branches": 0, "covered_branches": 0, "missing_branches": 2}, "missing_lines": [25, 27, 28, 29, 31, 33], "excluded_lines": [], "executed_branches": [], "missing_branches": [[27, 28], [27, 31]]}, "PromptBuilder.build_structured": {"executed_lines": [], "summary": {"covered_lines": 0, "num_statements": 7, "percent_covered": 0.0, "percent_covered_display": "0", "missing_lines": 7, "excluded_lines": 0, "num_branches": 4, "num_partial_branches": 0, "covered_branches": 0, "missing_branches": 4}, "missing_lines": [49, 51, 52, 54, 55, 57, 59], "excluded_lines": [], "executed_branches": [], "missing_branches": [[51, 52], [51, 54], [54, 55], [54, 57]]}, "": {"executed_lines": [1, 7, 8, 10, 11, 35, 36], "summary": {"covered_lines": 5, "num_statements": 5, "percent_covered": 100.0, "percent_covered_display": "100", "missing_lines": 0, "excluded_lines": 0, "num_branches": 0, "num_partial_branches": 0, "covered_branches": 0, "missing_branches": 0}, "missing_lines": [], "excluded_lines": [], "executed_branches": [], "missing_branches": []}}, "classes": {"PromptBuilder": {"executed_lines": [], "summary": {"covered_lines": 0, "num_statements": 13, "percent_covered": 0.0, "percent_covered_display": "0", "missing_lines": 13, "excluded_lines": 0, "num_branches": 6, "num_partial_branches": 0, "covered_branches": 0, "missing_branches": 6}, "missing_lines": [25, 27, 28, 29, 31, 33, 49, 51, 52, 54, 55, 57, 59], "excluded_lines": [], "executed_branches": [], "missing_branches": [[27, 28], [27, 31], [51, 52], [51, 54], [54, 55], [54, 57]]}, "": {"executed_lines": [1, 7, 8, 10, 11, 35, 36], "summary": {"covered_lines": 5, "num_statements": 5, "percent_covered": 100.0, "percent_covered_display": "100", "missing_lines": 0, "excluded_lines": 0, "num_branches": 0, "num_partial_branches": 0, "covered_branches": 0, "missing_branches": 0}, "missing_lines": [], "excluded_lines": [], "executed_branches": [], "missing_branches": []}}}, "src/agents/templates.py": {"executed_lines": [], "summary": {"covered_lines": 0, "num_statements": 24, "percent_covered": 0.0, "percent_covered_display": "0", "missing_lines": 24, "excluded_lines": 0, "num_branches": 4, "num_partial_branches": 0, "covered_branches": 0, "missing_branches": 4}, "missing_lines": [6, 9, 12, 13, 14, 15, 16, 17, 20, 23, 107, 108, 110, 112, 113, 115, 117, 118, 120, 121, 123, 124, 129, 131], "excluded_lines": [], "executed_branches": [], "missing_branches": [[123, 124], [123, 131], [124, 123], [124, 129]], "functions": {"TemplateLibrary.get": {"executed_lines": [], "summary": {"covered_lines": 0, "num_statements": 1, "percent_covered": 0.0, "percent_covered_display": "0", "missing_lines": 1, "excluded_lines": 0, "num_branches": 0, "num_partial_branches": 0, "covered_branches": 0, "missing_branches": 0}, "missing_lines": [110], "excluded_lines": [], "executed_branches": [], "missing_branches": []}, "TemplateLibrary.list_all": {"executed_lines": [], "summary": {"covered_lines": 0, "num_statements": 1, "percent_covered": 0.0, "percent_covered_display": "0", "missing_lines": 1, "excluded_lines": 0, "num_branches": 0, "num_partial_branches": 0, "covered_branches": 0, "missing_branches": 0}, "missing_lines": [115], "excluded_lines": [], "executed_branches": [], "missing_branches": []}, "TemplateLibrary.search": {"executed_lines": [], "summary": {"covered_lines": 0, "num_statements": 6, "percent_covered": 0.0, "percent_covered_display": "0", "missing_lines": 6, "excluded_lines": 0, "num_branches": 4, "num_partial_branches": 0, "covered_branches": 0, "missing_branches": 4}, "missing_lines": [120, 121, 123, 124, 129, 131], "excluded_lines": [], "executed_branches": [], "missing_branches": [[123, 124], [123, 131], [124, 123], [124, 129]]}, "": {"executed_lines": [], "summary": {"covered_lines": 0, "num_statements": 16, "percent_covered": 0.0, "percent_covered_display": "0", "missing_lines": 16, "excluded_lines": 0, "num_branches": 0, "num_partial_branches": 0, "covered_branches": 0, "missing_branches": 0}, "missing_lines": [6, 9, 12, 13, 14, 15, 16, 17, 20, 23, 107, 108, 112, 113, 117, 118], "excluded_lines": [], "executed_branches": [], "missing_branches": []}}, "classes": {"Template": {"executed_lines": [], "summary": {"covered_lines": 0, "num_statements": 0, "percent_covered": 100.0, "percent_covered_display": "100", "missing_lines": 0, "excluded_lines": 0, "num_branches": 0, "num_partial_branches": 0, "covered_branches": 0, "missing_branches": 0}, "missing_lines": [], "excluded_lines": [], "executed_branches": [], "missing_branches": []}, "TemplateLibrary": {"executed_lines": [], "summary": {"covered_lines": 0, "num_statements": 8, "percent_covered": 0.0, "percent_covered_display": "0", "missing_lines": 8, "excluded_lines": 0, "num_branches": 4, "num_partial_branches": 0, "covered_branches": 0, "missing_branches": 4}, "missing_lines": [110, 115, 120, 121, 123, 124, 129, 131], "excluded_lines": [], "executed_branches": [], "missing_branches": [[123, 124], [123, 131], [124, 123], [124, 129]]}, "": {"executed_lines": [], "summary": {"covered_lines": 0, "num_statements": 16, "percent_covered": 0.0, "percent_covered_display": "0", "missing_lines": 16, "excluded_lines": 0, "num_branches": 0, "num_partial_branches": 0, "covered_branches": 0, "missing_branches": 0}, "missing_lines": [6, 9, 12, 13, 14, 15, 16, 17, 20, 23, 107, 108, 112, 113, 117, 118], "excluded_lines": [], "executed_branches": [], "missing_branches": []}}}, "src/agents/tool_categories/__init__.py": {"executed_lines": [1, 9, 10, 11, 12, 14], "summary": {"covered_lines": 5, "num_statements": 5, "percent_covered": 100.0, "percent_covered_display": "100", "missing_lines": 0, "excluded_lines": 0, "num_branches": 0, "num_partial_branches": 0, "covered_branches": 0, "missing_branches": 0}, "missing_lines": [], "excluded_lines": [], "executed_branches": [], "missing_branches": [], "functions": {"": {"executed_lines": [1, 9, 10, 11, 12, 14], "summary": {"covered_lines": 5, "num_statements": 5, "percent_covered": 100.0, "percent_covered_display": "100", "missing_lines": 0, "excluded_lines": 0, "num_branches": 0, "num_partial_branches": 0, "covered_branches": 0, "missing_branches": 0}, "missing_lines": [], "excluded_lines": [], "executed_branches": [], "missing_branches": []}}, "classes": {"": {"executed_lines": [1, 9, 10, 11, 12, 14], "summary": {"covered_lines": 5, "num_statements": 5, "percent_covered": 100.0, "percent_covered_display": "100", "missing_lines": 0, "excluded_lines": 0, "num_branches": 0, "num_partial_branches": 0, "covered_branches": 0, "missing_branches": 0}, "missing_lines": [], "excluded_lines": [], "executed_branches": [], "missing_branches": []}}}, "src/agents/tool_categories/app_tools.py": {"executed_lines": [1, 6, 8, 12], "summary": {"covered_lines": 2, "num_statements": 5, "percent_covered": 40.0, "percent_covered_display": "40", "missing_lines": 3, "excluded_lines": 2, "num_branches": 0, "num_partial_branches": 0, "covered_branches": 0, "missing_branches": 0}, "missing_lines": [19, 29, 39], "excluded_lines": [8, 9], "executed_branches": [], "missing_branches": [], "functions": {"register_app_tools": {"executed_lines": [], "summary": {"covered_lines": 0, "num_statements": 3, "percent_covered": 0.0, "percent_covered_display": "0", "missing_lines": 3, "excluded_lines": 0, "num_branches": 0, "num_partial_branches": 0, "covered_branches": 0, "missing_branches": 0}, "missing_lines": [19, 29, 39], "excluded_lines": [], "executed_branches": [], "missing_branches": []}, "": {"executed_lines": [1, 6, 8, 12], "summary": {"covered_lines": 2, "num_statements": 2, "percent_covered": 100.0, "percent_covered_display": "100", "missing_lines": 0, "excluded_lines": 2, "num_branches": 0, "num_partial_branches": 0, "covered_branches": 0, "missing_branches": 0}, "missing_lines": [], "excluded_lines": [8, 9], "executed_branches": [], "missing_branches": []}}, "classes": {"": {"executed_lines": [1, 6, 8, 12], "summary": {"covered_lines": 2, "num_statements": 5, "percent_covered": 40.0, "percent_covered_display": "40", "missing_lines": 3, "excluded_lines": 2, "num_branches": 0, "num_partial_branches": 0, "covered_branches": 0, "missing_branches": 0}, "missing_lines": [19, 29, 39], "excluded_lines": [8, 9], "executed_branches": [], "missing_branches": []}}}, "src/agents/tool_categories/math/__init__.py": {"executed_lines": [1, 7, 9, 12, 13, 16, 22], "summary": {"covered_lines": 5, "num_statements": 7, "percent_covered": 71.42857142857143, "percent_covered_display": "71", "missing_lines": 2, "excluded_lines": 2, "num_branches": 0, "num_partial_branches": 0, "covered_branches": 0, "missing_branches": 0}, "missing_lines": [18, 19], "excluded_lines": [9, 10], "executed_branches": [], "missing_branches": [], "functions": {"register_math_tools": {"executed_lines": [], "summary": {"covered_lines": 0, "num_statements": 2, "percent_covered": 0.0, "percent_covered_display": "0", "missing_lines": 2, "excluded_lines": 0, "num_branches": 0, "num_partial_branches": 0, "covered_branches": 0, "missing_branches": 0}, "missing_lines": [18, 19], "excluded_lines": [], "executed_branches": [], "missing_branches": []}, "": {"executed_lines": [1, 7, 9, 12, 13, 16, 22], "summary": {"covered_lines": 5, "num_statements": 5, "percent_covered": 100.0, "percent_covered_display": "100", "missing_lines": 0, "excluded_lines": 2, "num_branches": 0, "num_partial_branches": 0, "covered_branches": 0, "missing_branches": 0}, "missing_lines": [], "excluded_lines": [9, 10], "executed_branches": [], "missing_branches": []}}, "classes": {"": {"executed_lines": [1, 7, 9, 12, 13, 16, 22], "summary": {"covered_lines": 5, "num_statements": 7, "percent_covered": 71.42857142857143, "percent_covered_display": "71", "missing_lines": 2, "excluded_lines": 2, "num_branches": 0, "num_partial_branches": 0, "covered_branches": 0, "missing_branches": 0}, "missing_lines": [18, 19], "excluded_lines": [9, 10], "executed_branches": [], "missing_branches": []}}}, "src/agents/tool_categories/math/algebra.py": {"executed_lines": [1, 6, 8, 12], "summary": {"covered_lines": 2, "num_statements": 12, "percent_covered": 16.666666666666668, "percent_covered_display": "17", "missing_lines": 10, "excluded_lines": 2, "num_branches": 0, "num_partial_branches": 0, "covered_branches": 0, "missing_branches": 0}, "missing_lines": [19, 29, 39, 53, 63, 73, 87, 97, 107, 117], "excluded_lines": [8, 9], "executed_branches": [], "missing_branches": [], "functions": {"register_algebra": {"executed_lines": [], "summary": {"covered_lines": 0, "num_statements": 10, "percent_covered": 0.0, "percent_covered_display": "0", "missing_lines": 10, "excluded_lines": 0, "num_branches": 0, "num_partial_branches": 0, "covered_branches": 0, "missing_branches": 0}, "missing_lines": [19, 29, 39, 53, 63, 73, 87, 97, 107, 117], "excluded_lines": [], "executed_branches": [], "missing_branches": []}, "": {"executed_lines": [1, 6, 8, 12], "summary": {"covered_lines": 2, "num_statements": 2, "percent_covered": 100.0, "percent_covered_display": "100", "missing_lines": 0, "excluded_lines": 2, "num_branches": 0, "num_partial_branches": 0, "covered_branches": 0, "missing_branches": 0}, "missing_lines": [], "excluded_lines": [8, 9], "executed_branches": [], "missing_branches": []}}, "classes": {"": {"executed_lines": [1, 6, 8, 12], "summary": {"covered_lines": 2, "num_statements": 12, "percent_covered": 16.666666666666668, "percent_covered_display": "17", "missing_lines": 10, "excluded_lines": 2, "num_branches": 0, "num_partial_branches": 0, "covered_branches": 0, "missing_branches": 0}, "missing_lines": [19, 29, 39, 53, 63, 73, 87, 97, 107, 117], "excluded_lines": [8, 9], "executed_branches": [], "missing_branches": []}}}, "src/agents/tool_categories/math/calculus.py": {"executed_lines": [1, 6, 8, 12], "summary": {"covered_lines": 2, "num_statements": 10, "percent_covered": 20.0, "percent_covered_display": "20", "missing_lines": 8, "excluded_lines": 2, "num_branches": 0, "num_partial_branches": 0, "covered_branches": 0, "missing_branches": 0}, "missing_lines": [19, 29, 39, 53, 63, 77, 91, 106], "excluded_lines": [8, 9], "executed_branches": [], "missing_branches": [], "functions": {"register_calculus": {"executed_lines": [], "summary": {"covered_lines": 0, "num_statements": 8, "percent_covered": 0.0, "percent_covered_display": "0", "missing_lines": 8, "excluded_lines": 0, "num_branches": 0, "num_partial_branches": 0, "covered_branches": 0, "missing_branches": 0}, "missing_lines": [19, 29, 39, 53, 63, 77, 91, 106], "excluded_lines": [], "executed_branches": [], "missing_branches": []}, "": {"executed_lines": [1, 6, 8, 12], "summary": {"covered_lines": 2, "num_statements": 2, "percent_covered": 100.0, "percent_covered_display": "100", "missing_lines": 0, "excluded_lines": 2, "num_branches": 0, "num_partial_branches": 0, "covered_branches": 0, "missing_branches": 0}, "missing_lines": [], "excluded_lines": [8, 9], "executed_branches": [], "missing_branches": []}}, "classes": {"": {"executed_lines": [1, 6, 8, 12], "summary": {"covered_lines": 2, "num_statements": 10, "percent_covered": 20.0, "percent_covered_display": "20", "missing_lines": 8, "excluded_lines": 2, "num_branches": 0, "num_partial_branches": 0, "covered_branches": 0, "missing_branches": 0}, "missing_lines": [19, 29, 39, 53, 63, 77, 91, 106], "excluded_lines": [8, 9], "executed_branches": [], "missing_branches": []}}}, "src/agents/tool_categories/system_tools.py": {"executed_lines": [1, 6, 8, 12], "summary": {"covered_lines": 2, "num_statements": 15, "percent_covered": 13.333333333333334, "percent_covered_display": "13", "missing_lines": 13, "excluded_lines": 2, "num_branches": 0, "num_partial_branches": 0, "covered_branches": 0, "missing_branches": 0}, "missing_lines": [19, 29, 43, 53, 63, 77, 87, 101, 111, 121, 135, 145, 159], "excluded_lines": [8, 9], "executed_branches": [], "missing_branches": [], "functions": {"register_system_tools": {"executed_lines": [], "summary": {"covered_lines": 0, "num_statements": 13, "percent_covered": 0.0, "percent_covered_display": "0", "missing_lines": 13, "excluded_lines": 0, "num_branches": 0, "num_partial_branches": 0, "covered_branches": 0, "missing_branches": 0}, "missing_lines": [19, 29, 43, 53, 63, 77, 87, 101, 111, 121, 135, 145, 159], "excluded_lines": [], "executed_branches": [], "missing_branches": []}, "": {"executed_lines": [1, 6, 8, 12], "summary": {"covered_lines": 2, "num_statements": 2, "percent_covered": 100.0, "percent_covered_display": "100", "missing_lines": 0, "excluded_lines": 2, "num_branches": 0, "num_partial_branches": 0, "covered_branches": 0, "missing_branches": 0}, "missing_lines": [], "excluded_lines": [8, 9], "executed_branches": [], "missing_branches": []}}, "classes": {"": {"executed_lines": [1, 6, 8, 12], "summary": {"covered_lines": 2, "num_statements": 15, "percent_covered": 13.333333333333334, "percent_covered_display": "13", "missing_lines": 13, "excluded_lines": 2, "num_branches": 0, "num_partial_branches": 0, "covered_branches": 0, "missing_branches": 0}, "missing_lines": [19, 29, 43, 53, 63, 77, 87, 101, 111, 121, 135, 145, 159], "excluded_lines": [8, 9], "executed_branches": [], "missing_branches": []}}}, "src/agents/tool_categories/ui_tools.py": {"executed_lines": [1, 6, 8, 12], "summary": {"covered_lines": 2, "num_statements": 19, "percent_covered": 10.526315789473685, "percent_covered_display": "11", "missing_lines": 17, "excluded_lines": 2, "num_branches": 0, "num_partial_branches": 0, "covered_branches": 0, "missing_branches": 0}, "missing_lines": [19, 29, 39, 49, 62, 75, 85, 99, 109, 119, 129, 143, 153, 163, 177, 187, 197], "excluded_lines": [8, 9], "executed_branches": [], "missing_branches": [], "functions": {"register_ui_tools": {"executed_lines": [], "summary": {"covered_lines": 0, "num_statements": 17, "percent_covered": 0.0, "percent_covered_display": "0", "missing_lines": 17, "excluded_lines": 0, "num_branches": 0, "num_partial_branches": 0, "covered_branches": 0, "missing_branches": 0}, "missing_lines": [19, 29, 39, 49, 62, 75, 85, 99, 109, 119, 129, 143, 153, 163, 177, 187, 197], "excluded_lines": [], "executed_branches": [], "missing_branches": []}, "": {"executed_lines": [1, 6, 8, 12], "summary": {"covered_lines": 2, "num_statements": 2, "percent_covered": 100.0, "percent_covered_display": "100", "missing_lines": 0, "excluded_lines": 2, "num_branches": 0, "num_partial_branches": 0, "covered_branches": 0, "missing_branches": 0}, "missing_lines": [], "excluded_lines": [8, 9], "executed_branches": [], "missing_branches": []}}, "classes": {"": {"executed_lines": [1, 6, 8, 12], "summary": {"covered_lines": 2, "num_statements": 19, "percent_covered": 10.526315789473685, "percent_covered_display": "11", "missing_lines": 17, "excluded_lines": 2, "num_branches": 0, "num_partial_branches": 0, "covered_branches": 0, "missing_branches": 0}, "missing_lines": [19, 29, 39, 49, 62, 75, 85, 99, 109, 119, 129, 143, 153, 163, 177, 187, 197], "excluded_lines": [8, 9], "executed_branches": [], "missing_branches": []}}}, "src/agents/tools.py": {"executed_lines": [1, 3, 4, 6, 7, 14, 22, 23, 25, 26, 27, 28, 29, 34, 35, 40, 44, 58, 63, 67, 71, 78, 112], "summary": {"covered_lines": 20, "num_statements": 47, "percent_covered": 36.36363636363637, "percent_covered_display": "36", "missing_lines": 27, "excluded_lines": 0, "num_branches": 8, "num_partial_branches": 0, "covered_branches": 0, "missing_branches": 8}, "missing_lines": [41, 42, 46, 49, 50, 51, 52, 54, 60, 61, 65, 69, 73, 74, 75, 76, 80, 83, 96, 97, 98, 99, 100, 101, 102, 103, 105], "excluded_lines": [], "executed_branches": [], "missing_branches": [[74, 75], [74, 76], [96, 97], [96, 105], [98, 96], [98, 99], [100, 96], [100, 101]], "functions": {"ToolRegistry.__init__": {"executed_lines": [], "summary": {"covered_lines": 0, "num_statements": 2, "percent_covered": 0.0, "percent_covered_display": "0", "missing_lines": 2, "excluded_lines": 0, "num_branches": 0, "num_partial_branches": 0, "covered_branches": 0, "missing_branches": 0}, "missing_lines": [41, 42], "excluded_lines": [], "executed_branches": [], "missing_branches": []}, "ToolRegistry._initialize_builtin_tools": {"executed_lines": [], "summary": {"covered_lines": 0, "num_statements": 6, "percent_covered": 0.0, "percent_covered_display": "0", "missing_lines": 6, "excluded_lines": 0, "num_branches": 0, "num_partial_branches": 0, "covered_branches": 0, "missing_branches": 0}, "missing_lines": [46, 49, 50, 51, 52, 54], "excluded_lines": [], "executed_branches": [], "missing_branches": []}, "ToolRegistry.register_tool": {"executed_lines": [], "summary": {"covered_lines": 0, "num_statements": 2, "percent_covered": 0.0, "percent_covered_display": "0", "missing_lines": 2, "excluded_lines": 0, "num_branches": 0, "num_partial_branches": 0, "covered_branches": 0, "missing_branches": 0}, "missing_lines": [60, 61], "excluded_lines": [], "executed_branches": [], "missing_branches": []}, "ToolRegistry.get_tool": {"executed_lines": [], "summary": {"covered_lines": 0, "num_statements": 1, "percent_covered": 0.0, "percent_covered_display": "0", "missing_lines": 1, "excluded_lines": 0, "num_branches": 0, "num_partial_branches": 0, "covered_branches": 0, "missing_branches": 0}, "missing_lines": [65], "excluded_lines": [], "executed_branches": [], "missing_branches": []}, "ToolRegistry.get_categories": {"executed_lines": [], "summary": {"covered_lines": 0, "num_statements": 1, "percent_covered": 0.0, "percent_covered_display": "0", "missing_lines": 1, "excluded_lines": 0, "num_branches": 0, "num_partial_branches": 0, "covered_branches": 0, "missing_branches": 0}, "missing_lines": [69], "excluded_lines": [], "executed_branches": [], "missing_branches": []}, "ToolRegistry.list_tools": {"executed_lines": [], "summary": {"covered_lines": 0, "num_statements": 4, "percent_covered": 0.0, "percent_covered_display": "0", "missing_lines": 4, "excluded_lines": 0, "num_branches": 2, "num_partial_branches": 0, "covered_branches": 0, "missing_branches": 2}, "missing_lines": [73, 74, 75, 76], "excluded_lines": [], "executed_branches": [], "missing_branches": [[74, 75], [74, 76]]}, "ToolRegistry.get_tools_description": {"executed_lines": [], "summary": {"covered_lines": 0, "num_statements": 11, "percent_covered": 0.0, "percent_covered_display": "0", "missing_lines": 11, "excluded_lines": 0, "num_branches": 6, "num_partial_branches": 0, "covered_branches": 0, "missing_branches": 6}, "missing_lines": [80, 83, 96, 97, 98, 99, 100, 101, 102, 103, 105], "excluded_lines": [], "executed_branches": [], "missing_branches": [[96, 97], [96, 105], [98, 96], [98, 99], [100, 96], [100, 101]]}, "": {"executed_lines": [1, 3, 4, 6, 7, 14, 22, 23, 25, 26, 27, 28, 29, 34, 35, 40, 44, 58, 63, 67, 71, 78, 112], "summary": {"covered_lines": 20, "num_statements": 20, "percent_covered": 100.0, "percent_covered_display": "100", "missing_lines": 0, "excluded_lines": 0, "num_branches": 0, "num_partial_branches": 0, "covered_branches": 0, "missing_branches": 0}, "missing_lines": [], "excluded_lines": [], "executed_branches": [], "missing_branches": []}}, "classes": {"ToolDefinition": {"executed_lines": [], "summary": {"covered_lines": 0, "num_statements": 0, "percent_covered": 100.0, "percent_covered_display": "100", "missing_lines": 0, "excluded_lines": 0, "num_branches": 0, "num_partial_branches": 0, "covered_branches": 0, "missing_branches": 0}, "missing_lines": [], "excluded_lines": [], "executed_branches": [], "missing_branches": []}, "ToolRegistry": {"executed_lines": [], "summary": {"covered_lines": 0, "num_statements": 27, "percent_covered": 0.0, "percent_covered_display": "0", "missing_lines": 27, "excluded_lines": 0, "num_branches": 8, "num_partial_branches": 0, "covered_branches": 0, "missing_branches": 8}, "missing_lines": [41, 42, 46, 49, 50, 51, 52, 54, 60, 61, 65, 69, 73, 74, 75, 76, 80, 83, 96, 97, 98, 99, 100, 101, 102, 103, 105], "excluded_lines": [], "executed_branches": [], "missing_branches": [[74, 75], [74, 76], [96, 97], [96, 105], [98, 96], [98, 99], [100, 96], [100, 101]]}, "": {"executed_lines": [1, 3, 4, 6, 7, 14, 22, 23, 25, 26, 27, 28, 29, 34, 35, 40, 44, 58, 63, 67, 71, 78, 112], "summary": {"covered_lines": 20, "num_statements": 20, "percent_covered": 100.0, "percent_covered_display": "100", "missing_lines": 0, "excluded_lines": 0, "num_branches": 0, "num_partial_branches": 0, "covered_branches": 0, "missing_branches": 0}, "missing_lines": [], "excluded_lines": [], "executed_branches": [], "missing_branches": []}}}, "src/agents/ui_cache.py": {"executed_lines": [1, 3, 4, 7, 8, 14, 24, 28, 32, 36, 37, 42], "summary": {"covered_lines": 10, "num_statements": 15, "percent_covered": 66.66666666666667, "percent_covered_display": "67", "missing_lines": 5, "excluded_lines": 0, "num_branches": 0, "num_partial_branches": 0, "covered_branches": 0, "missing_branches": 0}, "missing_lines": [22, 26, 30, 34, 39], "excluded_lines": [], "executed_branches": [], "missing_branches": [], "functions": {"UICache.__init__": {"executed_lines": [], "summary": {"covered_lines": 0, "num_statements": 1, "percent_covered": 0.0, "percent_covered_display": "0", "missing_lines": 1, "excluded_lines": 0, "num_branches": 0, "num_partial_branches": 0, "covered_branches": 0, "missing_branches": 0}, "missing_lines": [22], "excluded_lines": [], "executed_branches": [], "missing_branches": []}, "UICache.get": {"executed_lines": [], "summary": {"covered_lines": 0, "num_statements": 1, "percent_covered": 0.0, "percent_covered_display": "0", "missing_lines": 1, "excluded_lines": 0, "num_branches": 0, "num_partial_branches": 0, "covered_branches": 0, "missing_branches": 0}, "missing_lines": [26], "excluded_lines": [], "executed_branches": [], "missing_branches": []}, "UICache.set": {"executed_lines": [], "summary": {"covered_lines": 0, "num_statements": 1, "percent_covered": 0.0, "percent_covered_display": "0", "missing_lines": 1, "excluded_lines": 0, "num_branches": 0, "num_partial_branches": 0, "covered_branches": 0, "missing_branches": 0}, "missing_lines": [30], "excluded_lines": [], "executed_branches": [], "missing_branches": []}, "UICache.clear": {"executed_lines": [], "summary": {"covered_lines": 0, "num_statements": 1, "percent_covered": 0.0, "percent_covered_display": "0", "missing_lines": 1, "excluded_lines": 0, "num_branches": 0, "num_partial_branches": 0, "covered_branches": 0, "missing_branches": 0}, "missing_lines": [34], "excluded_lines": [], "executed_branches": [], "missing_branches": []}, "UICache.stats": {"executed_lines": [], "summary": {"covered_lines": 0, "num_statements": 1, "percent_covered": 0.0, "percent_covered_display": "0", "missing_lines": 1, "excluded_lines": 0, "num_branches": 0, "num_partial_branches": 0, "covered_branches": 0, "missing_branches": 0}, "missing_lines": [39], "excluded_lines": [], "executed_branches": [], "missing_branches": []}, "": {"executed_lines": [1, 3, 4, 7, 8, 14, 24, 28, 32, 36, 37, 42], "summary": {"covered_lines": 10, "num_statements": 10, "percent_covered": 100.0, "percent_covered_display": "100", "missing_lines": 0, "excluded_lines": 0, "num_branches": 0, "num_partial_branches": 0, "covered_branches": 0, "missing_branches": 0}, "missing_lines": [], "excluded_lines": [], "executed_branches": [], "missing_branches": []}}, "classes": {"UICache": {"executed_lines": [], "summary": {"covered_lines": 0, "num_statements": 5, "percent_covered": 0.0, "percent_covered_display": "0", "missing_lines": 5, "excluded_lines": 0, "num_branches": 0, "num_partial_branches": 0, "covered_branches": 0, "missing_branches": 0}, "missing_lines": [22, 26, 30, 34, 39], "excluded_lines": [], "executed_branches": [], "missing_branches": []}, "": {"executed_lines": [1, 3, 4, 7, 8, 14, 24, 28, 32, 36, 37, 42], "summary": {"covered_lines": 10, "num_statements": 10, "percent_covered": 100.0, "percent_covered_display": "100", "missing_lines": 0, "excluded_lines": 0, "num_branches": 0, "num_partial_branches": 0, "covered_branches": 0, "missing_branches": 0}, "missing_lines": [], "excluded_lines": [], "executed_branches": [], "missing_branches": []}}}, "src/agents/ui_generator.py": {"executed_lines": [1, 3, 4, 5, 7, 8, 9, 10, 11, 12, 13, 16, 19, 20, 22, 23, 33, 34, 43, 44, 49, 50, 57, 58, 66, 67, 69, 85, 90, 97, 122, 210, 246, 289, 320, 354, 389, 413, 425, 436, 442, 456], "summary": {"covered_lines": 39, "num_statements": 186, "percent_covered": 16.25, "percent_covered_display": "16", "missing_lines": 147, "excluded_lines": 0, "num_branches": 54, "num_partial_branches": 0, "covered_branches": 0, "missing_branches": 54}, "missing_lines": [26, 37, 45, 53, 61, 76, 77, 78, 79, 80, 81, 83, 88, 92, 93, 94, 95, 100, 101, 102, 103, 104, 105, 106, 107, 108, 111, 112, 113, 114, 115, 116, 117, 120, 124, 125, 127, 128, 129, 131, 132, 134, 137, 138, 139, 140, 142, 143, 144, 147, 148, 150, 151, 152, 153, 155, 158, 159, 160, 161, 164, 165, 168, 170, 171, 173, 174, 175, 177, 178, 181, 182, 185, 186, 188, 191, 192, 195, 197, 198, 200, 201, 202, 203, 205, 206, 208, 212, 215, 216, 217, 218, 219, 220, 221, 222, 223, 224, 225, 226, 227, 230, 231, 234, 235, 236, 237, 238, 239, 240, 241, 243, 244, 248, 291, 322, 356, 358, 391, 392, 410, 411, 415, 416, 417, 418, 419, 420, 423, 427, 428, 429, 430, 433, 434, 438, 439, 440, 444, 445, 446, 447, 448, 449, 450, 451, 452], "excluded_lines": [], "executed_branches": [], "missing_branches": [[92, 93], [92, 95], [93, 92], [93, 94], [100, 101], [100, 111], [102, 103], [102, 111], [105, 106], [105, 107], [111, 112], [111, 120], [124, 125], [124, 127], [128, 129], [128, 131], [142, 143], [142, 164], [147, 148], [147, 153], [153, 155], [153, 158], [158, 142], [158, 159], [164, 165], [164, 168], [171, 173], [171, 181], [174, 175], [174, 177], [177, 178], [177, 181], [181, 182], [181, 185], [185, 186], [185, 188], [205, 206], [205, 208], [216, 217], [216, 219], [219, 220], [219, 222], [222, 223], [222, 225], [230, 231], [230, 234], [237, 238], [237, 239], [444, 445], [444, 446], [447, 448], [447, 452], [449, 447], [449, 450]], "functions": {"Templates.button": {"executed_lines": [], "summary": {"covered_lines": 0, "num_statements": 1, "percent_covered": 0.0, "percent_covered_display": "0", "missing_lines": 1, "excluded_lines": 0, "num_branches": 0, "num_partial_branches": 0, "covered_branches": 0, "missing_branches": 0}, "missing_lines": [26], "excluded_lines": [], "executed_branches": [], "missing_branches": []}, "Templates.input": {"executed_lines": [], "summary": {"covered_lines": 0, "num_statements": 1, "percent_covered": 0.0, "percent_covered_display": "0", "missing_lines": 1, "excluded_lines": 0, "num_branches": 0, "num_partial_branches": 0, "covered_branches": 0, "missing_branches": 0}, "missing_lines": [37], "excluded_lines": [], "executed_branches": [], "missing_branches": []}, "Templates.text": {"executed_lines": [], "summary": {"covered_lines": 0, "num_statements": 1, "percent_covered": 0.0, "percent_covered_display": "0", "missing_lines": 1, "excluded_lines": 0, "num_branches": 0, "num_partial_branches": 0, "covered_branches": 0, "missing_branches": 0}, "missing_lines": [45], "excluded_lines": [], "executed_branches": [], "missing_branches": []}, "Templates.container": {"executed_lines": [], "summary": {"covered_lines": 0, "num_statements": 1, "percent_covered": 0.0, "percent_covered_display": "0", "missing_lines": 1, "excluded_lines": 0, "num_branches": 0, "num_partial_branches": 0, "covered_branches": 0, "missing_branches": 0}, "missing_lines": [53], "excluded_lines": [], "executed_branches": [], "missing_branches": []}, "Templates.grid": {"executed_lines": [], "summary": {"covered_lines": 0, "num_statements": 1, "percent_covered": 0.0, "percent_covered_display": "0", "missing_lines": 1, "excluded_lines": 0, "num_branches": 0, "num_partial_branches": 0, "covered_branches": 0, "missing_branches": 0}, "missing_lines": [61], "excluded_lines": [], "executed_branches": [], "missing_branches": []}, "UIGenerator.__init__": {"executed_lines": [], "summary": {"covered_lines": 0, "num_statements": 7, "percent_covered": 0.0, "percent_covered_display": "0", "missing_lines": 7, "excluded_lines": 0, "num_branches": 0, "num_partial_branches": 0, "covered_branches": 0, "missing_branches": 0}, "missing_lines": [76, 77, 78, 79, 80, 81, 83], "excluded_lines": [], "executed_branches": [], "missing_branches": []}, "UIGenerator.generate": {"executed_lines": [], "summary": {"covered_lines": 0, "num_statements": 1, "percent_covered": 0.0, "percent_covered_display": "0", "missing_lines": 1, "excluded_lines": 0, "num_branches": 0, "num_partial_branches": 0, "covered_branches": 0, "missing_branches": 0}, "missing_lines": [88], "excluded_lines": [], "executed_branches": [], "missing_branches": []}, "UIGenerator.generate_ui": {"executed_lines": [], "summary": {"covered_lines": 0, "num_statements": 4, "percent_covered": 0.0, "percent_covered_display": "0", "missing_lines": 4, "excluded_lines": 0, "num_branches": 4, "num_partial_branches": 0, "covered_branches": 0, "missing_branches": 4}, "missing_lines": [92, 93, 94, 95], "excluded_lines": [], "executed_branches": [], "missing_branches": [[92, 93], [92, 95], [93, 92], [93, 94]]}, "UIGenerator.generate_ui_stream": {"executed_lines": [], "summary": {"covered_lines": 0, "num_statements": 17, "percent_covered": 0.0, "percent_covered_display": "0", "missing_lines": 17, "excluded_lines": 0, "num_branches": 8, "num_partial_branches": 0, "covered_branches": 0, "missing_branches": 8}, "missing_lines": [100, 101, 102, 103, 104, 105, 106, 107, 108, 111, 112, 113, 114, 115, 116, 117, 120], "excluded_lines": [], "executed_branches": [], "missing_branches": [[100, 101], [100, 111], [102, 103], [102, 111], [105, 106], [105, 107], [111, 112], [111, 120]]}, "UIGenerator._generate_llm": {"executed_lines": [], "summary": {"covered_lines": 0, "num_statements": 53, "percent_covered": 0.0, "percent_covered_display": "0", "missing_lines": 53, "excluded_lines": 0, "num_branches": 26, "num_partial_branches": 0, "covered_branches": 0, "missing_branches": 26}, "missing_lines": [124, 125, 127, 128, 129, 131, 132, 134, 137, 138, 139, 140, 142, 143, 144, 147, 148, 150, 151, 152, 153, 155, 158, 159, 160, 161, 164, 165, 168, 170, 171, 173, 174, 175, 177, 178, 181, 182, 185, 186, 188, 191, 192, 195, 197, 198, 200, 201, 202, 203, 205, 206, 208], "excluded_lines": [], "executed_branches": [], "missing_branches": [[124, 125], [124, 127], [128, 129], [128, 131], [142, 143], [142, 164], [147, 148], [147, 153], [153, 155], [153, 158], [158, 142], [158, 159], [164, 165], [164, 168], [171, 173], [171, 181], [174, 175], [174, 177], [177, 178], [177, 181], [181, 182], [181, 185], [185, 186], [185, 188], [205, 206], [205, 208]]}, "UIGenerator._generate_rules": {"executed_lines": [], "summary": {"covered_lines": 0, "num_statements": 26, "percent_covered": 0.0, "percent_covered_display": "0", "missing_lines": 26, "excluded_lines": 0, "num_branches": 10, "num_partial_branches": 0, "covered_branches": 0, "missing_branches": 10}, "missing_lines": [212, 215, 216, 217, 218, 219, 220, 221, 222, 223, 224, 225, 226, 227, 230, 231, 234, 235, 236, 237, 238, 239, 240, 241, 243, 244], "excluded_lines": [], "executed_branches": [], "missing_branches": [[216, 217], [216, 219], [219, 220], [219, 222], [222, 223], [222, 225], [230, 231], [230, 234], [237, 238], [237, 239]]}, "UIGenerator._build_calculator_blueprint": {"executed_lines": [], "summary": {"covered_lines": 0, "num_statements": 1, "percent_covered": 0.0, "percent_covered_display": "0", "missing_lines": 1, "excluded_lines": 0, "num_branches": 0, "num_partial_branches": 0, "covered_branches": 0, "missing_branches": 0}, "missing_lines": [248], "excluded_lines": [], "executed_branches": [], "missing_branches": []}, "UIGenerator._build_counter_blueprint": {"executed_lines": [], "summary": {"covered_lines": 0, "num_statements": 1, "percent_covered": 0.0, "percent_covered_display": "0", "missing_lines": 1, "excluded_lines": 0, "num_branches": 0, "num_partial_branches": 0, "covered_branches": 0, "missing_branches": 0}, "missing_lines": [291], "excluded_lines": [], "executed_branches": [], "missing_branches": []}, "UIGenerator._build_todo_blueprint": {"executed_lines": [], "summary": {"covered_lines": 0, "num_statements": 1, "percent_covered": 0.0, "percent_covered_display": "0", "missing_lines": 1, "excluded_lines": 0, "num_branches": 0, "num_partial_branches": 0, "covered_branches": 0, "missing_branches": 0}, "missing_lines": [322], "excluded_lines": [], "executed_branches": [], "missing_branches": []}, "UIGenerator._build_placeholder_blueprint": {"executed_lines": [], "summary": {"covered_lines": 0, "num_statements": 2, "percent_covered": 0.0, "percent_covered_display": "0", "missing_lines": 2, "excluded_lines": 0, "num_branches": 0, "num_partial_branches": 0, "covered_branches": 0, "missing_branches": 0}, "missing_lines": [356, 358], "excluded_lines": [], "executed_branches": [], "missing_branches": []}, "UIGenerator._build_calculator": {"executed_lines": [], "summary": {"covered_lines": 0, "num_statements": 4, "percent_covered": 0.0, "percent_covered_display": "0", "missing_lines": 4, "excluded_lines": 0, "num_branches": 0, "num_partial_branches": 0, "covered_branches": 0, "missing_branches": 0}, "missing_lines": [391, 392, 410, 411], "excluded_lines": [], "executed_branches": [], "missing_branches": []}, "UIGenerator._build_counter": {"executed_lines": [], "summary": {"covered_lines": 0, "num_statements": 7, "percent_covered": 0.0, "percent_covered_display": "0", "missing_lines": 7, "excluded_lines": 0, "num_branches": 0, "num_partial_branches": 0, "covered_branches": 0, "missing_branches": 0}, "missing_lines": [415, 416, 417, 418, 419, 420, 423], "excluded_lines": [], "executed_branches": [], "missing_branches": []}, "UIGenerator._build_todo": {"executed_lines": [], "summary": {"covered_lines": 0, "num_statements": 6, "percent_covered": 0.0, "percent_covered_display": "0", "missing_lines": 6, "excluded_lines": 0, "num_branches": 0, "num_partial_branches": 0, "covered_branches": 0, "missing_branches": 0}, "missing_lines": [427, 428, 429, 430, 433, 434], "excluded_lines": [], "executed_branches": [], "missing_branches": []}, "UIGenerator._build_placeholder": {"executed_lines": [], "summary": {"covered_lines": 0, "num_statements": 3, "percent_covered": 0.0, "percent_covered_display": "0", "missing_lines": 3, "excluded_lines": 0, "num_branches": 0, "num_partial_branches": 0, "covered_branches": 0, "missing_branches": 0}, "missing_lines": [438, 439, 440], "excluded_lines": [], "executed_branches": [], "missing_branches": []}, "UIGenerator._format_backend_services": {"executed_lines": [], "summary": {"covered_lines": 0, "num_statements": 9, "percent_covered": 0.0, "percent_covered_display": "0", "missing_lines": 9, "excluded_lines": 0, "num_branches": 6, "num_partial_branches": 0, "covered_branches": 0, "missing_branches": 6}, "missing_lines": [444, 445, 446, 447, 448, 449, 450, 451, 452], "excluded_lines": [], "executed_branches": [], "missing_branches": [[444, 445], [444, 446], [447, 448], [447, 452], [449, 447], [449, 450]]}, "": {"executed_lines": [1, 3, 4, 5, 7, 8, 9, 10, 11, 12, 13, 16, 19, 20, 22, 23, 33, 34, 43, 44, 49, 50, 57, 58, 66, 67, 69, 85, 90, 97, 122, 210, 246, 289, 320, 354, 389, 413, 425, 436, 442, 456], "summary": {"covered_lines": 39, "num_statements": 39, "percent_covered": 100.0, "percent_covered_display": "100", "missing_lines": 0, "excluded_lines": 0, "num_branches": 0, "num_partial_branches": 0, "covered_branches": 0, "missing_branches": 0}, "missing_lines": [], "excluded_lines": [], "executed_branches": [], "missing_branches": []}}, "classes": {"Templates": {"executed_lines": [], "summary": {"covered_lines": 0, "num_statements": 5, "percent_covered": 0.0, "percent_covered_display": "0", "missing_lines": 5, "excluded_lines": 0, "num_branches": 0, "num_partial_branches": 0, "covered_branches": 0, "missing_branches": 0}, "missing_lines": [26, 37, 45, 53, 61], "excluded_lines": [], "executed_branches": [], "missing_branches": []}, "UIGenerator": {"executed_lines": [], "summary": {"covered_lines": 0, "num_statements": 142, "percent_covered": 0.0, "percent_covered_display": "0", "missing_lines": 142, "excluded_lines": 0, "num_branches": 54, "num_partial_branches": 0, "covered_branches": 0, "missing_branches": 54}, "missing_lines": [76, 77, 78, 79, 80, 81, 83, 88, 92, 93, 94, 95, 100, 101, 102, 103, 104, 105, 106, 107, 108, 111, 112, 113, 114, 115, 116, 117, 120, 124, 125, 127, 128, 129, 131, 132, 134, 137, 138, 139, 140, 142, 143, 144, 147, 148, 150, 151, 152, 153, 155, 158, 159, 160, 161, 164, 165, 168, 170, 171, 173, 174, 175, 177, 178, 181, 182, 185, 186, 188, 191, 192, 195, 197, 198, 200, 201, 202, 203, 205, 206, 208, 212, 215, 216, 217, 218, 219, 220, 221, 222, 223, 224, 225, 226, 227, 230, 231, 234, 235, 236, 237, 238, 239, 240, 241, 243, 244, 248, 291, 322, 356, 358, 391, 392, 410, 411, 415, 416, 417, 418, 419, 420, 423, 427, 428, 429, 430, 433, 434, 438, 439, 440, 444, 445, 446, 447, 448, 449, 450, 451, 452], "excluded_lines": [], "executed_branches": [], "missing_branches": [[92, 93], [92, 95], [93, 92], [93, 94], [100, 101], [100, 111], [102, 103], [102, 111], [105, 106], [105, 107], [111, 112], [111, 120], [124, 125], [124, 127], [128, 129], [128, 131], [142, 143], [142, 164], [147, 148], [147, 153], [153, 155], [153, 158], [158, 142], [158, 159], [164, 165], [164, 168], [171, 173], [171, 181], [174, 175], [174, 177], [177, 178], [177, 181], [181, 182], [181, 185], [185, 186], [185, 188], [205, 206], [205, 208], [216, 217], [216, 219], [219, 220], [219, 222], [222, 223], [222, 225], [230, 231], [230, 234], [237, 238], [237, 239], [444, 445], [444, 446], [447, 448], [447, 452], [449, 447], [449, 450]]}, "": {"executed_lines": [1, 3, 4, 5, 7, 8, 9, 10, 11, 12, 13, 16, 19, 20, 22, 23, 33, 34, 43, 44, 49, 50, 57, 58, 66, 67, 69, 85, 90, 97, 122, 210, 246, 289, 320, 354, 389, 413, 425, 436, 442, 456], "summary": {"covered_lines": 39, "num_statements": 39, "percent_covered": 100.0, "percent_covered_display": "100", "missing_lines": 0, "excluded_lines": 0, "num_branches": 0, "num_partial_branches": 0, "covered_branches": 0, "missing_branches": 0}, "missing_lines": [], "excluded_lines": [], "executed_branches": [], "missing_branches": []}}}, "src/ai_pb2.py": {"executed_lines": [], "summary": {"covered_lines": 0, "num_statements": 39, "percent_covered": 0.0, "percent_covered_display": "0", "missing_lines": 39, "excluded_lines": 0, "num_branches": 2, "num_partial_branches": 0, "covered_branches": 0, "missing_branches": 2}, "missing_lines": [7, 8, 9, 10, 11, 12, 22, 27, 29, 30, 31, 32, 33, 34, 35, 36, 37, 38, 39, 40, 41, 42, 43, 44, 45, 46, 47, 48, 49, 50, 51, 52, 53, 54, 55, 56, 57, 58, 59], "excluded_lines": [], "executed_branches": [], "missing_branches": [[32, -1], [32, 33]], "functions": {"": {"executed_lines": [], "summary": {"covered_lines": 0, "num_statements": 39, "percent_covered": 0.0, "percent_covered_display": "0", "missing_lines": 39, "excluded_lines": 0, "num_branches": 2, "num_partial_branches": 0, "covered_branches": 0, "missing_branches": 2}, "missing_lines": [7, 8, 9, 10, 11, 12, 22, 27, 29, 30, 31, 32, 33, 34, 35, 36, 37, 38, 39, 40, 41, 42, 43, 44, 45, 46, 47, 48, 49, 50, 51, 52, 53, 54, 55, 56, 57, 58, 59], "excluded_lines": [], "executed_branches": [], "missing_branches": [[32, -1], [32, 33]]}}, "classes": {"": {"executed_lines": [], "summary": {"covered_lines": 0, "num_statements": 39, "percent_covered": 0.0, "percent_covered_display": "0", "missing_lines": 39, "excluded_lines": 0, "num_branches": 2, "num_partial_branches": 0, "covered_branches": 0, "missing_branches": 2}, "missing_lines": [7, 8, 9, 10, 11, 12, 22, 27, 29, 30, 31, 32, 33, 34, 35, 36, 37, 38, 39, 40, 41, 42, 43, 44, 45, 46, 47, 48, 49, 50, 51, 52, 53, 54, 55, 56, 57, 58, 59], "excluded_lines": [], "executed_branches": [], "missing_branches": [[32, -1], [32, 33]]}}}, "src/ai_pb2_grpc.py": {"executed_lines": [], "summary": {"covered_lines": 0, "num_statements": 46, "percent_covered": 0.0, "percent_covered_display": "0", "missing_lines": 46, "excluded_lines": 0, "num_branches": 2, "num_partial_branches": 0, "covered_branches": 0, "missing_branches": 2}, "missing_lines": [3, 4, 6, 8, 9, 10, 12, 13, 14, 15, 16, 18, 19, 28, 32, 38, 43, 48, 55, 59, 62, 63, 64, 66, 69, 70, 71, 73, 76, 77, 78, 81, 82, 99, 101, 102, 106, 110, 111, 121, 137, 138, 148, 164, 165, 175], "excluded_lines": [], "executed_branches": [], "missing_branches": [[18, 19], [18, 28]], "functions": {"AIServiceStub.__init__": {"executed_lines": [], "summary": {"covered_lines": 0, "num_statements": 3, "percent_covered": 0.0, "percent_covered_display": "0", "missing_lines": 3, "excluded_lines": 0, "num_branches": 0, "num_partial_branches": 0, "covered_branches": 0, "missing_branches": 0}, "missing_lines": [38, 43, 48], "excluded_lines": [], "executed_branches": [], "missing_branches": []}, "AIServiceServicer.GenerateUI": {"executed_lines": [], "summary": {"covered_lines": 0, "num_statements": 3, "percent_covered": 0.0, "percent_covered_display": "0", "missing_lines": 3, "excluded_lines": 0, "num_branches": 0, "num_partial_branches": 0, "covered_branches": 0, "missing_branches": 0}, "missing_lines": [62, 63, 64], "excluded_lines": [], "executed_branches": [], "missing_branches": []}, "AIServiceServicer.StreamChat": {"executed_lines": [], "summary": {"covered_lines": 0, "num_statements": 3, "percent_covered": 0.0, "percent_covered_display": "0", "missing_lines": 3, "excluded_lines": 0, "num_branches": 0, "num_partial_branches": 0, "covered_branches": 0, "missing_branches": 0}, "missing_lines": [69, 70, 71], "excluded_lines": [], "executed_branches": [], "missing_branches": []}, "AIServiceServicer.StreamUI": {"executed_lines": [], "summary": {"covered_lines": 0, "num_statements": 3, "percent_covered": 0.0, "percent_covered_display": "0", "missing_lines": 3, "excluded_lines": 0, "num_branches": 0, "num_partial_branches": 0, "covered_branches": 0, "missing_branches": 0}, "missing_lines": [76, 77, 78], "excluded_lines": [], "executed_branches": [], "missing_branches": []}, "add_AIServiceServicer_to_server": {"executed_lines": [], "summary": {"covered_lines": 0, "num_statements": 4, "percent_covered": 0.0, "percent_covered_display": "0", "missing_lines": 4, "excluded_lines": 0, "num_branches": 0, "num_partial_branches": 0, "covered_branches": 0, "missing_branches": 0}, "missing_lines": [82, 99, 101, 102], "excluded_lines": [], "executed_branches": [], "missing_branches": []}, "AIService.GenerateUI": {"executed_lines": [], "summary": {"covered_lines": 0, "num_statements": 1, "percent_covered": 0.0, "percent_covered_display": "0", "missing_lines": 1, "excluded_lines": 0, "num_branches": 0, "num_partial_branches": 0, "covered_branches": 0, "missing_branches": 0}, "missing_lines": [121], "excluded_lines": [], "executed_branches": [], "missing_branches": []}, "AIService.StreamChat": {"executed_lines": [], "summary": {"covered_lines": 0, "num_statements": 1, "percent_covered": 0.0, "percent_covered_display": "0", "missing_lines": 1, "excluded_lines": 0, "num_branches": 0, "num_partial_branches": 0, "covered_branches": 0, "missing_branches": 0}, "missing_lines": [148], "excluded_lines": [], "executed_branches": [], "missing_branches": []}, "AIService.StreamUI": {"executed_lines": [], "summary": {"covered_lines": 0, "num_statements": 1, "percent_covered": 0.0, "percent_covered_display": "0", "missing_lines": 1, "excluded_lines": 0, "num_branches": 0, "num_partial_branches": 0, "covered_branches": 0, "missing_branches": 0}, "missing_lines": [175], "excluded_lines": [], "executed_branches": [], "missing_branches": []}, "": {"executed_lines": [], "summary": {"covered_lines": 0, "num_statements": 27, "percent_covered": 0.0, "percent_covered_display": "0", "missing_lines": 27, "excluded_lines": 0, "num_branches": 2, "num_partial_branches": 0, "covered_branches": 0, "missing_branches": 2}, "missing_lines": [3, 4, 6, 8, 9, 10, 12, 13, 14, 15, 16, 18, 19, 28, 32, 55, 59, 66, 73, 81, 106, 110, 111, 137, 138, 164, 165], "excluded_lines": [], "executed_branches": [], "missing_branches": [[18, 19], [18, 28]]}}, "classes": {"AIServiceStub": {"executed_lines": [], "summary": {"covered_lines": 0, "num_statements": 3, "percent_covered": 0.0, "percent_covered_display": "0", "missing_lines": 3, "excluded_lines": 0, "num_branches": 0, "num_partial_branches": 0, "covered_branches": 0, "missing_branches": 0}, "missing_lines": [38, 43, 48], "excluded_lines": [], "executed_branches": [], "missing_branches": []}, "AIServiceServicer": {"executed_lines": [], "summary": {"covered_lines": 0, "num_statements": 9, "percent_covered": 0.0, "percent_covered_display": "0", "missing_lines": 9, "excluded_lines": 0, "num_branches": 0, "num_partial_branches": 0, "covered_branches": 0, "missing_branches": 0}, "missing_lines": [62, 63, 64, 69, 70, 71, 76, 77, 78], "excluded_lines": [], "executed_branches": [], "missing_branches": []}, "AIService": {"executed_lines": [], "summary": {"covered_lines": 0, "num_statements": 3, "percent_covered": 0.0, "percent_covered_display": "0", "missing_lines": 3, "excluded_lines": 0, "num_branches": 0, "num_partial_branches": 0, "covered_branches": 0, "missing_branches": 0}, "missing_lines": [121, 148, 175], "excluded_lines": [], "executed_branches": [], "missing_branches": []}, "": {"executed_lines": [], "summary": {"covered_lines": 0, "num_statements": 31, "percent_covered": 0.0, "percent_covered_display": "0", "missing_lines": 31, "excluded_lines": 0, "num_branches": 2, "num_partial_branches": 0, "covered_branches": 0, "missing_branches": 2}, "missing_lines": [3, 4, 6, 8, 9, 10, 12, 13, 14, 15, 16, 18, 19, 28, 32, 55, 59, 66, 73, 81, 82, 99, 101, 102, 106, 110, 111, 137, 138, 164, 165], "excluded_lines": [], "executed_branches": [], "missing_branches": [[18, 19], [18, 28]]}}}, "src/blueprint/__init__.py": {"executed_lines": [1, 6, 8], "summary": {"covered_lines": 2, "num_statements": 2, "percent_covered": 100.0, "percent_covered_display": "100", "missing_lines": 0, "excluded_lines": 0, "num_branches": 0, "num_partial_branches": 0, "covered_branches": 0, "missing_branches": 0}, "missing_lines": [], "excluded_lines": [], "executed_branches": [], "missing_branches": [], "functions": {"": {"executed_lines": [1, 6, 8], "summary": {"covered_lines": 2, "num_statements": 2, "percent_covered": 100.0, "percent_covered_display": "100", "missing_lines": 0, "excluded_lines": 0, "num_branches": 0, "num_partial_branches": 0, "covered_branches": 0, "missing_branches": 0}, "missing_lines": [], "excluded_lines": [], "executed_branches": [], "missing_branches": []}}, "classes": {"": {"executed_lines": [1, 6, 8], "summary": {"covered_lines": 2, "num_statements": 2, "percent_covered": 100.0, "percent_covered_display": "100", "missing_lines": 0, "excluded_lines": 0, "num_branches": 0, "num_partial_branches": 0, "covered_branches": 0, "missing_branches": 0}, "missing_lines": [], "excluded_lines": [], "executed_branches": [], "missing_branches": []}}}, "src/blueprint/parser.py": {"executed_lines": [1, 3, 4, 6, 7, 9, 12, 13, 15, 19, 80, 126, 139, 161, 171, 230, 274], "summary": {"covered_lines": 15, "num_statements": 134, "percent_covered": 7.211538461538462, "percent_covered_display": "7", "missing_lines": 119, "excluded_lines": 0, "num_branches": 74, "num_partial_branches": 0, "covered_branches": 0, "missing_branches": 74}, "missing_lines": [16, 17, 30, 33, 34, 35, 36, 37, 39, 40, 41, 43, 44, 45, 47, 50, 51, 52, 53, 54, 55, 58, 61, 63, 92, 94, 95, 97, 98, 100, 101, 103, 104, 106, 107, 109, 110, 111, 113, 122, 124, 128, 129, 131, 147, 148, 150, 151, 152, 153, 154, 155, 157, 159, 163, 165, 166, 167, 169, 182, 183, 184, 185, 188, 190, 192, 195, 196, 197, 200, 201, 202, 203, 204, 207, 208, 209, 211, 212, 213, 214, 215, 217, 220, 221, 222, 223, 224, 226, 228, 235, 236, 237, 238, 239, 241, 242, 243, 246, 247, 248, 249, 250, 251, 252, 253, 254, 255, 258, 259, 260, 263, 265, 266, 268, 269, 271, 284, 285], "excluded_lines": [], "executed_branches": [], "missing_branches": [[39, 40], [39, 43], [43, 44], [43, 47], [50, 51], [50, 53], [53, 54], [53, 58], [94, 95], [94, 124], [95, 97], [95, 98], [98, 94], [98, 100], [100, 94], [100, 101], [101, 103], [101, 104], [104, 106], [104, 107], [107, 109], [107, 122], [110, 111], [110, 113], [128, 129], [128, 131], [147, 148], [147, 150], [151, 152], [151, 159], [152, 153], [152, 154], [154, 155], [154, 157], [165, 166], [165, 169], [166, 165], [166, 167], [182, 183], [182, 188], [188, 190], [188, 228], [190, 192], [190, 195], [195, 196], [195, 228], [196, 197], [196, 200], [203, 204], [203, 207], [211, 212], [211, 220], [212, 213], [212, 214], [214, 215], [214, 217], [221, 222], [221, 223], [223, 224], [223, 226], [237, 238], [237, 241], [246, 247], [246, 249], [249, 250], [249, 252], [252, 253], [252, 258], [259, 260], [259, 263], [265, 266], [265, 268], [268, 269], [268, 271]], "functions": {"BlueprintParser.__init__": {"executed_lines": [], "summary": {"covered_lines": 0, "num_statements": 2, "percent_covered": 0.0, "percent_covered_display": "0", "missing_lines": 2, "excluded_lines": 0, "num_branches": 0, "num_partial_branches": 0, "covered_branches": 0, "missing_branches": 0}, "missing_lines": [16, 17], "excluded_lines": [], "executed_branches": [], "missing_branches": []}, "BlueprintParser.parse": {"executed_lines": [], "summary": {"covered_lines": 0, "num_statements": 22, "percent_covered": 0.0, "percent_covered_display": "0", "missing_lines": 22, "excluded_lines": 0, "num_branches": 8, "num_partial_branches": 0, "covered_branches": 0, "missing_branches": 8}, "missing_lines": [30, 33, 34, 35, 36, 37, 39, 40, 41, 43, 44, 45, 47, 50, 51, 52, 53, 54, 55, 58, 61, 63], "excluded_lines": [], "executed_branches": [], "missing_branches": [[39, 40], [39, 43], [43, 44], [43, 47], [50, 51], [50, 53], [53, 54], [53, 58]]}, "BlueprintParser._expand_services": {"executed_lines": [], "summary": {"covered_lines": 0, "num_statements": 17, "percent_covered": 0.0, "percent_covered_display": "0", "missing_lines": 17, "excluded_lines": 0, "num_branches": 16, "num_partial_branches": 0, "covered_branches": 0, "missing_branches": 16}, "missing_lines": [92, 94, 95, 97, 98, 100, 101, 103, 104, 106, 107, 109, 110, 111, 113, 122, 124], "excluded_lines": [], "executed_branches": [], "missing_branches": [[94, 95], [94, 124], [95, 97], [95, 98], [98, 94], [98, 100], [100, 94], [100, 101], [101, 103], [101, 104], [104, 106], [104, 107], [107, 109], [107, 122], [110, 111], [110, 113]]}, "BlueprintParser._expand_ui": {"executed_lines": [], "summary": {"covered_lines": 0, "num_statements": 3, "percent_covered": 0.0, "percent_covered_display": "0", "missing_lines": 3, "excluded_lines": 0, "num_branches": 2, "num_partial_branches": 0, "covered_branches": 0, "missing_branches": 2}, "missing_lines": [128, 129, 131], "excluded_lines": [], "executed_branches": [], "missing_branches": [[128, 129], [128, 131]]}, "BlueprintParser._expand_lifecycle": {"executed_lines": [], "summary": {"covered_lines": 0, "num_statements": 10, "percent_covered": 0.0, "percent_covered_display": "0", "missing_lines": 10, "excluded_lines": 0, "num_branches": 8, "num_partial_branches": 0, "covered_branches": 0, "missing_branches": 8}, "missing_lines": [147, 148, 150, 151, 152, 153, 154, 155, 157, 159], "excluded_lines": [], "executed_branches": [], "missing_branches": [[147, 148], [147, 150], [151, 152], [151, 159], [152, 153], [152, 154], [154, 155], [154, 157]]}, "BlueprintParser._expand_components": {"executed_lines": [], "summary": {"covered_lines": 0, "num_statements": 5, "percent_covered": 0.0, "percent_covered_display": "0", "missing_lines": 5, "excluded_lines": 0, "num_branches": 4, "num_partial_branches": 0, "covered_branches": 0, "missing_branches": 4}, "missing_lines": [163, 165, 166, 167, 169], "excluded_lines": [], "executed_branches": [], "missing_branches": [[165, 166], [165, 169], [166, 165], [166, 167]]}, "BlueprintParser._expand_component": {"executed_lines": [], "summary": {"covered_lines": 0, "num_statements": 31, "percent_covered": 0.0, "percent_covered_display": "0", "missing_lines": 31, "excluded_lines": 0, "num_branches": 22, "num_partial_branches": 0, "covered_branches": 0, "missing_branches": 22}, "missing_lines": [182, 183, 184, 185, 188, 190, 192, 195, 196, 197, 200, 201, 202, 203, 204, 207, 208, 209, 211, 212, 213, 214, 215, 217, 220, 221, 222, 223, 224, 226, 228], "excluded_lines": [], "executed_branches": [], "missing_branches": [[182, 183], [182, 188], [188, 190], [188, 228], [190, 192], [190, 195], [195, 196], [195, 228], [196, 197], [196, 200], [203, 204], [203, 207], [211, 212], [211, 220], [212, 213], [212, 214], [214, 215], [214, 217], [221, 222], [221, 223], [223, 224], [223, 226]]}, "BlueprintParser._expand_explicit_component": {"executed_lines": [], "summary": {"covered_lines": 0, "num_statements": 27, "percent_covered": 0.0, "percent_covered_display": "0", "missing_lines": 27, "excluded_lines": 0, "num_branches": 14, "num_partial_branches": 0, "covered_branches": 0, "missing_branches": 14}, "missing_lines": [235, 236, 237, 238, 239, 241, 242, 243, 246, 247, 248, 249, 250, 251, 252, 253, 254, 255, 258, 259, 260, 263, 265, 266, 268, 269, 271], "excluded_lines": [], "executed_branches": [], "missing_branches": [[237, 238], [237, 241], [246, 247], [246, 249], [249, 250], [249, 252], [252, 253], [252, 258], [259, 260], [259, 263], [265, 266], [265, 268], [268, 269], [268, 271]]}, "parse_blueprint": {"executed_lines": [], "summary": {"covered_lines": 0, "num_statements": 2, "percent_covered": 0.0, "percent_covered_display": "0", "missing_lines": 2, "excluded_lines": 0, "num_branches": 0, "num_partial_branches": 0, "covered_branches": 0, "missing_branches": 0}, "missing_lines": [284, 285], "excluded_lines": [], "executed_branches": [], "missing_branches": []}, "": {"executed_lines": [1, 3, 4, 6, 7, 9, 12, 13, 15, 19, 80, 126, 139, 161, 171, 230, 274], "summary": {"covered_lines": 15, "num_statements": 15, "percent_covered": 100.0, "percent_covered_display": "100", "missing_lines": 0, "excluded_lines": 0, "num_branches": 0, "num_partial_branches": 0, "covered_branches": 0, "missing_branches": 0}, "missing_lines": [], "excluded_lines": [], "executed_branches": [], "missing_branches": []}}, "classes": {"BlueprintParser": {"executed_lines": [], "summary": {"covered_lines": 0, "num_statements": 117, "percent_covered": 0.0, "percent_covered_display": "0", "missing_lines": 117, "excluded_lines": 0, "num_branches": 74, "num_partial_branches": 0, "covered_branches": 0, "missing_branches": 74}, "missing_lines": [16, 17, 30, 33, 34, 35, 36, 37, 39, 40, 41, 43, 44, 45, 47, 50, 51, 52, 53, 54, 55, 58, 61, 63, 92, 94, 95, 97, 98, 100, 101, 103, 104, 106, 107, 109, 110, 111, 113, 122, 124, 128, 129, 131, 147, 148, 150, 151, 152, 153, 154, 155, 157, 159, 163, 165, 166, 167, 169, 182, 183, 184, 185, 188, 190, 192, 195, 196, 197, 200, 201, 202, 203, 204, 207, 208, 209, 211, 212, 213, 214, 215, 217, 220, 221, 222, 223, 224, 226, 228, 235, 236, 237, 238, 239, 241, 242, 243, 246, 247, 248, 249, 250, 251, 252, 253, 254, 255, 258, 259, 260, 263, 265, 266, 268, 269, 271], "excluded_lines": [], "executed_branches": [], "missing_branches": [[39, 40], [39, 43], [43, 44], [43, 47], [50, 51], [50, 53], [53, 54], [53, 58], [94, 95], [94, 124], [95, 97], [95, 98], [98, 94], [98, 100], [100, 94], [100, 101], [101, 103], [101, 104], [104, 106], [104, 107], [107, 109], [107, 122], [110, 111], [110, 113], [128, 129], [128, 131], [147, 148], [147, 150], [151, 152], [151, 159], [152, 153], [152, 154], [154, 155], [154, 157], [165, 166], [165, 169], [166, 165], [166, 167], [182, 183], [182, 188], [188, 190], [188, 228], [190, 192], [190, 195], [195, 196], [195, 228], [196, 197], [196, 200], [203, 204], [203, 207], [211, 212], [211, 220], [212, 213], [212, 214], [214, 215], [214, 217], [221, 222], [221, 223], [223, 224], [223, 226], [237, 238], [237, 241], [246, 247], [246, 249], [249, 250], [249, 252], [252, 253], [252, 258], [259, 260], [259, 263], [265, 266], [265, 268], [268, 269], [268, 271]]}, "": {"executed_lines": [1, 3, 4, 6, 7, 9, 12, 13, 15, 19, 80, 126, 139, 161, 171, 230, 274], "summary": {"covered_lines": 15, "num_statements": 17, "percent_covered": 88.23529411764706, "percent_covered_display": "88", "missing_lines": 2, "excluded_lines": 0, "num_branches": 0, "num_partial_branches": 0, "covered_branches": 0, "missing_branches": 0}, "missing_lines": [284, 285], "excluded_lines": [], "executed_branches": [], "missing_branches": []}}}, "src/clients/__init__.py": {"executed_lines": [1, 5], "summary": {"covered_lines": 1, "num_statements": 2, "percent_covered": 50.0, "percent_covered_display": "50", "missing_lines": 1, "excluded_lines": 0, "num_branches": 0, "num_partial_branches": 0, "covered_branches": 0, "missing_branches": 0}, "missing_lines": [7], "excluded_lines": [], "executed_branches": [], "missing_branches": [], "functions": {"": {"executed_lines": [1, 5], "summary": {"covered_lines": 1, "num_statements": 2, "percent_covered": 50.0, "percent_covered_display": "50", "missing_lines": 1, "excluded_lines": 0, "num_branches": 0, "num_partial_branches": 0, "covered_branches": 0, "missing_branches": 0}, "missing_lines": [7], "excluded_lines": [], "executed_branches": [], "missing_branches": []}}, "classes": {"": {"executed_lines": [1, 5], "summary": {"covered_lines": 1, "num_statements": 2, "percent_covered": 50.0, "percent_covered_display": "50", "missing_lines": 1, "excluded_lines": 0, "num_branches": 0, "num_partial_branches": 0, "covered_branches": 0, "missing_branches": 0}, "missing_lines": [7], "excluded_lines": [], "executed_branches": [], "missing_branches": []}}}, "src/clients/backend.py": {"executed_lines": [1, 3, 4, 5, 7, 9, 12, 13, 14, 16, 17, 18, 19, 22, 23, 24, 26, 27, 28, 29, 30, 33, 34, 35, 37, 38, 39, 40, 41, 42, 45, 46, 51, 73], "summary": {"covered_lines": 29, "num_statements": 154, "percent_covered": 16.477272727272727, "percent_covered_display": "16", "missing_lines": 125, "excluded_lines": 0, "num_branches": 22, "num_partial_branches": 0, "covered_branches": 0, "missing_branches": 22}, "missing_lines": [59, 60, 61, 64, 71, 77, 84, 94, 95, 96, 99, 100, 103, 106, 107, 108, 110, 113, 114, 115, 116, 117, 118, 119, 128, 138, 149, 150, 151, 153, 154, 155, 156, 157, 158, 159, 160, 161, 163, 173, 174, 176, 178, 179, 180, 181, 185, 186, 188, 190, 197, 199, 200, 201, 202, 208, 218, 219, 220, 221, 223, 224, 225, 226, 228, 229, 231, 232, 233, 234, 235, 236, 237, 238, 239, 241, 257, 258, 259, 260, 262, 263, 264, 265, 267, 268, 269, 271, 272, 273, 274, 275, 276, 277, 278, 279, 281, 295, 296, 297, 299, 300, 301, 302, 304, 305, 307, 308, 310, 312, 314, 315, 316, 317, 318, 319, 320, 321, 322, 324, 326, 328, 329, 331, 332], "excluded_lines": [], "executed_branches": [], "missing_branches": [[106, 107], [106, 110], [114, 115], [114, 149], [116, 117], [116, 138], [118, 119], [118, 128], [173, 174], [173, 176], [178, 179], [178, 188], [180, 178], [180, 181], [224, 225], [224, 228], [263, 264], [263, 267], [296, 297], [296, 299], [307, 308], [307, 310]], "functions": {"BackendClient.__init__": {"executed_lines": [], "summary": {"covered_lines": 0, "num_statements": 5, "percent_covered": 0.0, "percent_covered_display": "0", "missing_lines": 5, "excluded_lines": 0, "num_branches": 0, "num_partial_branches": 0, "covered_branches": 0, "missing_branches": 0}, "missing_lines": [59, 60, 61, 64, 71], "excluded_lines": [], "executed_branches": [], "missing_branches": []}, "BackendClient._on_breaker_state_change": {"executed_lines": [], "summary": {"covered_lines": 0, "num_statements": 1, "percent_covered": 0.0, "percent_covered_display": "0", "missing_lines": 1, "excluded_lines": 0, "num_branches": 0, "num_partial_branches": 0, "covered_branches": 0, "missing_branches": 0}, "missing_lines": [77], "excluded_lines": [], "executed_branches": [], "missing_branches": []}, "BackendClient.discover_services": {"executed_lines": [], "summary": {"covered_lines": 0, "num_statements": 31, "percent_covered": 0.0, "percent_covered_display": "0", "missing_lines": 31, "excluded_lines": 0, "num_branches": 8, "num_partial_branches": 0, "covered_branches": 0, "missing_branches": 8}, "missing_lines": [94, 95, 96, 99, 100, 103, 106, 107, 108, 110, 113, 114, 115, 116, 117, 118, 119, 128, 138, 149, 150, 151, 153, 154, 155, 156, 157, 158, 159, 160, 161], "excluded_lines": [], "executed_branches": [], "missing_branches": [[106, 107], [106, 110], [114, 115], [114, 149], [116, 117], [116, 138], [118, 119], [118, 128]]}, "BackendClient.get_tools_description": {"executed_lines": [], "summary": {"covered_lines": 0, "num_statements": 10, "percent_covered": 0.0, "percent_covered_display": "0", "missing_lines": 10, "excluded_lines": 0, "num_branches": 6, "num_partial_branches": 0, "covered_branches": 0, "missing_branches": 6}, "missing_lines": [173, 174, 176, 178, 179, 180, 181, 185, 186, 188], "excluded_lines": [], "executed_branches": [], "missing_branches": [[173, 174], [173, 176], [178, 179], [178, 188], [180, 178], [180, 181]]}, "BackendClient.health_check": {"executed_lines": [], "summary": {"covered_lines": 0, "num_statements": 5, "percent_covered": 0.0, "percent_covered_display": "0", "missing_lines": 5, "excluded_lines": 0, "num_branches": 0, "num_partial_branch
[...]
_tokens": {"executed_lines": [], "summary": {"covered_lines": 0, "num_statements": 2, "percent_covered": 0.0, "percent_covered_display": "0", "missing_lines": 2, "excluded_lines": 0, "num_branches": 0, "num_partial_branches": 0, "covered_branches": 0, "missing_branches": 0}, "missing_lines": [145, 146], "excluded_lines": [], "executed_branches": [], "missing_branches": []}, "MetricsCollector.record_llm_call": {"executed_lines": [], "summary": {"covered_lines": 0, "num_statements": 2, "percent_covered": 0.0, "percent_covered_display": "0", "missing_lines": 2, "excluded_lines": 0, "num_branches": 0, "num_partial_branches": 0, "covered_branches": 0, "missing_branches": 0}, "missing_lines": [150, 151], "excluded_lines": [], "executed_branches": [], "missing_branches": []}, "MetricsCollector.record_llm_tokens": {"executed_lines": [], "summary": {"covered_lines": 0, "num_statements": 2, "percent_covered": 0.0, "percent_covered_display": "0", "missing_lines": 2, "excluded_lines": 0, "num_branches": 0, "num_partial_branches": 0, "covered_branches": 0, "missing_branches": 0}, "missing_lines": [157, 158], "excluded_lines": [], "executed_branches": [], "missing_branches": []}, "MetricsCollector.record_cache_hit": {"executed_lines": [], "summary": {"covered_lines": 0, "num_statements": 1, "percent_covered": 0.0, "percent_covered_display": "0", "missing_lines": 1, "excluded_lines": 0, "num_branches": 0, "num_partial_branches": 0, "covered_branches": 0, "missing_branches": 0}, "missing_lines": [162], "excluded_lines": [], "executed_branches": [], "missing_branches": []}, "MetricsCollector.record_cache_miss": {"executed_lines": [], "summary": {"covered_lines": 0, "num_statements": 1, "percent_covered": 0.0, "percent_covered_display": "0", "missing_lines": 1, "excluded_lines": 0, "num_branches": 0, "num_partial_branches": 0, "covered_branches": 0, "missing_branches": 0}, "missing_lines": [166], "excluded_lines": [], "executed_branches": [], "missing_branches": []}, "MetricsCollector.set_cache_size": {"executed_lines": [], "summary": {"covered_lines": 0, "num_statements": 1, "percent_covered": 0.0, "percent_covered_display": "0", "missing_lines": 1, "excluded_lines": 0, "num_branches": 0, "num_partial_branches": 0, "covered_branches": 0, "missing_branches": 0}, "missing_lines": [170], "excluded_lines": [], "executed_branches": [], "missing_branches": []}, "MetricsCollector.record_grpc_request": {"executed_lines": [], "summary": {"covered_lines": 0, "num_statements": 2, "percent_covered": 0.0, "percent_covered_display": "0", "missing_lines": 2, "excluded_lines": 0, "num_branches": 0, "num_partial_branches": 0, "covered_branches": 0, "missing_branches": 0}, "missing_lines": [174, 175], "excluded_lines": [], "executed_branches": [], "missing_branches": []}, "MetricsCollector.record_stream_message": {"executed_lines": [], "summary": {"covered_lines": 0, "num_statements": 1, "percent_covered": 0.0, "percent_covered_display": "0", "missing_lines": 1, "excluded_lines": 0, "num_branches": 0, "num_partial_branches": 0, "covered_branches": 0, "missing_branches": 0}, "missing_lines": [179], "excluded_lines": [], "executed_branches": [], "missing_branches": []}, "MetricsCollector.record_stream_error": {"executed_lines": [], "summary": {"covered_lines": 0, "num_statements": 1, "percent_covered": 0.0, "percent_covered_display": "0", "missing_lines": 1, "excluded_lines": 0, "num_branches": 0, "num_partial_branches": 0, "covered_branches": 0, "missing_branches": 0}, "missing_lines": [183], "excluded_lines": [], "executed_branches": [], "missing_branches": []}, "MetricsCollector.record_error": {"executed_lines": [], "summary": {"covered_lines": 0, "num_statements": 1, "percent_covered": 0.0, "percent_covered_display": "0", "missing_lines": 1, "excluded_lines": 0, "num_branches": 0, "num_partial_branches": 0, "covered_branches": 0, "missing_branches": 0}, "missing_lines": [187], "excluded_lines": [], "executed_branches": [], "missing_branches": []}, "MetricsCollector.update_uptime": {"executed_lines": [], "summary": {"covered_lines": 0, "num_statements": 1, "percent_covered": 0.0, "percent_covered_display": "0", "missing_lines": 1, "excluded_lines": 0, "num_branches": 0, "num_partial_branches": 0, "covered_branches": 0, "missing_branches": 0}, "missing_lines": [191], "excluded_lines": [], "executed_branches": [], "missing_branches": []}, "MetricsCollector.measure_duration": {"executed_lines": [], "summary": {"covered_lines": 0, "num_statements": 5, "percent_covered": 0.0, "percent_covered_display": "0", "missing_lines": 5, "excluded_lines": 0, "num_branches": 0, "num_partial_branches": 0, "covered_branches": 0, "missing_branches": 0}, "missing_lines": [196, 197, 198, 200, 201], "excluded_lines": [], "executed_branches": [], "missing_branches": []}, "MetricsCollector.get_metrics": {"executed_lines": [], "summary": {"covered_lines": 0, "num_statements": 2, "percent_covered": 0.0, "percent_covered_display": "0", "missing_lines": 2, "excluded_lines": 0, "num_branches": 0, "num_partial_branches": 0, "covered_branches": 0, "missing_branches": 0}, "missing_lines": [205, 206], "excluded_lines": [], "executed_branches": [], "missing_branches": []}, "": {"executed_lines": [], "summary": {"covered_lines": 0, "num_statements": 24, "percent_covered": 0.0, "percent_covered_display": "0", "missing_lines": 24, "excluded_lines": 0, "num_branches": 0, "num_partial_branches": 0, "covered_branches": 0, "missing_branches": 0}, "missing_lines": [6, 7, 8, 10, 13, 18, 128, 133, 138, 143, 148, 153, 160, 164, 168, 172, 177, 181, 185, 189, 193, 194, 203, 210], "excluded_lines": [], "executed_branches": [], "missing_branches": []}}, "classes": {"MetricsCollector": {"executed_lines": [], "summary": {"covered_lines": 0, "num_statements": 47, "percent_covered": 0.0, "percent_covered_display": "0", "missing_lines": 47, "excluded_lines": 0, "num_branches": 0, "num_partial_branches": 0, "covered_branches": 0, "missing_branches": 0}, "missing_lines": [20, 25, 31, 38, 43, 48, 55, 60, 66, 73, 78, 83, 90, 95, 103, 108, 115, 122, 126, 130, 131, 135, 136, 140, 141, 145, 146, 150, 151, 157, 158, 162, 166, 170, 174, 175, 179, 183, 187, 191, 196, 197, 198, 200, 201, 205, 206], "excluded_lines": [], "executed_branches": [], "missing_branches": []}, "": {"executed_lines": [], "summary": {"covered_lines": 0, "num_statements": 24, "percent_covered": 0.0, "percent_covered_display": "0", "missing_lines": 24, "excluded_lines": 0, "num_branches": 0, "num_partial_branches": 0, "covered_branches": 0, "missing_branches": 0}, "missing_lines": [6, 7, 8, 10, 13, 18, 128, 133, 138, 143, 148, 153, 160, 164, 168, 172, 177, 181, 185, 189, 193, 194, 203, 210], "excluded_lines": [], "executed_branches": [], "missing_branches": []}}}, "src/monitoring/tracer.py": {"executed_lines": [], "summary": {"covered_lines": 0, "num_statements": 60, "percent_covered": 0.0, "percent_covered_display": "0", "missing_lines": 60, "excluded_lines": 0, "num_branches": 6, "num_partial_branches": 0, "covered_branches": 0, "missing_branches": 6}, "missing_lines": [6, 7, 8, 9, 11, 13, 15, 18, 19, 27, 28, 30, 31, 32, 33, 34, 40, 42, 43, 44, 50, 57, 68, 69, 70, 71, 72, 74, 76, 79, 90, 91, 92, 93, 95, 96, 97, 98, 100, 101, 102, 105, 110, 111, 112, 113, 115, 117, 119, 121, 122, 129, 130, 131, 133, 134, 135, 137, 140, 151], "excluded_lines": [], "executed_branches": [], "missing_branches": [[43, 44], [43, 50], [100, 101], [100, 102], [134, 135], [134, 137]], "functions": {"trace_operation": {"executed_lines": [], "summary": {"covered_lines": 0, "num_statements": 12, "percent_covered": 0.0, "percent_covered_display": "0", "missing_lines": 12, "excluded_lines": 0, "num_branches": 2, "num_partial_branches": 0, "covered_branches": 0, "missing_branches": 2}, "missing_lines": [27, 28, 30, 31, 32, 33, 34, 40, 42, 43, 44, 50], "excluded_lines": [], "executed_branches": [], "missing_branches": [[43, 44], [43, 50]]}, "trace_grpc_call": {"executed_lines": [], "summary": {"covered_lines": 0, "num_statements": 3, "percent_covered": 0.0, "percent_covered_display": "0", "missing_lines": 3, "excluded_lines": 0, "num_branches": 0, "num_partial_branches": 0, "covered_branches": 0, "missing_branches": 0}, "missing_lines": [68, 69, 76], "excluded_lines": [], "executed_branches": [], "missing_branches": []}, "trace_grpc_call.decorator": {"executed_lines": [], "summary": {"covered_lines": 0, "num_statements": 2, "percent_covered": 0.0, "percent_covered_display": "0", "missing_lines": 2, "excluded_lines": 0, "num_branches": 0, "num_partial_branches": 0, "covered_branches": 0, "missing_branches": 0}, "missing_lines": [70, 74], "excluded_lines": [], "executed_branches": [], "missing_branches": []}, "trace_grpc_call.decorator.wrapper": {"executed_lines": [], "summary": {"covered_lines": 0, "num_statements": 2, "percent_covered": 0.0, "percent_covered_display": "0", "missing_lines": 2, "excluded_lines": 0, "num_branches": 0, "num_partial_branches": 0, "covered_branches": 0, "missing_branches": 0}, "missing_lines": [71, 72], "excluded_lines": [], "executed_branches": [], "missing_branches": []}, "trace_function": {"executed_lines": [], "summary": {"covered_lines": 0, "num_statements": 7, "percent_covered": 0.0, "percent_covered_display": "0", "missing_lines": 7, "excluded_lines": 0, "num_branches": 2, "num_partial_branches": 0, "covered_branches": 0, "missing_branches": 2}, "missing_lines": [90, 91, 95, 96, 100, 101, 102], "excluded_lines": [], "executed_branches": [], "missing_branches": [[100, 101], [100, 102]]}, "trace_function.async_wrapper": {"executed_lines": [], "summary": {"covered_lines": 0, "num_statements": 2, "percent_covered": 0.0, "percent_covered_display": "0", "missing_lines": 2, "excluded_lines": 0, "num_branches": 0, "num_partial_branches": 0, "covered_branches": 0, "missing_branches": 0}, "missing_lines": [92, 93], "excluded_lines": [], "executed_branches": [], "missing_branches": []}, "trace_function.sync_wrapper": {"executed_lines": [], "summary": {"covered_lines": 0, "num_statements": 2, "percent_covered": 0.0, "percent_covered_display": "0", "missing_lines": 2, "excluded_lines": 0, "num_branches": 0, "num_partial_branches": 0, "covered_branches": 0, "missing_branches": 0}, "missing_lines": [97, 98], "excluded_lines": [], "executed_branches": [], "missing_branches": []}, "Span.__init__": {"executed_lines": [], "summary": {"covered_lines": 0, "num_statements": 3, "percent_covered": 0.0, "percent_covered_display": "0", "missing_lines": 3, "excluded_lines": 0, "num_branches": 0, "num_partial_branches": 0, "covered_branches": 0, "missing_branches": 0}, "missing_lines": [111, 112, 113], "excluded_lines": [], "executed_branches": [], "missing_branches": []}, "Span.record": {"executed_lines": [], "summary": {"covered_lines": 0, "num_statements": 1, "percent_covered": 0.0, "percent_covered_display": "0", "missing_lines": 1, "excluded_lines": 0, "num_branches": 0, "num_partial_branches": 0, "covered_branches": 0, "missing_branches": 0}, "missing_lines": [117], "excluded_lines": [], "executed_branches": [], "missing_branches": []}, "Span.finish": {"executed_lines": [], "summary": {"covered_lines": 0, "num_statements": 2, "percent_covered": 0.0, "percent_covered_display": "0", "missing_lines": 2, "excluded_lines": 0, "num_branches": 0, "num_partial_branches": 0, "covered_branches": 0, "missing_branches": 0}, "missing_lines": [121, 122], "excluded_lines": [], "executed_branches": [], "missing_branches": []}, "Span.__enter__": {"executed_lines": [], "summary": {"covered_lines": 0, "num_statements": 2, "percent_covered": 0.0, "percent_covered_display": "0", "missing_lines": 2, "excluded_lines": 0, "num_branches": 0, "num_partial_branches": 0, "covered_branches": 0, "missing_branches": 0}, "missing_lines": [130, 131], "excluded_lines": [], "executed_branches": [], "missing_branches": []}, "Span.__exit__": {"executed_lines": [], "summary": {"covered_lines": 0, "num_statements": 3, "percent_covered": 0.0, "percent_covered_display": "0", "missing_lines": 3, "excluded_lines": 0, "num_branches": 2, "num_partial_branches": 0, "covered_branches": 0, "missing_branches": 2}, "missing_lines": [134, 135, 137], "excluded_lines": [], "executed_branches": [], "missing_branches": [[134, 135], [134, 137]]}, "create_span": {"executed_lines": [], "summary": {"covered_lines": 0, "num_statements": 1, "percent_covered": 0.0, "percent_covered_display": "0", "missing_lines": 1, "excluded_lines": 0, "num_branches": 0, "num_partial_branches": 0, "covered_branches": 0, "missing_branches": 0}, "missing_lines": [151], "excluded_lines": [], "executed_branches": [], "missing_branches": []}, "": {"executed_lines": [], "summary": {"covered_lines": 0, "num_statements": 18, "percent_covered": 0.0, "percent_covered_display": "0", "missing_lines": 18, "excluded_lines": 0, "num_branches": 0, "num_partial_branches": 0, "covered_branches": 0, "missing_branches": 0}, "missing_lines": [6, 7, 8, 9, 11, 13, 15, 18, 19, 57, 79, 105, 110, 115, 119, 129, 133, 140], "excluded_lines": [], "executed_branches": [], "missing_branches": []}}, "classes": {"Span": {"executed_lines": [], "summary": {"covered_lines": 0, "num_statements": 11, "percent_covered": 0.0, "percent_covered_display": "0", "missing_lines": 11, "excluded_lines": 0, "num_branches": 2, "num_partial_branches": 0, "covered_branches": 0, "missing_branches": 2}, "missing_lines": [111, 112, 113, 117, 121, 122, 130, 131, 134, 135, 137], "excluded_lines": [], "executed_branches": [], "missing_branches": [[134, 135], [134, 137]]}, "": {"executed_lines": [], "summary": {"covered_lines": 0, "num_statements": 49, "percent_covered": 0.0, "percent_covered_display": "0", "missing_lines": 49, "excluded_lines": 0, "num_branches": 4, "num_partial_branches": 0, "covered_branches": 0, "missing_branches": 4}, "missing_lines": [6, 7, 8, 9, 11, 13, 15, 18, 19, 27, 28, 30, 31, 32, 33, 34, 40, 42, 43, 44, 50, 57, 68, 69, 70, 71, 72, 74, 76, 79, 90, 91, 92, 93, 95, 96, 97, 98, 100, 101, 102, 105, 110, 115, 119, 129, 133, 140, 151], "excluded_lines": [], "executed_branches": [], "missing_branches": [[43, 44], [43, 50], [100, 101], [100, 102]]}}}, "src/server.py": {"executed_lines": [], "summary": {"covered_lines": 0, "num_statements": 59, "percent_covered": 0.0, "percent_covered_display": "0", "missing_lines": 59, "excluded_lines": 0, "num_branches": 8, "num_partial_branches": 0, "covered_branches": 0, "missing_branches": 8}, "missing_lines": [6, 7, 8, 10, 12, 13, 15, 16, 17, 18, 19, 22, 25, 28, 29, 30, 31, 33, 38, 39, 41, 46, 48, 49, 51, 52, 53, 55, 59, 60, 63, 65, 66, 68, 71, 74, 75, 78, 79, 80, 83, 96, 99, 100, 102, 105, 108, 109, 110, 111, 112, 115, 116, 117, 120, 123, 125, 128, 129], "excluded_lines": [], "executed_branches": [], "missing_branches": [[52, -41], [52, 53], [59, -55], [59, 60], [116, 117], [116, 120], [128, -1], [128, 129]], "functions": {"AsyncAIService.__init__": {"executed_lines": [], "summary": {"covered_lines": 0, "num_statements": 3, "percent_covered": 0.0, "percent_covered_display": "0", "missing_lines": 3, "excluded_lines": 0, "num_branches": 0, "num_partial_branches": 0, "covered_branches": 0, "missing_branches": 0}, "missing_lines": [29, 30, 31], "excluded_lines": [], "executed_branches": [], "missing_branches": []}, "AsyncAIService.GenerateUI": {"executed_lines": [], "summary": {"covered_lines": 0, "num_statements": 2, "percent_covered": 0.0, "percent_covered_display": "0", "missing_lines": 2, "excluded_lines": 0, "num_branches": 0, "num_partial_branches": 0, "covered_branches": 0, "missing_branches": 0}, "missing_lines": [38, 39], "excluded_lines": [], "executed_branches": [], "missing_branches": []}, "AsyncAIService.StreamUI": {"executed_lines": [], "summary": {"covered_lines": 0, "num_statements": 5, "percent_covered": 0.0, "percent_covered_display": "0", "missing_lines": 5, "excluded_lines": 0, "num_branches": 2, "num_partial_branches": 0, "covered_branches": 0, "missing_branches": 2}, "missing_lines": [46, 48, 51, 52, 53], "excluded_lines": [], "executed_branches": [], "missing_branches": [[52, -41], [52, 53]]}, "AsyncAIService.StreamUI.sync_stream": {"executed_lines": [], "summary": {"covered_lines": 0, "num_statements": 1, "percent_covered": 0.0, "percent_covered_display": "0", "missing_lines": 1, "excluded_lines": 0, "num_branches": 0, "num_partial_branches": 0, "covered_branches": 0, "missing_branches": 0}, "missing_lines": [49], "excluded_lines": [], "executed_branches": [], "missing_branches": []}, "AsyncAIService.StreamChat": {"executed_lines": [], "summary": {"covered_lines": 0, "num_statements": 2, "percent_covered": 0.0, "percent_covered_display": "0", "missing_lines": 2, "excluded_lines": 0, "num_branches": 2, "num_partial_branches": 0, "covered_branches": 0, "missing_branches": 2}, "missing_lines": [59, 60], "excluded_lines": [], "executed_branches": [], "missing_branches": [[59, -55], [59, 60]]}, "serve_async": {"executed_lines": [], "summary": {"covered_lines": 0, "num_statements": 20, "percent_covered": 0.0, "percent_covered_display": "0", "missing_lines": 20, "excluded_lines": 0, "num_branches": 2, "num_partial_branches": 0, "covered_branches": 0, "missing_branches": 2}, "missing_lines": [65, 66, 68, 71, 74, 75, 78, 79, 80, 83, 96, 99, 100, 102, 105, 108, 115, 116, 117, 120], "excluded_lines": [], "executed_branches": [], "missing_branches": [[116, 117], [116, 120]]}, "serve_async.shutdown": {"executed_lines": [], "summary": {"covered_lines": 0, "num_statements": 4, "percent_covered": 0.0, "percent_covered_display": "0", "missing_lines": 4, "excluded_lines": 0, "num_branches": 0, "num_partial_branches": 0, "covered_branches": 0, "missing_branches": 0}, "missing_lines": [109, 110, 111, 112], "excluded_lines": [], "executed_branches": [], "missing_branches": []}, "serve": {"executed_lines": [], "summary": {"covered_lines": 0, "num_statements": 1, "percent_covered": 0.0, "percent_covered_display": "0", "missing_lines": 1, "excluded_lines": 0, "num_branches": 0, "num_partial_branches": 0, "covered_branches": 0, "missing_branches": 0}, "missing_lines": [125], "excluded_lines": [], "executed_branches": [], "missing_branches": []}, "": {"executed_lines": [], "summary": {"covered_lines": 0, "num_statements": 21, "percent_covered": 0.0, "percent_covered_display": "0", "missing_lines": 21, "excluded_lines": 0, "num_branches": 2, "num_partial_branches": 0, "covered_branches": 0, "missing_branches": 2}, "missing_lines": [6, 7, 8, 10, 12, 13, 15, 16, 17, 18, 19, 22, 25, 28, 33, 41, 55, 63, 123, 128, 129], "excluded_lines": [], "executed_branches": [], "missing_branches": [[128, -1], [128, 129]]}}, "classes": {"AsyncAIService": {"executed_lines": [], "summary": {"covered_lines": 0, "num_statements": 13, "percent_covered": 0.0, "percent_covered_display": "0", "missing_lines": 13, "excluded_lines": 0, "num_branches": 4, "num_partial_branches": 0, "covered_branches": 0, "missing_branches": 4}, "missing_lines": [29, 30, 31, 38, 39, 46, 48, 49, 51, 52, 53, 59, 60], "excluded_lines": [], "executed_branches": [], "missing_branches": [[52, -41], [52, 53], [59, -55], [59, 60]]}, "": {"executed_lines": [], "summary": {"covered_lines": 0, "num_statements": 46, "percent_covered": 0.0, "percent_covered_display": "0", "missing_lines": 46, "excluded_lines": 0, "num_branches": 4, "num_partial_branches": 0, "covered_branches": 0, "missing_branches": 4}, "missing_lines": [6, 7, 8, 10, 12, 13, 15, 16, 17, 18, 19, 22, 25, 28, 33, 41, 55, 63, 65, 66, 68, 71, 74, 75, 78, 79, 80, 83, 96, 99, 100, 102, 105, 108, 109, 110, 111, 112, 115, 116, 117, 120, 123, 125, 128, 129], "excluded_lines": [], "executed_branches": [], "missing_branches": [[116, 117], [116, 120], [128, -1], [128, 129]]}}}}, "totals": {"covered_lines": 438, "num_statements": 1900, "percent_covered": 19.414893617021278, "percent_covered_display": "19", "missing_lines": 1462, "excluded_lines": 15, "num_branches": 356, "num_partial_branches": 0, "covered_branches": 0, "missing_branches": 356}}