{"meta": {"format": 3, "version": "7.11.0", "timestamp": "2025-10-17T15:21:18.531635", "branch_coverage": true, "show_contexts": false}, "files": {"src/agents/__init__.py": {"executed_lines": [1, 3, 4, 5, 7], "summary": {"covered_lines": 4, "num_statements": 4, "percent_covered": 100.0, "percent_covered_display": "100", "missing_lines": 0, "excluded_lines": 0, "num_branches": 0, "num_partial_branches": 0, "covered_branches": 0, "missing_branches": 0}, "missing_lines": [], "excluded_lines": [], "executed_branches": [], "missing_branches": [], "functions": {"": {"executed_lines": [1, 3, 4, 5, 7], "summary": {"covered_lines": 4, "num_statements": 4, "percent_covered": 100.0, "percent_covered_display": "100", "missing_lines": 0, "excluded_lines": 0, "num_branches": 0, "num_partial_branches": 0, "covered_branches": 0, "missing_branches": 0}, "missing_lines": [], "excluded_lines": [], "executed_branches": [], "missing_branches": []}}, "classes": {"": {"executed_lines": [1, 3, 4, 5, 7], "summary": {"covered_lines": 4, "num_statements": 4, "percent_covered": 100.0, "percent_covered_display": "100", "missing_lines": 0, "excluded_lines": 0, "num_branches": 0, "num_partial_branches": 0, "covered_branches": 0, "missing_branches": 0}, "missing_lines": [], "excluded_lines": [], "executed_branches": [], "missing_branches": []}}}, "src/agents/chat.py": {"executed_lines": [1, 3, 4, 5, 7, 10, 11, 13, 14, 15, 18, 19, 21, 22, 24, 32, 37, 38, 40, 42, 45, 62, 72, 73, 79, 80, 86, 87], "summary": {"covered_lines": 24, "num_statements": 48, "percent_covered": 46.15384615384615, "percent_covered_display": "46", "missing_lines": 24, "excluded_lines": 0, "num_branches": 4, "num_partial_branches": 0, "covered_branches": 0, "missing_branches": 4}, "missing_lines": [26, 27, 28, 29, 30, 34, 43, 49, 52, 55, 58, 59, 60, 64, 65, 68, 69, 70, 75, 77, 82, 84, 89, 91], "excluded_lines": [], "executed_branches": [], "missing_branches": [[27, -24], [27, 28], [58, -45], [58, 59]], "functions": {"ChatHistory.add": {"executed_lines": [], "summary": {"covered_lines": 0, "num_statements": 5, "percent_covered": 0.0, "percent_covered_display": "0", "missing_lines": 5, "excluded_lines": 0, "num_branches": 2, "num_partial_branches": 0, "covered_branches": 0, "missing_branches": 2}, "missing_lines": [26, 27, 28, 29, 30], "excluded_lines": [], "executed_branches": [], "missing_branches": [[27, -24], [27, 28]]}, "ChatHistory.clear": {"executed_lines": [], "summary": {"covered_lines": 0, "num_statements": 1, "percent_covered": 0.0, "percent_covered_display": "0", "missing_lines": 1, "excluded_lines": 0, "num_branches": 0, "num_partial_branches": 0, "covered_branches": 0, "missing_branches": 0}, "missing_lines": [34], "excluded_lines": [], "executed_branches": [], "missing_branches": []}, "ChatAgent.__init__": {"executed_lines": [], "summary": {"covered_lines": 0, "num_statements": 1, "percent_covered": 0.0, "percent_covered_display": "0", "missing_lines": 1, "excluded_lines": 0, "num_branches": 0, "num_partial_branches": 0, "covered_branches": 0, "missing_branches": 0}, "missing_lines": [43], "excluded_lines": [], "executed_branches": [], "missing_branches": []}, "ChatAgent.stream_response": {"executed_lines": [], "summary": {"covered_lines": 0, "num_statements": 6, "percent_covered": 0.0, "percent_covered_display": "0", "missing_lines": 6, "excluded_lines": 0, "num_branches": 2, "num_partial_branches": 0, "covered_branches": 0, "missing_branches": 2}, "missing_lines": [49, 52, 55, 58, 59, 60], "excluded_lines": [], "executed_branches": [], "missing_branches": [[58, -45], [58, 59]]}, "ChatAgent.get_response": {"executed_lines": [], "summary": {"covered_lines": 0, "num_statements": 5, "percent_covered": 0.0, "percent_covered_display": "0", "missing_lines": 5, "excluded_lines": 0, "num_branches": 0, "num_partial_branches": 0, "covered_branches": 0, "missing_branches": 0}, "missing_lines": [64, 65, 68, 69, 70], "excluded_lines": [], "executed_branches": [], "missing_branches": []}, "ChatAgent.create_system_message": {"executed_lines": [], "summary": {"covered_lines": 0, "num_statements": 2, "percent_covered": 0.0, "percent_covered_display": "0", "missing_lines": 2, "excluded_lines": 0, "num_branches": 0, "num_partial_branches": 0, "covered_branches": 0, "missing_branches": 0}, "missing_lines": [75, 77], "excluded_lines": [], "executed_branches": [], "missing_branches": []}, "ChatAgent.create_user_message": {"executed_lines": [], "summary": {"covered_lines": 0, "num_statements": 2, "percent_covered": 0.0, "percent_covered_display": "0", "missing_lines": 2, "excluded_lines": 0, "num_branches": 0, "num_partial_branches": 0, "covered_branches": 0, "missing_branches": 0}, "missing_lines": [82, 84], "excluded_lines": [], "executed_branches": [], "missing_branches": []}, "ChatAgent.create_assistant_message": {"executed_lines": [], "summary": {"covered_lines": 0, "num_statements": 2, "percent_covered": 0.0, "percent_covered_display": "0", "missing_lines": 2, "excluded_lines": 0, "num_branches": 0, "num_partial_branches": 0, "covered_branches": 0, "missing_branches": 0}, "missing_lines": [89, 91], "excluded_lines": [], "executed_branches": [], "missing_branches": []}, "": {"executed_lines": [1, 3, 4, 5, 7, 10, 11, 13, 14, 15, 18, 19, 21, 22, 24, 32, 37, 38, 40, 42, 45, 62, 72, 73, 79, 80, 86, 87], "summary": {"covered_lines": 24, "num_statements": 24, "percent_covered": 100.0, "percent_covered_display": "100", "missing_lines": 0, "excluded_lines": 0, "num_branches": 0, "num_partial_branches": 0, "covered_branches": 0, "missing_branches": 0}, "missing_lines": [], "excluded_lines": [], "executed_branches": [], "missing_branches": []}}, "classes": {"ChatMessage": {"executed_lines": [], "summary": {"covered_lines": 0, "num_statements": 0, "percent_covered": 100.0, "percent_covered_display": "100", "missing_lines": 0, "excluded_lines": 0, "num_branches": 0, "num_partial_branches": 0, "covered_branches": 0, "missing_branches": 0}, "missing_lines": [], "excluded_lines": [], "executed_branches": [], "missing_branches": []}, "ChatHistory": {"executed_lines": [], "summary": {"covered_lines": 0, "num_statements": 6, "percent_covered": 0.0, "percent_covered_display": "0", "missing_lines": 6, "excluded_lines": 0, "num_branches": 2, "num_partial_branches": 0, "covered_branches": 0, "missing_branches": 2}, "missing_lines": [26, 27, 28, 29, 30, 34], "excluded_lines": [], "executed_branches": [], "missing_branches": [[27, -24], [27, 28]]}, "ChatAgent": {"executed_lines": [], "summary": {"covered_lines": 0, "num_statements": 18, "percent_covered": 0.0, "percent_covered_display": "0", "missing_lines": 18, "excluded_lines": 0, "num_branches": 2, "num_partial_branches": 0, "covered_branches": 0, "missing_branches": 2}, "missing_lines": [43, 49, 52, 55, 58, 59, 60, 64, 65, 68, 69, 70, 75, 77, 82, 84, 89, 91], "excluded_lines": [], "executed_branches": [], "missing_branches": [[58, -45], [58, 59]]}, "": {"executed_lines": [1, 3, 4, 5, 7, 10, 11, 13, 14, 15, 18, 19, 21, 22, 24, 32, 37, 38, 40, 42, 45, 62, 72, 73, 79, 80, 86, 87], "summary": {"covered_lines": 24, "num_statements": 24, "percent_covered": 100.0, "percent_covered_display": "100", "missing_lines": 0, "excluded_lines": 0, "num_branches": 0, "num_partial_branches": 0, "covered_branches": 0, "missing_branches": 0}, "missing_lines": [], "excluded_lines": [], "executed_branches": [], "missing_branches": []}}}, "src/agents/models.py": {"executed_lines": [1, 3, 4, 7, 8, 10, 11, 12, 13, 14, 17, 18, 20, 21, 22, 23, 24, 25, 26, 27, 30, 33], "summary": {"covered_lines": 19, "num_statements": 19, "percent_covered": 100.0, "percent_covered_display": "100", "missing_lines": 0, "excluded_lines": 0, "num_branches": 0, "num_partial_branches": 0, "covered_branches": 0, "missing_branches": 0}, "missing_lines": [], "excluded_lines": [], "executed_branches": [], "missing_branches": [], "functions": {"": {"executed_lines": [1, 3, 4, 7, 8, 10, 11, 12, 13, 14, 17, 18, 20, 21, 22, 23, 24, 25, 26, 27, 30, 33], "summary": {"covered_lines": 19, "num_statements": 19, "percent_covered": 100.0, "percent_covered_display": "100", "missing_lines": 0, "excluded_lines": 0, "num_branches": 0, "num_partial_branches": 0, "covered_branches": 0, "missing_branches": 0}, "missing_lines": [], "excluded_lines": [], "executed_branches": [], "missing_branches": []}}, "classes": {"BlueprintComponent": {"executed_lines": [], "summary": {"covered_lines": 0, "num_statements": 0, "percent_covered": 100.0, "percent_covered_display": "100", "missing_lines": 0, "excluded_lines": 0, "num_branches": 0, "num_partial_branches": 0, "covered_branches": 0, "missing_branches": 0}, "missing_lines": [], "excluded_lines": [], "executed_branches": [], "missing_branches": []}, "Blueprint": {"executed_lines": [], "summary": {"covered_lines": 0, "num_statements": 0, "percent_covered": 100.0, "percent_covered_display": "100", "missing_lines": 0, "excluded_lines": 0, "num_branches": 0, "num_partial_branches": 0, "covered_branches": 0, "missing_branches": 0}, "missing_lines": [], "excluded_lines": [], "executed_branches": [], "missing_branches": []}, "": {"executed_lines": [1, 3, 4, 7, 8, 10, 11, 12, 13, 14, 17, 18, 20, 21, 22, 23, 24, 25, 26, 27, 30, 33], "summary": {"covered_lines": 19, "num_statements": 19, "percent_covered": 100.0, "percent_covered_display": "100", "missing_lines": 0, "excluded_lines": 0, "num_branches": 0, "num_partial_branches": 0, "covered_branches": 0, "missing_branches": 0}, "missing_lines": [], "excluded_lines": [], "executed_branches": [], "missing_branches": []}}}, "src/agents/prompt.py": {"executed_lines": [1, 10, 181, 719, 821, 827, 828], "summary": {"covered_lines": 6, "num_statements": 8, "percent_covered": 75.0, "percent_covered_display": "75", "missing_lines": 2, "excluded_lines": 0, "num_branches": 0, "num_partial_branches": 0, "covered_branches": 0, "missing_branches": 0}, "missing_lines": [730, 823], "excluded_lines": [], "executed_branches": [], "missing_branches": [], "functions": {"get_ui_generation_prompt": {"executed_lines": [], "summary": {"covered_lines": 0, "num_statements": 1, "percent_covered": 0.0, "percent_covered_display": "0", "missing_lines": 1, "excluded_lines": 0, "num_branches": 0, "num_partial_branches": 0, "covered_branches": 0, "missing_branches": 0}, "missing_lines": [730], "excluded_lines": [], "executed_branches": [], "missing_branches": []}, "get_simple_system_prompt": {"executed_lines": [], "summary": {"covered_lines": 0, "num_statements": 1, "percent_covered": 0.0, "percent_covered_display": "0", "missing_lines": 1, "excluded_lines": 0, "num_branches": 0, "num_partial_branches": 0, "covered_branches": 0, "missing_branches": 0}, "missing_lines": [823], "excluded_lines": [], "executed_branches": [], "missing_branches": []}, "": {"executed_lines": [1, 10, 181, 719, 821, 827, 828], "summary": {"covered_lines": 6, "num_statements": 6, "percent_covered": 100.0, "percent_covered_display": "100", "missing_lines": 0, "excluded_lines": 0, "num_branches": 0, "num_partial_branches": 0, "covered_branches": 0, "missing_branches": 0}, "missing_lines": [], "excluded_lines": [], "executed_branches": [], "missing_branches": []}}, "classes": {"": {"executed_lines": [1, 10, 181, 719, 821, 827, 828], "summary": {"covered_lines": 6, "num_statements": 8, "percent_covered": 75.0, "percent_covered_display": "75", "missing_lines": 2, "excluded_lines": 0, "num_branches": 0, "num_partial_branches": 0, "covered_branches": 0, "missing_branches": 0}, "missing_lines": [730, 823], "excluded_lines": [], "executed_branches": [], "missing_branches": []}}}, "src/agents/prompt_cache.py": {"executed_lines": [], "summary": {"covered_lines": 0, "num_statements": 38, "percent_covered": 0.0, "percent_covered_display": "0", "missing_lines": 38, "excluded_lines": 0, "num_branches": 10, "num_partial_branches": 0, "covered_branches": 0, "missing_branches": 10}, "missing_lines": [3, 5, 7, 10, 17, 24, 27, 29, 39, 41, 42, 44, 46, 48, 55, 56, 58, 59, 61, 63, 64, 66, 69, 70, 82, 84, 85, 88, 90, 91, 95, 96, 100, 101, 103, 106, 107, 110], "excluded_lines": [], "executed_branches": [], "missing_branches": [[41, 42], [41, 44], [84, 85], [84, 90], [90, 91], [90, 95], [95, 96], [95, 100], [100, 101], [100, 106]], "functions": {"PromptCache.__init__": {"executed_lines": [], "summary": {"covered_lines": 0, "num_statements": 2, "percent_covered": 0.0, "percent_covered_display": "0", "missing_lines": 2, "excluded_lines": 0, "num_branches": 0, "num_partial_branches": 0, "covered_branches": 0, "missing_branches": 0}, "missing_lines": [24, 27], "excluded_lines": [], "executed_branches": [], "missing_branches": []}, "PromptCache.get": {"executed_lines": [], "summary": {"covered_lines": 0, "num_statements": 5, "percent_covered": 0.0, "percent_covered_display": "0", "missing_lines": 5, "excluded_lines": 0, "num_branches": 2, "num_partial_branches": 0, "covered_branches": 0, "missing_branches": 2}, "missing_lines": [39, 41, 42, 44, 46], "excluded_lines": [], "executed_branches": [], "missing_branches": [[41, 42], [41, 44]]}, "PromptCache.set": {"executed_lines": [], "summary": {"covered_lines": 0, "num_statements": 2, "percent_covered": 0.0, "percent_covered_display": "0", "missing_lines": 2, "excluded_lines": 0, "num_branches": 0, "num_partial_branches": 0, "covered_branches": 0, "missing_branches": 0}, "missing_lines": [55, 56], "excluded_lines": [], "executed_branches": [], "missing_branches": []}, "PromptCache.hit_rate": {"executed_lines": [], "summary": {"covered_lines": 0, "num_statements": 1, "percent_covered": 0.0, "percent_covered_display": "0", "missing_lines": 1, "excluded_lines": 0, "num_branches": 0, "num_partial_branches": 0, "covered_branches": 0, "missing_branches": 0}, "missing_lines": [61], "excluded_lines": [], "executed_branches": [], "missing_branches": []}, "PromptCache.stats": {"executed_lines": [], "summary": {"covered_lines": 0, "num_statements": 1, "percent_covered": 0.0, "percent_covered_display": "0", "missing_lines": 1, "excluded_lines": 0, "num_branches": 0, "num_partial_branches": 0, "covered_branches": 0, "missing_branches": 0}, "missing_lines": [66], "excluded_lines": [], "executed_branches": [], "missing_branches": []}, "get_system_prompt_template": {"executed_lines": [], "summary": {"covered_lines": 0, "num_statements": 13, "percent_covered": 0.0, "percent_covered_display": "0", "missing_lines": 13, "excluded_lines": 0, "num_branches": 8, "num_partial_branches": 0, "covered_branches": 0, "missing_branches": 8}, "missing_lines": [82, 84, 85, 88, 90, 91, 95, 96, 100, 101, 103, 106, 107], "excluded_lines": [], "executed_branches": [], "missing_branches": [[84, 85], [84, 90], [90, 91], [90, 95], [95, 96], [95, 100], [100, 101], [100, 106]]}, "": {"executed_lines": [], "summary": {"covered_lines": 0, "num_statements": 14, "percent_covered": 0.0, "percent_covered_display": "0", "missing_lines": 14, "excluded_lines": 0, "num_branches": 0, "num_partial_branches": 0, "covered_branches": 0, "missing_branches": 0}, "missing_lines": [3, 5, 7, 10, 17, 29, 48, 58, 59, 63, 64, 69, 70, 110], "excluded_lines": [], "executed_branches": [], "missing_branches": []}}, "classes": {"PromptCache": {"executed_lines": [], "summary": {"covered_lines": 0, "num_statements": 11, "percent_covered": 0.0, "percent_covered_display": "0", "missing_lines": 11, "excluded_lines": 0, "num_branches": 2, "num_partial_branches": 0, "covered_branches": 0, "missing_branches": 2}, "missing_lines": [24, 27, 39, 41, 42, 44, 46, 55, 56, 61, 66], "excluded_lines": [], "executed_branches": [], "missing_branches": [[41, 42], [41, 44]]}, "": {"executed_lines": [], "summary": {"covered_lines": 0, "num_statements": 27, "percent_covered": 0.0, "percent_covered_display": "0", "missing_lines": 27, "excluded_lines": 0, "num_branches": 8, "num_partial_branches": 0, "covered_branches": 0, "missing_branches": 8}, "missing_lines": [3, 5, 7, 10, 17, 29, 48, 58, 59, 63, 64, 69, 70, 82, 84, 85, 88, 90, 91, 95, 96, 100, 101, 103, 106, 107, 110], "excluded_lines": [], "executed_branches": [], "missing_branches": [[84, 85], [84, 90], [90, 91], [90, 95], [95, 96], [95, 100], [100, 101], [100, 106]]}}}, "src/agents/prompts.py": {"executed_lines": [1, 7, 8, 10, 11, 35, 36], "summary": {"covered_lines": 5, "num_statements": 18, "percent_covered": 20.833333333333332, "percent_covered_display": "21", "missing_lines": 13, "excluded_lines": 0, "num_branches": 6, "num_partial_branches": 0, "covered_branches": 0, "missing_branches": 6}, "missing_lines": [25, 27, 28, 29, 31, 33, 49, 51, 52, 54, 55, 57, 59], "excluded_lines": [], "executed_branches": [], "missing_branches": [[27, 28], [27, 31], [51, 52], [51, 54], [54, 55], [54, 57]], "functions": {"PromptBuilder.build_conversation": {"executed_lines": [], "summary": {"covered_lines": 0, "num_statements": 6, "percent_covered": 0.0, "percent_covered_display": "0", "missing_lines": 6, "excluded_lines": 0, "num_branches": 2, "num_partial_branches": 0, "covered_branches": 0, "missing_branches": 2}, "missing_lines": [25, 27, 28, 29, 31, 33], "excluded_lines": [], "executed_branches": [], "missing_branches": [[27, 28], [27, 31]]}, "PromptBuilder.build_structured": {"executed_lines": [], "summary": {"covered_lines": 0, "num_statements": 7, "percent_covered": 0.0, "percent_covered_display": "0", "missing_lines": 7, "excluded_lines": 0, "num_branches": 4, "num_partial_branches": 0, "covered_branches": 0, "missing_branches": 4}, "missing_lines": [49, 51, 52, 54, 55, 57, 59], "excluded_lines": [], "executed_branches": [], "missing_branches": [[51, 52], [51, 54], [54, 55], [54, 57]]}, "": {"executed_lines": [1, 7, 8, 10, 11, 35, 36], "summary": {"covered_lines": 5, "num_statements": 5, "percent_covered": 100.0, "percent_covered_display": "100", "missing_lines": 0, "excluded_lines": 0, "num_branches": 0, "num_partial_branches": 0, "covered_branches": 0, "missing_branches": 0}, "missing_lines": [], "excluded_lines": [], "executed_branches": [], "missing_branches": []}}, "classes": {"PromptBuilder": {"executed_lines": [], "summary": {"covered_lines": 0, "num_statements": 13, "percent_covered": 0.0, "percent_covered_display": "0", "missing_lines": 13, "excluded_lines": 0, "num_branches": 6, "num_partial_branches": 0, "covered_branches": 0, "missing_branches": 6}, "missing_lines": [25, 27, 28, 29, 31, 33, 49, 51, 52, 54, 55, 57, 59], "excluded_lines": [], "executed_branches": [], "missing_branches": [[27, 28], [27, 31], [51, 52], [51, 54], [54, 55], [54, 57]]}, "": {"executed_lines": [1, 7, 8, 10, 11, 35, 36], "summary": {"covered_lines": 5, "num_statements": 5, "percent_covered": 100.0, "percent_covered_display": "100", "missing_lines": 0, "excluded_lines": 0, "num_branches": 0, "num_partial_branches": 0, "covered_branches": 0, "missing_branches": 0}, "missing_lines": [], "excluded_lines": [], "executed_branches": [], "missing_branches": []}}}, "src/agents/templates.py": {"executed_lines": [], "summary": {"covered_lines": 0, "num_statements": 24, "percent_covered": 0.0, "percent_covered_display": "0", "missing_lines": 24, "excluded_lines": 0, "num_branches": 4, "num_partial_branches": 0, "covered_branches": 0, "missing_branches": 4}, "missing_lines": [6, 9, 12, 13, 14, 15, 16, 17, 20, 23, 107, 108, 110, 112, 113, 115, 117, 118, 120, 121, 123, 124, 129, 131], "excluded_lines": [], "executed_branches": [], "missing_branches": [[123, 124], [123, 131], [124, 123], [124, 129]], "functions": {"TemplateLibrary.get": {"executed_lines": [], "summary": {"covered_lines": 0, "num_statements": 1, "percent_covered": 0.0, "percent_covered_display": "0", "missing_lines": 1, "excluded_lines": 0, "num_branches": 0, "num_partial_branches": 0, "covered_branches": 0, "missing_branches": 0}, "missing_lines": [110], "excluded_lines": [], "executed_branches": [], "missing_branches": []}, "TemplateLibrary.list_all": {"executed_lines": [], "summary": {"covered_lines": 0, "num_statements": 1, "percent_covered": 0.0, "percent_covered_display": "0", "missing_lines": 1, "excluded_lines": 0, "num_branches": 0, "num_partial_branches": 0, "covered_branches": 0, "missing_branches": 0}, "missing_lines": [115], "excluded_lines": [], "executed_branches": [], "missing_branches": []}, "TemplateLibrary.search": {"executed_lines": [], "summary": {"covered_lines": 0, "num_statements": 6, "percent_covered": 0.0, "percent_covered_display": "0", "missing_lines": 6, "excluded_lines": 0, "num_branches": 4, "num_partial_branches": 0, "covered_branches": 0, "missing_branches": 4}, "missing_lines": [120, 121, 123, 124, 129, 131], "excluded_lines": [], "executed_branches": [], "missing_branches": [[123, 124], [123, 131], [124, 123], [124, 129]]}, "": {"executed_lines": [], "summary": {"covered_lines": 0, "num_statements": 16, "percent_covered": 0.0, "percent_covered_display": "0", "missing_lines": 16, "excluded_lines": 0, "num_branches": 0, "num_partial_branches": 0, "covered_branches": 0, "missing_branches": 0}, "missing_lines": [6, 9, 12, 13, 14, 15, 16, 17, 20, 23, 107, 108, 112, 113, 117, 118], "excluded_lines": [], "executed_branches": [], "missing_branches": []}}, "classes": {"Template": {"executed_lines": [], "summary": {"covered_lines": 0, "num_statements": 0, "percent_covered": 100.0, "percent_covered_display": "100", "missing_lines": 0, "excluded_lines": 0, "num_branches": 0, "num_partial_branches": 0, "covered_branches": 0, "missing_branches": 0}, "missing_lines": [], "excluded_lines": [], "executed_branches": [], "missing_branches": []}, "TemplateLibrary": {"executed_lines": [], "summary": {"covered_lines": 0, "num_statements": 8, "percent_covered": 0.0, "percent_covered_display": "0", "missing_lines": 8, "excluded_lines": 0, "num_branches": 4, "num_partial_branches": 0, "covered_branches": 0, "missing_branches": 4}, "missing_lines": [110, 115, 120, 121, 123, 124, 129, 131], "excluded_lines": [], "executed_branches": [], "missing_branches": [[123, 124], [123, 131], [124, 123], [124, 129]]}, "": {"executed_lines": [], "summary": {"covered_lines": 0, "num_statements": 16, "percent_covered": 0.0, "percent_covered_display": "0", "missing_lines": 16, "excluded_lines": 0, "num_branches": 0, "num_partial_branches": 0, "covered_branches": 0, "missing_branches": 0}, "missing_lines": [6, 9, 12, 13, 14, 15, 16, 17, 20, 23, 107, 108, 112, 113, 117, 118], "excluded_lines": [], "executed_branches": [], "missing_branches": []}}}, "src/agents/tool_categories/__init__.py": {"executed_lines": [1, 9, 10, 11, 12, 14], "summary": {"covered_lines": 5, "num_statements": 5, "percent_covered": 100.0, "percent_covered_display": "100", "missing_lines": 0, "excluded_lines": 0, "num_branches": 0, "num_partial_branches": 0, "covered_branches": 0, "missing_branches": 0}, "missing_lines": [], "excluded_lines": [], "executed_branches": [], "missing_branches": [], "functions": {"": {"executed_lines": [1, 9, 10, 11, 12, 14], "summary": {"covered_lines": 5, "num_statements": 5, "percent_covered": 100.0, "percent_covered_display": "100", "missing_lines": 0, "excluded_lines": 0, "num_branches": 0, "num_partial_branches": 0, "covered_branches": 0, "missing_branches": 0}, "missing_lines": [], "excluded_lines": [], "executed_branches": [], "missing_branches": []}}, "classes": {"": {"executed_lines": [1, 9, 10, 11, 12, 14], "summary": {"covered_lines": 5, "num_statements": 5, "percent_covered": 100.0, "percent_covered_display": "100", "missing_lines": 0, "excluded_lines": 0, "num_branches": 0, "num_partial_branches": 0, "covered_branches": 0, "missing_branches": 0}, "missing_lines": [], "excluded_lines": [], "executed_branches": [], "missing_branches": []}}}, "src/agents/tool_categories/app_tools.py": {"executed_lines": [1, 6, 8, 12], "summary": {"covered_lines": 2, "num_statements": 5, "percent_covered": 40.0, "percent_covered_display": "40", "missing_lines": 3, "excluded_lines": 2, "num_branches": 0, "num_partial_branches": 0, "covered_branches": 0, "missing_branches": 0}, "missing_lines": [19, 29, 39], "excluded_lines": [8, 9], "executed_branches": [], "missing_branches": [], "functions": {"register_app_tools": {"executed_lines": [], "summary": {"covered_lines": 0, "num_statements": 3, "percent_covered": 0.0, "percent_covered_display": "0", "missing_lines": 3, "excluded_lines": 0, "num_branches": 0, "num_partial_branches": 0, "covered_branches": 0, "missing_branches": 0}, "missing_lines": [19, 29, 39], "excluded_lines": [], "executed_branches": [], "missing_branches": []}, "": {"executed_lines": [1, 6, 8, 12], "summary": {"covered_lines": 2, "num_statements": 2, "percent_covered": 100.0, "percent_covered_display": "100", "missing_lines": 0, "excluded_lines": 2, "num_branches": 0, "num_partial_branches": 0, "covered_branches": 0, "missing_branches": 0}, "missing_lines": [], "excluded_lines": [8, 9], "executed_branches": [], "missing_branches": []}}, "classes": {"": {"executed_lines": [1, 6, 8, 12], "summary": {"covered_lines": 2, "num_statements": 5, "percent_covered": 40.0, "percent_covered_display": "40", "missing_lines": 3, "excluded_lines": 2, "num_branches": 0, "num_partial_branches": 0, "covered_branches": 0, "missing_branches": 0}, "missing_lines": [19, 29, 39], "excluded_lines": [8, 9], "executed_branches": [], "missing_branches": []}}}, "src/agents/tool_categories/math/__init__.py": {"executed_lines": [1, 7, 9, 12, 13, 16, 22], "summary": {"covered_lines": 5, "num_statements": 7, "percent_covered": 71.42857142857143, "percent_covered_display": "71", "missing_lines": 2, "excluded_lines": 2, "num_branches": 0, "num_partial_branches": 0, "covered_branches": 0, "missing_branches": 0}, "missing_lines": [18, 19], "excluded_lines": [9, 10], "executed_branches": [], "missing_branches": [], "functions": {"register_math_tools": {"executed_lines": [], "summary": {"covered_lines": 0, "num_statements": 2, "percent_covered": 0.0, "percent_covered_display": "0", "missing_lines": 2, "excluded_lines": 0, "num_branches": 0, "num_partial_branches": 0, "covered_branches": 0, "missing_branches": 0}, "missing_lines": [18, 19], "excluded_lines": [], "executed_branches": [], "missing_branches": []}, "": {"executed_lines": [1, 7, 9, 12, 13, 16, 22], "summary": {"covered_lines": 5, "num_statements": 5, "percent_covered": 100.0, "percent_covered_display": "100", "missing_lines": 0, "excluded_lines": 2, "num_branches": 0, "num_partial_branches": 0, "covered_branches": 0, "missing_branches": 0}, "missing_lines": [], "excluded_lines": [9, 10], "executed_branches": [], "missing_branches": []}}, "classes": {"": {"executed_lines": [1, 7, 9, 12, 13, 16, 22], "summary": {"covered_lines": 5, "num_statements": 7, "percent_covered": 71.42857142857143, "percent_covered_display": "71", "missing_lines": 2, "excluded_lines": 2, "num_branches": 0, "num_partial_branches": 0, "covered_branches": 0, "missing_branches": 0}, "missing_lines": [18, 19], "excluded_lines": [9, 10], "executed_branches": [], "missing_branches": []}}}, "src/agents/tool_categories/math/algebra.py": {"executed_lines": [1, 6, 8, 12], "summary": {"covered_lines": 2, "num_statements": 12, "percent_covered": 16.666666666666668, "percent_covered_display": "17", "missing_lines": 10, "excluded_lines": 2, "num_branches": 0, "num_partial_branches": 0, "covered_branches": 0, "missing_branches": 0}, "missing_lines": [19, 29, 39, 53, 63, 73, 87, 97, 107, 117], "excluded_lines": [8, 9], "executed_branches": [], "missing_branches": [], "functions": {"register_algebra": {"executed_lines": [], "summary": {"covered_lines": 0, "num_statements": 10, "percent_covered": 0.0, "percent_covered_display": "0", "missing_lines": 10, "excluded_lines": 0, "num_branches": 0, "num_partial_branches": 0, "covered_branches": 0, "missing_branches": 0}, "missing_lines": [19, 29, 39, 53, 63, 73, 87, 97, 107, 117], "excluded_lines": [], "executed_branches": [], "missing_branches": []}, "": {"executed_lines": [1, 6, 8, 12], "summary": {"covered_lines": 2, "num_statements": 2, "percent_covered": 100.0, "percent_covered_display": "100", "missing_lines": 0, "excluded_lines": 2, "num_branches": 0, "num_partial_branches": 0, "covered_branches": 0, "missing_branches": 0}, "missing_lines": [], "excluded_lines": [8, 9], "executed_branches": [], "missing_branches": []}}, "classes": {"": {"executed_lines": [1, 6, 8, 12], "summary": {"covered_lines": 2, "num_statements": 12, "percent_covered": 16.666666666666668, "percent_covered_display": "17", "missing_lines": 10, "excluded_lines": 2, "num_branches": 0, "num_partial_branches": 0, "covered_branches": 0, "missing_branches": 0}, "missing_lines": [19, 29, 39, 53, 63, 73, 87, 97, 107, 117], "excluded_lines": [8, 9], "executed_branches": [], "missing_branches": []}}}, "src/agents/tool_categories/math/calculus.py": {"executed_lines": [1, 6, 8, 12], "summary": {"covered_lines": 2, "num_statements": 10, "percent_covered": 20.0, "percent_covered_display": "20", "missing_lines": 8, "excluded_lines": 2, "num_branches": 0, "num_partial_branches": 0, "covered_branches": 0, "missing_branches": 0}, "missing_lines": [19, 29, 39, 53, 63, 77, 91, 106], "excluded_lines": [8, 9], "executed_branches": [], "missing_branches": [], "functions": {"register_calculus": {"executed_lines": [], "summary": {"covered_lines": 0, "num_statements": 8, "percent_covered": 0.0, "percent_covered_display": "0", "missing_lines": 8, "excluded_lines": 0, "num_branches": 0, "num_partial_branches": 0, "covered_branches": 0, "missing_branches": 0}, "missing_lines": [19, 29, 39, 53, 63, 77, 91, 106], "excluded_lines": [], "executed_branches": [], "missing_branches": []}, "": {"executed_lines": [1, 6, 8, 12], "summary": {"covered_lines": 2, "num_statements": 2, "percent_covered": 100.0, "percent_covered_display": "100", "missing_lines": 0, "excluded_lines": 2, "num_branches": 0, "num_partial_branches": 0, "covered_branches": 0, "missing_branches": 0}, "missing_lines": [], "excluded_lines": [8, 9], "executed_branches": [], "missing_branches": []}}, "classes": {"": {"executed_lines": [1, 6, 8, 12], "summary": {"covered_lines": 2, "num_statements": 10, "percent_covered": 20.0, "percent_covered_display": "20", "missing_lines": 8, "excluded_lines": 2, "num_branches": 0, "num_partial_branches": 0, "covered_branches": 0, "missing_branches": 0}, "missing_lines": [19, 29, 39, 53, 63, 77, 91, 106], "excluded_lines": [8, 9], "executed_branches": [], "missing_branches": []}}}, "src/agents/tool_categories/system_tools.py": {"executed_lines": [1, 6, 8, 12], "summary": {"covered_lines": 2, "num_statements": 15, "percent_covered": 13.333333333333334, "percent_covered_display": "13", "missing_lines": 13, "excluded_lines": 2, "num_branches": 0, "num_partial_branches": 0, "covered_branches": 0, "missing_branches": 0}, "missing_lines": [19, 29, 43, 53, 63, 77, 87, 101, 111, 121, 135, 145, 159], "excluded_lines": [8, 9], "executed_branches": [], "missing_branches": [], "functions": {"register_system_tools": {"executed_lines": [], "summary": {"covered_lines": 0, "num_statements": 13, "percent_covered": 0.0, "percent_covered_display": "0", "missing_lines": 13, "excluded_lines": 0, "num_branches": 0, "num_partial_branches": 0, "covered_branches": 0, "missing_branches": 0}, "missing_lines": [19, 29, 43, 53, 63, 77, 87, 101, 111, 121, 135, 145, 159], "excluded_lines": [], "executed_branches": [], "missing_branches": []}, "": {"executed_lines": [1, 6, 8, 12], "summary": {"covered_lines": 2, "num_statements": 2, "percent_covered": 100.0, "percent_covered_display": "100", "missing_lines": 0, "excluded_lines": 2, "num_branches": 0, "num_partial_branches": 0, "covered_branches": 0, "missing_branches": 0}, "missing_lines": [], "excluded_lines": [8, 9], "executed_branches": [], "missing_branches": []}}, "classes": {"": {"executed_lines": [1, 6, 8, 12], "summary": {"covered_lines": 2, "num_statements": 15, "percent_covered": 13.333333333333334, "percent_covered_display": "13", "missing_lines": 13, "excluded_lines": 2, "num_branches": 0, "num_partial_branches": 0, "covered_branches": 0, "missing_branches": 0}, "missing_lines": [19, 29, 43, 53, 63, 77, 87, 101, 111, 121, 135, 145, 159], "excluded_lines": [8, 9], "executed_branches": [], "missing_branches": []}}}, "src/agents/tool_categories/ui_tools.py": {"executed_lines": [1, 6, 8, 12], "summary": {"covered_lines": 2, "num_statements": 19, "percent_covered": 10.526315789473685, "percent_covered_display": "11", "missing_lines": 17, "excluded_lines": 2, "num_branches": 0, "num_partial_branches": 0, "covered_branches": 0, "missing_branches": 0}, "missing_lines": [19, 29, 39, 49, 62, 75, 85, 99, 109, 119, 129, 143, 153, 163, 177, 187, 197], "excluded_lines": [8, 9], "executed_branches": [], "missing_branches": [], "functions": {"register_ui_tools": {"executed_lines": [], "summary": {"covered_lines": 0, "num_statements": 17, "percent_covered": 0.0, "percent_covered_display": "0", "missing_lines": 17, "excluded_lines": 0, "num_branches": 0, "num_partial_branches": 0, "covered_branches": 0, "missing_branches": 0}, "missing_lines": [19, 29, 39, 49, 62, 75, 85, 99, 109, 119, 129, 143, 153, 163, 177, 187, 197], "excluded_lines": [], "executed_branches": [], "missing_branches": []}, "": {"executed_lines": [1, 6, 8, 12], "summary": {"covered_lines": 2, "num_statements": 2, "percent_covered": 100.0, "percent_covered_display": "100", "missing_lines": 0, "excluded_lines": 2, "num_branches": 0, "num_partial_branches": 0, "covered_branches": 0, "missing_branches": 0}, "missing_lines": [], "excluded_lines": [8, 9], "executed_branches": [], "missing_branches": []}}, "classes": {"": {"executed_lines": [1, 6, 8, 12], "summary": {"covered_lines": 2, "num_statements": 19, "percent_covered": 10.526315789473685, "percent_covered_display": "11", "missing_lines": 17, "excluded_lines": 2, "num_branches": 0, "num_partial_branches": 0, "covered_branches": 0, "missing_branches": 0}, "missing_lines": [19, 29, 39, 49, 62, 75, 85, 99, 109, 119, 129, 143, 153, 163, 177, 187, 197], "excluded_lines": [8, 9], "executed_branches": [], "missing_branches": []}}}, "src/agents/tools.py": {"executed_lines": [1, 3, 4, 6, 7, 14, 22, 23, 25, 26, 27, 28, 29, 34, 35, 40, 44, 58, 63, 67, 71, 78, 112], "summary": {"covered_lines": 20, "num_statements": 47, "percent_covered": 36.36363636363637, "percent_covered_display": "36", "missing_lines": 27, "excluded_lines": 0, "num_branches": 8, "num_partial_branches": 0, "covered_branches": 0, "missing_branches": 8}, "missing_lines": [41, 42, 46, 49, 50, 51, 52, 54, 60, 61, 65, 69, 73, 74, 75, 76, 80, 83, 96, 97, 98, 99, 100, 101, 102, 103, 105], "excluded_lines": [], "executed_branches": [], "missing_branches": [[74, 75], [74, 76], [96, 97], [96, 105], [98, 96], [98, 99], [100, 96], [100, 101]], "functions": {"ToolRegistry.__init__": {"executed_lines": [], "summary": {"covered_lines": 0, "num_statements": 2, "percent_covered": 0.0, "percent_covered_display": "0", "missing_lines": 2, "excluded_lines": 0, "num_branches": 0, "num_partial_branches": 0, "covered_branches": 0, "missing_branches": 0}, "missing_lines": [41, 42], "excluded_lines": [], "executed_branches": [], "missing_branches": []}, "ToolRegistry._initialize_builtin_tools": {"executed_lines": [], "summary": {"covered_lines": 0, "num_statements": 6, "percent_covered": 0.0, "percent_covered_display": "0", "missing_lines": 6, "excluded_lines": 0, "num_branches": 0, "num_partial_branches": 0, "covered_branches": 0, "missing_branches": 0}, "missing_lines": [46, 49, 50, 51, 52, 54], "excluded_lines": [], "executed_branches": [], "missing_branches": []}, "ToolRegistry.register_tool": {"executed_lines": [], "summary": {"covered_lines": 0, "num_statements": 2, "percent_covered": 0.0, "percent_covered_display": "0", "missing_lines": 2, "excluded_lines": 0, "num_branches": 0, "num_partial_branches": 0, "covered_branches": 0, "missing_branches": 0}, "missing_lines": [60, 61], "excluded_lines": [], "executed_branches": [], "missing_branches": []}, "ToolRegistry.get_tool": {"executed_lines": [], "summary": {"covered_lines": 0, "num_statements": 1, "percent_covered": 0.0, "percent_covered_display": "0", "missing_lines": 1, "excluded_lines": 0, "num_branches": 0, "num_partial_branches": 0, "covered_branches": 0, "missing_branches": 0}, "missing_lines": [65], "excluded_lines": [], "executed_branches": [], "missing_branches": []}, "ToolRegistry.get_categories": {"executed_lines": [], "summary": {"covered_lines": 0, "num_statements": 1, "percent_covered": 0.0, "percent_covered_display": "0", "missing_lines": 1, "excluded_lines": 0, "num_branches": 0, "num_partial_branches": 0, "covered_branches": 0, "missing_branches": 0}, "missing_lines": [69], "excluded_lines": [], "executed_branches": [], "missing_branches": []}, "ToolRegistry.list_tools": {"executed_lines": [], "summary": {"covered_lines": 0, "num_statements": 4, "percent_covered": 0.0, "percent_covered_display": "0", "missing_lines": 4, "excluded_lines": 0, "num_branches": 2, "num_partial_branches": 0, "covered_branches": 0, "missing_branches": 2}, "missing_lines": [73, 74, 75, 76], "excluded_lines": [], "executed_branches": [], "missing_branches": [[74, 75], [74, 76]]}, "ToolRegistry.get_tools_description": {"executed_lines": [], "summary": {"covered_lines": 0, "num_statements": 11, "percent_covered": 0.0, "percent_covered_display": "0", "missing_lines": 11, "excluded_lines": 0, "num_branches": 6, "num_partial_branches": 0, "covered_branches": 0, "missing_branches": 6}, "missing_lines": [80, 83, 96, 97, 98, 99, 100, 101, 102, 103, 105], "excluded_lines": [], "executed_branches": [], "missing_branches": [[96, 97], [96, 105], [98, 96], [98, 99], [100, 96], [100, 101]]}, "": {"executed_lines": [1, 3, 4, 6, 7, 14, 22, 23, 25, 26, 27, 28, 29, 34, 35, 40, 44, 58, 63, 67, 71, 78, 112], "summary": {"covered_lines": 20, "num_statements": 20, "percent_covered": 100.0, "percent_covered_display": "100", "missing_lines": 0, "excluded_lines": 0, "num_branches": 0, "num_partial_branches": 0, "covered_branches": 0, "missing_branches": 0}, "missing_lines": [], "excluded_lines": [], "executed_branches": [], "missing_branches": []}}, "classes": {"ToolDefinition": {"executed_lines": [], "summary": {"covered_lines": 0, "num_statements": 0, "percent_covered": 100.0, "percent_covered_display": "100", "missing_lines": 0, "excluded_lines": 0, "num_branches": 0, "num_partial_branches": 0, "covered_branches": 0, "missing_branches": 0}, "missing_lines": [], "excluded_lines": [], "executed_branches": [], "missing_branches": []}, "ToolRegistry": {"executed_lines": [], "summary": {"covered_lines": 0, "num_statements": 27, "percent_covered": 0.0, "percent_covered_display": "0", "missing_lines": 27, "excluded_lines": 0, "num_branches": 8, "num_partial_branches": 0, "covered_branches": 0, "missing_branches": 8}, "missing_lines": [41, 42, 46, 49, 50, 51, 52, 54, 60, 61, 65, 69, 73, 74, 75, 76, 80, 83, 96, 97, 98, 99, 100, 101, 102, 103, 105], "excluded_lines": [], "executed_branches": [], "missing_branches": [[74, 75], [74, 76], [96, 97], [96, 105], [98, 96], [98, 99], [100, 96], [100, 101]]}, "": {"executed_lines": [1, 3, 4, 6, 7, 14, 22, 23, 25, 26, 27, 28, 29, 34, 35, 40, 44, 58, 63, 67, 71, 78, 112], "summary": {"covered_lines": 20, "num_statements": 20, "percent_covered": 100.0, "percent_covered_display": "100", "missing_lines": 0, "excluded_lines": 0, "num_branches": 0, "num_partial_branches": 0, "covered_branches": 0, "missing_branches": 0}, "missing_lines": [], "excluded_lines": [], "executed_branches": [], "missing_branches": []}}}, "src/agents/ui_cache.py": {"executed_lines": [1, 3, 4, 7, 8, 14, 24, 28, 32, 36, 37, 42], "summary": {"covered_lines": 10, "num_statements": 15, "percent_covered": 66.66666666666667, "percent_covered_display": "67", "missing_lines": 5, "excluded_lines": 0, "num_branches": 0, "num_partial_branches": 0, "covered_branches": 0, "missing_branches": 0}, "missing_lines": [22, 26, 30, 34, 39], "excluded_lines": [], "executed_branches": [], "missing_branches": [], "functions": {"UICache.__init__": {"executed_lines": [], "summary": {"covered_lines": 0, "num_statements": 1, "percent_covered": 0.0, "percent_covered_display": "0", "missing_lines": 1, "excluded_lines": 0, "num_branches": 0, "num_partial_branches": 0, "covered_branches": 0, "missing_branches": 0}, "missing_lines": [22], "excluded_lines": [], "executed_branches": [], "missing_branches": []}, "UICache.get": {"executed_lines": [], "summary": {"covered_lines": 0, "num_statements": 1, "percent_covered": 0.0, "percent_covered_display": "0", "missing_lines": 1, "excluded_lines": 0, "num_branches": 0, "num_partial_branches": 0, "covered_branches": 0, "missing_branches": 0}, "missing_lines": [26], "excluded_lines": [], "executed_branches": [], "missing_branches": []}, "UICache.set": {"executed_lines": [], "summary": {"covered_lines": 0, "num_statements": 1, "percent_covered": 0.0, "percent_covered_display": "0", "missing_lines": 1, "excluded_lines": 0, "num_branches": 0, "num_partial_branches": 0, "covered_branches": 0, "missing_branches": 0}, "missing_lines": [30], "excluded_lines": [], "executed_branches": [], "missing_branches": []}, "UICache.clear": {"executed_lines": [], "summary": {"covered_lines": 0, "num_statements": 1, "percent_covered": 0.0, "percent_covered_display": "0", "missing_lines": 1, "excluded_lines": 0, "num_branches": 0, "num_partial_branches": 0, "covered_branches": 0, "missing_branches": 0}, "missing_lines": [34], "excluded_lines": [], "executed_branches": [], "missing_branches": []}, "UICache.stats": {"executed_lines": [], "summary": {"covered_lines": 0, "num_statements": 1, "percent_covered": 0.0, "percent_covered_display": "0", "missing_lines": 1, "excluded_lines": 0, "num_branches": 0, "num_partial_branches": 0, "covered_branches": 0, "missing_branches": 0}, "missing_lines": [39], "excluded_lines": [], "executed_branches": [], "missing_branches": []}, "": {"executed_lines": [1, 3, 4, 7, 8, 14, 24, 28, 32, 36, 37, 42], "summary": {"covered_lines": 10, "num_statements": 10, "percent_covered": 100.0, "percent_covered_display": "100", "missing_lines": 0, "excluded_lines": 0, "num_branches": 0, "num_partial_branches": 0, "covered_branches": 0, "missing_branches": 0}, "missing_lines": [], "excluded_lines": [], "executed_branches": [], "missing_branches": []}}, "classes": {"UICache": {"executed_lines": [], "summary": {"covered_lines": 0, "num_statements": 5, "percent_covered": 0.0, "percent_covered_display": "0", "missing_lines": 5, "excluded_lines": 0, "num_branches": 0, "num_partial_branches": 0, "covered_branches": 0, "missing_branches": 0}, "missing_lines": [22, 26, 30, 34, 39], "excluded_lines": [], "executed_branches": [], "missing_branches": []}, "": {"executed_lines": [1, 3, 4, 7, 8, 14, 24, 28, 32, 36, 37, 42], "summary": {"covered_lines": 10, "num_statements": 10, "percent_covered": 100.0, "percent_covered_display": "100", "missing_lines": 0, "excluded_lines": 0, "num_branches": 0, "num_partial_branches": 0, "covered_branches": 0, "missing_branches": 0}, "missing_lines": [], "excluded_lines": [], "executed_branches": [], "missing_branches": []}}}, "src/agents/ui_generator.py": {"executed_lines": [1, 3, 4, 5, 7, 8, 9, 10, 11, 12, 13, 16, 19, 20, 22, 23, 33, 34, 43, 44, 49, 50, 57, 58, 66, 67, 69, 85, 90, 97, 122, 213, 251, 294, 325, 359, 394, 418, 430, 441, 447, 461], "summary": {"covered_lines": 39, "num_statements": 188, "percent_covered": 16.115702479338843, "percent_covered_display": "16", "missing_lines": 149, "excluded_lines": 0, "num_branches": 54, "num_partial_branches": 0, "covered_branches": 0, "missing_branches": 54}, "missing_lines": [26, 37, 45, 53, 61, 76, 77, 78, 79, 80, 81, 83, 88, 92, 93, 94, 95, 100, 101, 102, 103, 104, 105, 106, 107, 108, 111, 112, 113, 114, 115, 116, 117, 120, 124, 125, 127, 128, 129, 131, 132, 134, 137, 138, 139, 140, 142, 143, 144, 147, 148, 150, 151, 152, 153, 155, 158, 159, 160, 161, 164, 165, 168, 170, 171, 173, 174, 175, 177, 178, 181, 182, 185, 186, 188, 191, 192, 195, 197, 198, 201, 203, 204, 205, 206, 208, 209, 211, 215, 218, 219, 220, 221, 222, 223, 224, 225, 226, 227, 228, 229, 230, 233, 234, 237, 238, 239, 241, 242, 243, 244, 245, 246, 248, 249, 253, 296, 327, 361, 363, 396, 397, 415, 416, 420, 421, 422, 423, 424, 425, 428, 432, 433, 434, 435, 438, 439, 443, 444, 445, 449, 450, 451, 452, 453, 454, 455, 456, 457], "excluded_lines": [], "executed_branches": [], "missing_branches": [[92, 93], [92, 95], [93, 92], [93, 94], [100, 101], [100, 111], [102, 103], [102, 111], [105, 106], [105, 107], [111, 112], [111, 120], [124, 125], [124, 127], [128, 129], [128, 131], [142, 143], [142, 164], [147, 148], [147, 153], [153, 155], [153, 158], [158, 142], [158, 159], [164, 165], [164, 168], [171, 173], [171, 181], [174, 175], [174, 177], [177, 178], [177, 181], [181, 182], [181, 185], [185, 186], [185, 188], [208, 209], [208, 211], [219, 220], [219, 222], [222, 223], [222, 225], [225, 226], [225, 228], [233, 234], [233, 237], [242, 243], [242, 244], [449, 450], [449, 451], [452, 453], [452, 457], [454, 452], [454, 455]], "functions": {"Templates.button": {"executed_lines": [], "summary": {"covered_lines": 0, "num_statements": 1, "percent_covered": 0.0, "percent_covered_display": "0", "missing_lines": 1, "excluded_lines": 0, "num_branches": 0, "num_partial_branches": 0, "covered_branches": 0, "missing_branches": 0}, "missing_lines": [26], "excluded_lines": [], "executed_branches": [], "missing_branches": []}, "Templates.input": {"executed_lines": [], "summary": {"covered_lines": 0, "num_statements": 1, "percent_covered": 0.0, "percent_covered_display": "0", "missing_lines": 1, "excluded_lines": 0, "num_branches": 0, "num_partial_branches": 0, "covered_branches": 0, "missing_branches": 0}, "missing_lines": [37], "excluded_lines": [], "executed_branches": [], "missing_branches": []}, "Templates.text": {"executed_lines": [], "summary": {"covered_lines": 0, "num_statements": 1, "percent_covered": 0.0, "percent_covered_display": "0", "missing_lines": 1, "excluded_lines": 0, "num_branches": 0, "num_partial_branches": 0, "covered_branches": 0, "missing_branches": 0}, "missing_lines": [45], "excluded_lines": [], "executed_branches": [], "missing_branches": []}, "Templates.container": {"executed_lines": [], "summary": {"covered_lines": 0, "num_statements": 1, "percent_covered": 0.0, "percent_covered_display": "0", "missing_lines": 1, "excluded_lines": 0, "num_branches": 0, "num_partial_branches": 0, "covered_branches": 0, "missing_branches": 0}, "missing_lines": [53], "excluded_lines": [], "executed_branches": [], "missing_branches": []}, "Templates.grid": {"executed_lines": [], "summary": {"covered_lines": 0, "num_statements": 1, "percent_covered": 0.0, "percent_covered_display": "0", "missing_lines": 1, "excluded_lines": 0, "num_branches": 0, "num_partial_branches": 0, "covered_branches": 0, "missing_branches": 0}, "missing_lines": [61], "excluded_lines": [], "executed_branches": [], "missing_branches": []}, "UIGenerator.__init__": {"executed_lines": [], "summary": {"covered_lines": 0, "num_statements": 7, "percent_covered": 0.0, "percent_covered_display": "0", "missing_lines": 7, "excluded_lines": 0, "num_branches": 0, "num_partial_branches": 0, "covered_branches": 0, "missing_branches": 0}, "missing_lines": [76, 77, 78, 79, 80, 81, 83], "excluded_lines": [], "executed_branches": [], "missing_branches": []}, "UIGenerator.generate": {"executed_lines": [], "summary": {"covered_lines": 0, "num_statements": 1, "percent_covered": 0.0, "percent_covered_display": "0", "missing_lines": 1, "excluded_lines": 0, "num_branches": 0, "num_partial_branches": 0, "covered_branches": 0, "missing_branches": 0}, "missing_lines": [88], "excluded_lines": [], "executed_branches": [], "missing_branches": []}, "UIGenerator.generate_ui": {"executed_lines": [], "summary": {"covered_lines": 0, "num_statements": 4, "percent_covered": 0.0, "percent_covered_display": "0", "missing_lines": 4, "excluded_lines": 0, "num_branches": 4, "num_partial_branches": 0, "covered_branches": 0, "missing_branches": 4}, "missing_lines": [92, 93, 94, 95], "excluded_lines": [], "executed_branches": [], "missing_branches": [[92, 93], [92, 95], [93, 92], [93, 94]]}, "UIGenerator.generate_ui_stream": {"executed_lines": [], "summary": {"covered_lines": 0, "num_statements": 17, "percent_covered": 0.0, "percent_covered_display": "0", "missing_lines": 17, "excluded_lines": 0, "num_branches": 8, "num_partial_branches": 0, "covered_branches": 0, "missing_branches": 8}, "missing_lines": [100, 101, 102, 103, 104, 105, 106, 107, 108, 111, 112, 113, 114, 115, 116, 117, 120], "excluded_lines": [], "executed_branches": [], "missing_branches": [[100, 101], [100, 111], [102, 103], [102, 111], [105, 106], [105, 107], [111, 112], [111, 120]]}, "UIGenerator._generate_llm": {"executed_lines": [], "summary": {"covered_lines": 0, "num_statements": 54, "percent_covered": 0.0, "percent_covered_display": "0", "missing_lines": 54, "excluded_lines": 0, "num_branches": 26, "num_partial_branches": 0, "covered_branches": 0, "missing_branches": 26}, "missing_lines": [124, 125, 127, 128, 129, 131, 132, 134, 137, 138, 139, 140, 142, 143, 144, 147, 148, 150, 151, 152, 153, 155, 158, 159, 160, 161, 164, 165, 168, 170, 171, 173, 174, 175, 177, 178, 181, 182, 185, 186, 188, 191, 192, 195, 197, 198, 201, 203, 204, 205, 206, 208, 209, 211], "excluded_lines": [], "executed_branches": [], "missing_branches": [[124, 125], [124, 127], [128, 129], [128, 131], [142, 143], [142, 164], [147, 148], [147, 153], [153, 155], [153, 158], [158, 142], [158, 159], [164, 165], [164, 168], [171, 173], [171, 181], [174, 175], [174, 177], [177, 178], [177, 181], [181, 182], [181, 185], [185, 186], [185, 188], [208, 209], [208, 211]]}, "UIGenerator._generate_rules": {"executed_lines": [], "summary": {"covered_lines": 0, "num_statements": 27, "percent_covered": 0.0, "percent_covered_display": "0", "missing_lines": 27, "excluded_lines": 0, "num_branches": 10, "num_partial_branches": 0, "covered_branches": 0, "missing_branches": 10}, "missing_lines": [215, 218, 219, 220, 221, 222, 223, 224, 225, 226, 227, 228, 229, 230, 233, 234, 237, 238, 239, 241, 242, 243, 244, 245, 246, 248, 249], "excluded_lines": [], "executed_branches": [], "missing_branches": [[219, 220], [219, 222], [222, 223], [222, 225], [225, 226], [225, 228], [233, 234], [233, 237], [242, 243], [242, 244]]}, "UIGenerator._build_calculator_blueprint": {"executed_lines": [], "summary": {"covered_lines": 0, "num_statements": 1, "percent_covered": 0.0, "percent_covered_display": "0", "missing_lines": 1, "excluded_lines": 0, "num_branches": 0, "num_partial_branches": 0, "covered_branches": 0, "missing_branches": 0}, "missing_lines": [253], "excluded_lines": [], "executed_branches": [], "missing_branches": []}, "UIGenerator._build_counter_blueprint": {"executed_lines": [], "summary": {"covered_lines": 0, "num_statements": 1, "percent_covered": 0.0, "percent_covered_display": "0", "missing_lines": 1, "excluded_lines": 0, "num_branches": 0, "num_partial_branches": 0, "covered_branches": 0, "missing_branches": 0}, "missing_lines": [296], "excluded_lines": [], "executed_branches": [], "missing_branches": []}, "UIGenerator._build_todo_blueprint": {"executed_lines": [], "summary": {"covered_lines": 0, "num_statements": 1, "percent_covered": 0.0, "percent_covered_display": "0", "missing_lines": 1, "excluded_lines": 0, "num_branches": 0, "num_partial_branches": 0, "covered_branches": 0, "missing_branches": 0}, "missing_lines": [327], "excluded_lines": [], "executed_branches": [], "missing_branches": []}, "UIGenerator._build_placeholder_blueprint": {"executed_lines": [], "summary": {"covered_lines": 0, "num_statements": 2, "percent_covered": 0.0, "percent_covered_display": "0", "missing_lines": 2, "excluded_lines": 0, "num_branches": 0, "num_partial_branches": 0, "covered_branches": 0, "missing_branches": 0}, "missing_lines": [361, 363], "excluded_lines": [], "executed_branches": [], "missing_branches": []}, "UIGenerator._build_calculator": {"executed_lines": [], "summary": {"covered_lines": 0, "num_statements": 4, "percent_covered": 0.0, "percent_covered_display": "0", "missing_lines": 4, "excluded_lines": 0, "num_branches": 0, "num_partial_branches": 0, "covered_branches": 0, "missing_branches": 0}, "missing_lines": [396, 397, 415, 416], "excluded_lines": [], "executed_branches": [], "missing_branches": []}, "UIGenerator._build_counter": {"executed_lines": [], "summary": {"covered_lines": 0, "num_statements": 7, "percent_covered": 0.0, "percent_covered_display": "0", "missing_lines": 7, "excluded_lines": 0, "num_branches": 0, "num_partial_branches": 0, "covered_branches": 0, "missing_branches": 0}, "missing_lines": [420, 421, 422, 423, 424, 425, 428], "excluded_lines": [], "executed_branches": [], "missing_branches": []}, "UIGenerator._build_todo": {"executed_lines": [], "summary": {"covered_lines": 0, "num_statements": 6, "percent_covered": 0.0, "percent_covered_display": "0", "missing_lines": 6, "excluded_lines": 0, "num_branches": 0, "num_partial_branches": 0, "covered_branches": 0, "missing_branches": 0}, "missing_lines": [432, 433, 434, 435, 438, 439], "excluded_lines": [], "executed_branches": [], "missing_branches": []}, "UIGenerator._build_placeholder": {"executed_lines": [], "summary": {"covered_lines": 0, "num_statements": 3, "percent_covered": 0.0, "percent_covered_display": "0", "missing_lines": 3, "excluded_lines": 0, "num_branches": 0, "num_partial_branches": 0, "covered_branches": 0, "missing_branches": 0}, "missing_lines": [443, 444, 445], "excluded_lines": [], "executed_branches": [], "missing_branches": []}, "UIGenerator._format_backend_services": {"executed_lines": [], "summary": {"covered_lines": 0, "num_statements": 9, "percent_covered": 0.0, "percent_covered_display": "0", "missing_lines": 9, "excluded_lines": 0, "num_branches": 6, "num_partial_branches": 0, "covered_branches": 0, "missing_branches": 6}, "missing_lines": [449, 450, 451, 452, 453, 454, 455, 456, 457], "excluded_lines": [], "executed_branches": [], "missing_branches": [[449, 450], [449, 451], [452, 453], [452, 457], [454, 452], [454, 455]]}, "": {"executed_lines": [1, 3, 4, 5, 7, 8, 9, 10, 11, 12, 13, 16, 19, 20, 22, 23, 33, 34, 43, 44, 49, 50, 57, 58, 66, 67, 69, 85, 90, 97, 122, 213, 251, 294, 325, 359, 394, 418, 430, 441, 447, 461], "summary": {"covered_lines": 39, "num_statements": 39, "percent_covered": 100.0, "percent_covered_display": "100", "missing_lines": 0, "excluded_lines": 0, "num_branches": 0, "num_partial_branches": 0, "covered_branches": 0, "missing_branches": 0}, "missing_lines": [], "excluded_lines": [], "executed_branches": [], "missing_branches": []}}, "classes": {"Templates": {"executed_lines": [], "summary": {"covered_lines": 0, "num_statements": 5, "percent_covered": 0.0, "percent_covered_display": "0", "missing_lines": 5, "excluded_lines": 0, "num_branches": 0, "num_partial_branches": 0, "covered_branches": 0, "missing_branches": 0}, "missing_lines": [26, 37, 45, 53, 61], "excluded_lines": [], "executed_branches": [], "missing_branches": []}, "UIGenerator": {"executed_lines": [], "summary": {"covered_lines": 0, "num_statements": 144, "percent_covered": 0.0, "percent_covered_display": "0", "missing_lines": 144, "excluded_lines": 0, "num_branches": 54, "num_partial_branches": 0, "covered_branches": 0, "missing_branches": 54}, "missing_lines": [76, 77, 78, 79, 80, 81, 83, 88, 92, 93, 94, 95, 100, 101, 102, 103, 104, 105, 106, 107, 108, 111, 112, 113, 114, 115, 116, 117, 120, 124, 125, 127, 128, 129, 131, 132, 134, 137, 138, 139, 140, 142, 143, 144, 147, 148, 150, 151, 152, 153, 155, 158, 159, 160, 161, 164, 165, 168, 170, 171, 173, 174, 175, 177, 178, 181, 182, 185, 186, 188, 191, 192, 195, 197, 198, 201, 203, 204, 205, 206, 208, 209, 211, 215, 218, 219, 220, 221, 222, 223, 224, 225, 226, 227, 228, 229, 230, 233, 234, 237, 238, 239, 241, 242, 243, 244, 245, 246, 248, 249, 253, 296, 327, 361, 363, 396, 397, 415, 416, 420, 421, 422, 423, 424, 425, 428, 432, 433, 434, 435, 438, 439, 443, 444, 445, 449, 450, 451, 452, 453, 454, 455, 456, 457], "excluded_lines": [], "executed_branches": [], "missing_branches": [[92, 93], [92, 95], [93, 92], [93, 94], [100, 101], [100, 111], [102, 103], [102, 111], [105, 106], [105, 107], [111, 112], [111, 120], [124, 125], [124, 127], [128, 129], [128, 131], [142, 143], [142, 164], [147, 148], [147, 153], [153, 155], [153, 158], [158, 142], [158, 159], [164, 165], [164, 168], [171, 173], [171, 181], [174, 175], [174, 177], [177, 178], [177, 181], [181, 182], [181, 185], [185, 186], [185, 188], [208, 209], [208, 211], [219, 220], [219, 222], [222, 223], [222, 225], [225, 226], [225, 228], [233, 234], [233, 237], [242, 243], [242, 244], [449, 450], [449, 451], [452, 453], [452, 457], [454, 452], [454, 455]]}, "": {"executed_lines": [1, 3, 4, 5, 7, 8, 9, 10, 11, 12, 13, 16, 19, 20, 22, 23, 33, 34, 43, 44, 49, 50, 57, 58, 66, 67, 69, 85, 90, 97, 122, 213, 251, 294, 325, 359, 394, 418, 430, 441, 447, 461], "summary": {"covered_lines": 39, "num_statements": 39, "percent_covered": 100.0, "percent_covered_display": "100", "missing_lines": 0, "excluded_lines": 0, "num_branches": 0, "num_partial_branches": 0, "covered_branches": 0, "missing_branches": 0}, "missing_lines": [], "excluded_lines": [], "executed_branches": [], "missing_branches": []}}}, "src/ai_pb2.py": {"executed_lines": [], "summary": {"covered_lines": 0, "num_statements": 39, "percent_covered": 0.0, "percent_covered_display": "0", "missing_lines": 39, "excluded_lines": 0, "num_branches": 2, "num_partial_branches": 0, "covered_branches": 0, "missing_branches": 2}, "missing_lines": [7, 8, 9, 10, 11, 12, 22, 27, 29, 30, 31, 32, 33, 34, 35, 36, 37, 38, 39, 40, 41, 42, 43, 44, 45, 46, 47, 48, 49, 50, 51, 52, 53, 54, 55, 56, 57, 58, 59], "excluded_lines": [], "executed_branches": [], "missing_branches": [[32, -1], [32, 33]], "functions": {"": {"executed_lines": [], "summary": {"covered_lines": 0, "num_statements": 39, "percent_covered": 0.0, "percent_covered_display": "0", "missing_lines": 39, "excluded_lines": 0, "num_branches": 2, "num_partial_branches": 0, "covered_branches": 0, "missing_branches": 2}, "missing_lines": [7, 8, 9, 10, 11, 12, 22, 27, 29, 30, 31, 32, 33, 34, 35, 36, 37, 38, 39, 40, 41, 42, 43, 44, 45, 46, 47, 48, 49, 50, 51, 52, 53, 54, 55, 56, 57, 58, 59], "excluded_lines": [], "executed_branches": [], "missing_branches": [[32, -1], [32, 33]]}}, "classes": {"": {"executed_lines": [], "summary": {"covered_lines": 0, "num_statements": 39, "percent_covered": 0.0, "percent_covered_display": "0", "missing_lines": 39, "excluded_lines": 0, "num_branches": 2, "num_partial_branches": 0, "covered_branches": 0, "missing_branches": 2}, "missing_lines": [7, 8, 9, 10, 11, 12, 22, 27, 29, 30, 31, 32, 33, 34, 35, 36, 37, 38, 39, 40, 41, 42, 43, 44, 45, 46, 47, 48, 49, 50, 51, 52, 53, 54, 55, 56, 57, 58, 59], "excluded_lines": [], "executed_branches": [], "missing_branches": [[32, -1], [32, 33]]}}}, "src/ai_pb2_grpc.py": {"executed_lines": [], "summary": {"covered_lines": 0, "num_statements": 46, "percent_covered": 0.0, "percent_covered_display": "0", "missing_lines": 46, "excluded_lines": 0, "num_branches": 2, "num_partial_branches": 0, "covered_branches": 0, "missing_branches": 2}, "missing_lines": [3, 4, 6, 8, 9, 10, 12, 13, 14, 15, 16, 18, 19, 28, 32, 38, 43, 48, 55, 59, 62, 63, 64, 66, 69, 70, 71, 73, 76, 77, 78, 81, 82, 99, 101, 102, 106, 110, 111, 121, 137, 138, 148, 164, 165, 175], "excluded_lines": [], "executed_branches": [], "missing_branches": [[18, 19], [18, 28]], "functions": {"AIServiceStub.__init__": {"executed_lines": [], "summary": {"covered_lines": 0, "num_statements": 3, "percent_covered": 0.0, "percent_covered_display": "0", "missing_lines": 3, "excluded_lines": 0, "num_branches": 0, "num_partial_branches": 0, "covered_branches": 0, "missing_branches": 0}, "missing_lines": [38, 43, 48], "excluded_lines": [], "executed_branches": [], "missing_branches": []}, "AIServiceServicer.GenerateUI": {"executed_lines": [], "summary": {"covered_lines": 0, "num_statements": 3, "percent_covered": 0.0, "percent_covered_display": "0", "missing_lines": 3, "excluded_lines": 0, "num_branches": 0, "num_partial_branches": 0, "covered_branches": 0, "missing_branches": 0}, "missing_lines": [62, 63, 64], "excluded_lines": [], "executed_branches": [], "missing_branches": []}, "AIServiceServicer.StreamChat": {"executed_lines": [], "summary": {"covered_lines": 0, "num_statements": 3, "percent_covered": 0.0, "percent_covered_display": "0", "missing_lines": 3, "excluded_lines": 0, "num_branches": 0, "num_partial_branches": 0, "covered_branches": 0, "missing_branches": 0}, "missing_lines": [69, 70, 71], "excluded_lines": [], "executed_branches": [], "missing_branches": []}, "AIServiceServicer.StreamUI": {"executed_lines": [], "summary": {"covered_lines": 0, "num_statements": 3, "percent_covered": 0.0, "percent_covered_display": "0", "missing_lines": 3, "excluded_lines": 0, "num_branches": 0, "num_partial_branches": 0, "covered_branches": 0, "missing_branches": 0}, "missing_lines": [76, 77, 78], "excluded_lines": [], "executed_branches": [], "missing_branches": []}, "add_AIServiceServicer_to_server": {"executed_lines": [], "summary": {"covered_lines": 0, "num_statements": 4, "percent_covered": 0.0, "percent_covered_display": "0", "missing_lines": 4, "excluded_lines": 0, "num_branches": 0, "num_partial_branches": 0, "covered_branches": 0, "missing_branches": 0}, "missing_lines": [82, 99, 101, 102], "excluded_lines": [], "executed_branches": [], "missing_branches": []}, "AIService.GenerateUI": {"executed_lines": [], "summary": {"covered_lines": 0, "num_statements": 1, "percent_covered": 0.0, "percent_covered_display": "0", "missing_lines": 1, "excluded_lines": 0, "num_branches": 0, "num_partial_branches": 0, "covered_branches": 0, "missing_branches": 0}, "missing_lines": [121], "excluded_lines": [], "executed_branches": [], "missing_branches": []}, "AIService.StreamChat": {"executed_lines": [], "summary": {"covered_lines": 0, "num_statements": 1, "percent_covered": 0.0, "percent_covered_display": "0", "missing_lines": 1, "excluded_lines": 0, "num_branches": 0, "num_partial_branches": 0, "covered_branches": 0, "missing_branches": 0}, "missing_lines": [148], "excluded_lines": [], "executed_branches": [], "missing_branches": []}, "AIService.StreamUI": {"executed_lines": [], "summary": {"covered_lines": 0, "num_statements": 1, "percent_covered": 0.0, "percent_covered_display": "0", "missing_lines": 1, "excluded_lines": 0, "num_branches": 0, "num_partial_branches": 0, "covered_branches": 0, "missing_branches": 0}, "missing_lines": [175], "excluded_lines": [], "executed_branches": [], "missing_branches": []}, "": {"executed_lines": [], "summary": {"covered_lines": 0, "num_statements": 27, "percent_covered": 0.0, "percent_covered_display": "0", "missing_lines": 27, "excluded_lines": 0, "num_branches": 2, "num_partial_branches": 0, "covered_branches": 0, "missing_branches": 2}, "missing_lines": [3, 4, 6, 8, 9, 10, 12, 13, 14, 15, 16, 18, 19, 28, 32, 55, 59, 66, 73, 81, 106, 110, 111, 137, 138, 164, 165], "excluded_lines": [], "executed_branches": [], "missing_branches": [[18, 19], [18, 28]]}}, "classes": {"AIServiceStub": {"executed_lines": [], "summary": {"covered_lines": 0, "num_statements": 3, "percent_covered": 0.0, "percent_covered_display": "0", "missing_lines": 3, "excluded_lines": 0, "num_branches": 0, "num_partial_branches": 0, "covered_branches": 0, "missing_branches": 0}, "missing_lines": [38, 43, 48], "excluded_lines": [], "executed_branches": [], "missing_branches": []}, "AIServiceServicer": {"executed_lines": [], "summary": {"covered_lines": 0, "num_statements": 9, "percent_covered": 0.0, "percent_covered_display": "0", "missing_lines": 9, "excluded_lines": 0, "num_branches": 0, "num_partial_branches": 0, "covered_branches": 0, "missing_branches": 0}, "missing_lines": [62, 63, 64, 69, 70, 71, 76, 77, 78], "excluded_lines": [], "executed_branches": [], "missing_branches": []}, "AIService": {"executed_lines": [], "summary": {"covered_lines": 0, "num_statements": 3, "percent_covered": 0.0, "percent_covered_display": "0", "missing_lines": 3, "excluded_lines": 0, "num_branches": 0, "num_partial_branches": 0, "covered_branches": 0, "missing_branches": 0}, "missing_lines": [121, 148, 175], "excluded_lines": [], "executed_branches": [], "missing_branches": []}, "": {"executed_lines": [], "summary": {"covered_lines": 0, "num_statements": 31, "percent_covered": 0.0, "percent_covered_display": "0", "missing_lines": 31, "excluded_lines": 0, "num_branches": 2, "num_partial_branches": 0, "covered_branches": 0, "missing_branches": 2}, "missing_lines": [3, 4, 6, 8, 9, 10, 12, 13, 14, 15, 16, 18, 19, 28, 32, 55, 59, 66, 73, 81, 82, 99, 101, 102, 106, 110, 111, 137, 138, 164, 165], "excluded_lines": [], "executed_branches": [], "missing_branches": [[18, 19], [18, 28]]}}}, "src/blueprint/__init__.py": {"executed_lines": [1, 6, 8], "summary": {"covered_lines": 2, "num_statements": 2, "percent_covered": 100.0, "percent_covered_display": "100", "missing_lines": 0, "excluded_lines": 0, "num_branches": 0, "num_partial_branches": 0, "covered_branches": 0, "missing_branches": 0}, "missing_lines": [], "excluded_lines": [], "executed_branches": [], "missing_branches": [], "functions": {"": {"executed_lines": [1, 6, 8], "summary": {"covered_lines": 2, "num_statements": 2, "percent_covered": 100.0, "percent_covered_display": "100", "missing_lines": 0, "excluded_lines": 0, "num_branches": 0, "num_partial_branches": 0, "covered_branches": 0, "missing_branches": 0}, "missing_lines": [], "excluded_lines": [], "executed_branches": [], "missing_branches": []}}, "classes": {"": {"executed_lines": [1, 6, 8], "summary": {"covered_lines": 2, "num_statements": 2, "percent_covered": 100.0, "percent_covered_display": "100", "missing_lines": 0, "excluded_lines": 0, "num_branches": 0, "num_partial_branches": 0, "covered_branches": 0, "missing_branches": 0}, "missing_lines": [], "excluded_lines": [], "executed_branches": [], "missing_branches": []}}}, "src/blueprint/parser.py": {"executed_lines": [1, 3, 4, 6, 7, 9, 12, 13, 15, 19, 80, 126, 139, 161, 171, 230, 274], "summary": {"covered_lines": 15, "num_statements": 134, "percent_covered": 7.211538461538462, "percent_covered_display": "7", "missing_lines": 119, "excluded_lines": 0, "num_branches": 74, "num_partial_branches": 0, "covered_branches": 0, "missing_branches": 74}, "missing_lines": [16, 17, 30, 33, 34, 35, 36, 37, 39, 40, 41, 43, 44, 45, 47, 50, 51, 52, 53, 54, 55, 58, 61, 63, 92, 94, 95, 97, 98, 100, 101, 103, 104, 106, 107, 109, 110, 111, 113, 122, 124, 128, 129, 131, 147, 148, 150, 151, 152, 153, 154, 155, 157, 159, 163, 165, 166, 167, 169, 182, 183, 184, 185, 188, 190, 192, 195, 196, 197, 200, 201, 202, 203, 204, 207, 208, 209, 211, 212, 213, 214, 215, 217, 220, 221, 222, 223, 224, 226, 228, 235, 236, 237, 238, 239, 241, 242, 243, 246, 247, 248, 249, 250, 251, 252, 253, 254, 255, 258, 259, 260, 263, 265, 266, 268, 269, 271, 284, 285], "excluded_lines": [], "executed_branches": [], "missing_branches": [[39, 40], [39, 43], [43, 44], [43, 47], [50, 51], [50, 53], [53, 54], [53, 58], [94, 95], [94, 124], [95, 97], [95, 98], [98, 94], [98, 100], [100, 94], [100, 101], [101, 103], [101, 104], [104, 106], [104, 107], [107, 109], [107, 122], [110, 111], [110, 113], [128, 129], [128, 131], [147, 148], [147, 150], [151, 152], [151, 159], [152, 153], [152, 154], [154, 155], [154, 157], [165, 166], [165, 169], [166, 165], [166, 167], [182, 183], [182, 188], [188, 190], [188, 228], [190, 192], [190, 195], [195, 196], [195, 228], [196, 197], [196, 200], [203, 204], [203, 207], [211, 212], [211, 220], [212, 213], [212, 214], [214, 215], [214, 217], [221, 222], [221, 223], [223, 224], [223, 226], [237, 238], [237, 241], [246, 247], [246, 249], [249, 250], [249, 252], [252, 253], [252, 258], [259, 260], [259, 263], [265, 266], [265, 268], [268, 269], [268, 271]], "functions": {"BlueprintParser.__init__": {"executed_lines": [], "summary": {"covered_lines": 0, "num_statements": 2, "percent_covered": 0.0, "percent_covered_display": "0", "missing_lines": 2, "excluded_lines": 0, "num_branches": 0, "num_partial_branches": 0, "covered_branches": 0, "missing_branches": 0}, "missing_lines": [16, 17], "excluded_lines": [], "executed_branches": [], "missing_branches": []}, "BlueprintParser.parse": {"executed_lines": [], "summary": {"covered_lines": 0, "num_statements": 22, "percent_covered": 0.0, "percent_covered_display": "0", "missing_lines": 22, "excluded_lines": 0, "num_branches": 8, "num_partial_branches": 0, "covered_branches": 0, "missing_branches": 8}, "missing_lines": [30, 33, 34, 35, 36, 37, 39, 40, 41, 43, 44, 45, 47, 50, 51, 52, 53, 54, 55, 58, 61, 63], "excluded_lines": [], "executed_branches": [], "missing_branches": [[39, 40], [39, 43], [43, 44], [43, 47], [50, 51], [50, 53], [53, 54], [53, 58]]}, "BlueprintParser._expand_services": {"executed_lines": [], "summary": {"covered_lines": 0, "num_statements": 17, "percent_covered": 0.0, "percent_covered_display": "0", "missing_lines": 17, "excluded_lines": 0, "num_branches": 16, "num_partial_branches": 0, "covered_branches": 0, "missing_branches": 16}, "missing_lines": [92, 94, 95, 97, 98, 100, 101, 103, 104, 106, 107, 109, 110, 111, 113, 122, 124], "excluded_lines": [], "executed_branches": [], "missing_branches": [[94, 95], [94, 124], [95, 97], [95, 98], [98, 94], [98, 100], [100, 94], [100, 101], [101, 103], [101, 104], [104, 106], [104, 107], [107, 109], [107, 122], [110, 111], [110, 113]]}, "BlueprintParser._expand_ui": {"executed_lines": [], "summary": {"covered_lines": 0, "num_statements": 3, "percent_covered": 0.0, "percent_covered_display": "0", "missing_lines": 3, "excluded_lines": 0, "num_branches": 2, "num_partial_branches": 0, "covered_branches": 0, "missing_branches": 2}, "missing_lines": [128, 129, 131], "excluded_lines": [], "executed_branches": [], "missing_branches": [[128, 129], [128, 131]]}, "BlueprintParser._expand_lifecycle": {"executed_lines": [], "summary": {"covered_lines": 0, "num_statements": 10, "percent_covered": 0.0, "percent_covered_display": "0", "missing_lines": 10, "excluded_lines": 0, "num_branches": 8, "num_partial_branches": 0, "covered_branches": 0, "missing_branches": 8}, "missing_lines": [147, 148, 150, 151, 152, 153, 154, 155, 157, 159], "excluded_lines": [], "executed_branches": [], "missing_branches": [[147, 148], [147, 150], [151, 152], [151, 159], [152, 153], [152, 154], [154, 155], [154, 157]]}, "BlueprintParser._expand_components": {"executed_lines": [], "summary": {"covered_lines": 0, "num_statements": 5, "percent_covered": 0.0, "percent_covered_display": "0", "missing_lines": 5, "excluded_lines": 0, "num_branches": 4, "num_partial_branches": 0, "covered_branches": 0, "missing_branches": 4}, "missing_lines": [163, 165, 166, 167, 169], "excluded_lines": [], "executed_branches": [], "missing_branches": [[165, 166], [165, 169], [166, 165], [166, 167]]}, "BlueprintParser._expand_component": {"executed_lines": [], "summary": {"covered_lines": 0, "num_statements": 31, "percent_covered": 0.0, "percent_covered_display": "0", "missing_lines": 31, "excluded_lines": 0, "num_branches": 22, "num_partial_branches": 0, "covered_branches": 0, "missing_branches": 22}, "missing_lines": [182, 183, 184, 185, 188, 190, 192, 195, 196, 197, 200, 201, 202, 203, 204, 207, 208, 209, 211, 212, 213, 214, 215, 217, 220, 221, 222, 223, 224, 226, 228], "excluded_lines": [], "executed_branches": [], "missing_branches": [[182, 183], [182, 188], [188, 190], [188, 228], [190, 192], [190, 195], [195, 196], [195, 228], [196, 197], [196, 200], [203, 204], [203, 207], [211, 212], [211, 220], [212, 213], [212, 214], [214, 215], [214, 217], [221, 222], [221, 223], [223, 224], [223, 226]]}, "BlueprintParser._expand_explicit_component": {"executed_lines": [], "summary": {"covered_lines": 0, "num_statements": 27, "percent_covered": 0.0, "percent_covered_display": "0", "missing_lines": 27, "excluded_lines": 0, "num_branches": 14, "num_partial_branches": 0, "covered_branches": 0, "missing_branches": 14}, "missing_lines": [235, 236, 237, 238, 239, 241, 242, 243, 246, 247, 248, 249, 250, 251, 252, 253, 254, 255, 258, 259, 260, 263, 265, 266, 268, 269, 271], "excluded_lines": [], "executed_branches": [], "missing_branches": [[237, 238], [237, 241], [246, 247], [246, 249], [249, 250], [249, 252], [252, 253], [252, 258], [259, 260], [259, 263], [265, 266], [265, 268], [268, 269], [268, 271]]}, "parse_blueprint": {"executed_lines": [], "summary": {"covered_lines": 0, "num_statements": 2, "percent_covered": 0.0, "percent_covered_display": "0", "missing_lines": 2, "excluded_lines": 0, "num_branches": 0, "num_partial_branches": 0, "covered_branches": 0, "missing_branches": 0}, "missing_lines": [284, 285], "excluded_lines": [], "executed_branches": [], "missing_branches": []}, "": {"executed_lines": [1, 3, 4, 6, 7, 9, 12, 13, 15, 19, 80, 126, 139, 161, 171, 230, 274], "summary": {"covered_lines": 15, "num_statements": 15, "percent_covered": 100.0, "percent_covered_display": "100", "missing_lines": 0, "excluded_lines": 0, "num_branches": 0, "num_partial_branches": 0, "covered_branches": 0, "missing_branches": 0}, "missing_lines": [], "excluded_lines": [], "executed_branches": [], "missing_branches": []}}, "classes": {"BlueprintParser": {"executed_lines": [], "summary": {"covered_lines": 0, "num_statements": 117, "percent_covered": 0.0, "percent_covered_display": "0", "missing_lines": 117, "excluded_lines": 0, "num_branches": 74, "num_partial_branches": 0, "covered_branches": 0, "missing_branches": 74}, "missing_lines": [16, 17, 30, 33, 34, 35, 36, 37, 39, 40, 41, 43, 44, 45, 47, 50, 51, 52, 53, 54, 55, 58, 61, 63, 92, 94, 95, 97, 98, 100, 101, 103, 104, 106, 107, 109, 110, 111, 113, 122, 124, 128, 129, 131, 147, 148, 150, 151, 152, 153, 154, 155, 157, 159, 163, 165, 166, 167, 169, 182, 183, 184, 185, 188, 190, 192, 195, 196, 197, 200, 201, 202, 203, 204, 207, 208, 209, 211, 212, 213, 214, 215, 217, 220, 221, 222, 223, 224, 226, 228, 235, 236, 237, 238, 239, 241, 242, 243, 246, 247, 248, 249, 250, 251, 252, 253, 254, 255, 258, 259, 260, 263, 265, 266, 268, 269, 271], "excluded_lines": [], "executed_branches": [], "missing_branches": [[39, 40], [39, 43], [43, 44], [43, 47], [50, 51], [50, 53], [53, 54], [53, 58], [94, 95], [94, 124], [95, 97], [95, 98], [98, 94], [98, 100], [100, 94], [100, 101], [101, 103], [101, 104], [104, 106], [104, 107], [107, 109], [107, 122], [110, 111], [110, 113], [128, 129], [128, 131], [147, 148], [147, 150], [151, 152], [151, 159], [152, 153], [152, 154], [154, 155], [154, 157], [165, 166], [165, 169], [166, 165], [166, 167], [182, 183], [182, 188], [188, 190], [188, 228], [190, 192], [190, 195], [195, 196], [195, 228], [196, 197], [196, 200], [203, 204], [203, 207], [211, 212], [211, 220], [212, 213], [212, 214], [214, 215], [214, 217], [221, 222], [221, 223], [223, 224], [223, 226], [237, 238], [237, 241], [246, 247], [246, 249], [249, 250], [249, 252], [252, 253], [252, 258], [259, 260], [259, 263], [265, 266], [265, 268], [268, 269], [268, 271]]}, "": {"executed_lines": [1, 3, 4, 6, 7, 9, 12, 13, 15, 19, 80, 126, 139, 161, 171, 230, 274], "summary": {"covered_lines": 15, "num_statements": 17, "percent_covered": 88.23529411764706, "percent_covered_display": "88", "missing_lines": 2, "excluded_lines": 0, "num_branches": 0, "num_partial_branches": 0, "covered_branches": 0, "missing_branches": 0}, "missing_lines": [284, 285], "excluded_lines": [], "executed_branches": [], "missing_branches": []}}}, "src/clients/__init__.py": {"executed_lines": [], "summary": {"covered_lines": 0, "num_statements": 2, "percent_covered": 0.0, "percent_covered_display": "0", "missing_lines": 2, "excluded_lines": 0, "num_branches": 0, "num_partial_branches": 0, "covered_branches": 0, "missing_branches": 0}, "missing_lines": [5, 7], "excluded_lines": [], "executed_branches": [], "missing_branches": [], "functions": {"": {"executed_lines": [], "summary": {"covered_lines": 0, "num_statements": 2, "percent_covered": 0.0, "percent_covered_display": "0", "missing_lines": 2, "excluded_lines": 0, "num_branches": 0, "num_partial_branches": 0, "covered_branches": 0, "missing_branches": 0}, "missing_lines": [5, 7], "excluded_lines": [], "executed_branches": [], "missing_branches": []}}, "classes": {"": {"executed_lines": [], "summary": {"covered_lines": 0, "num_statements": 2, "percent_covered": 0.0, "percent_covered_display": "0", "missing_lines": 2, "excluded_lines": 0, "num_branches": 0, "num_partial_branches": 0, "covered_branches": 0, "missing_branches": 0}, "missing_lines": [5, 7], "excluded_lines": [], "executed_branches": [], "missing_branches": []}}}, "src/clients/backend.py": {"executed_lines": [], "summary": {"covered_lines": 0, "num_statements": 163, "percent_covered": 0.0, "percent_covered_display": "0", "missing_lines": 163, "excluded_lines": 0, "num_branches": 22, "num_partial_branches": 0, "covered_branches": 0, "missing_branches": 22}, "missing_lines": [3, 4, 5, 7, 9, 12, 13, 16, 17, 18, 19, 22, 23, 26, 27, 28, 29, 30, 33, 34, 37, 38, 39, 40, 41, 42, 45, 51, 59, 60, 61, 65, 68, 70, 77, 84, 86, 96, 97, 98, 101, 102, 104, 105, 108, 111, 112, 113, 115, 118, 119, 120, 121, 122, 123, 124, 133, 143, 154, 155, 156, 158, 159, 160, 161, 162, 163, 164, 165, 166, 168, 178, 179, 181, 183, 184, 185, 186, 190, 191, 193, 195, 202, 204, 205, 206, 207, 213, 223, 224, 226, 227, 229, 230, 232, 233, 234, 235, 237, 238, 240, 241, 242, 243, 244, 245, 246, 247, 248, 250, 266, 267, 269, 270, 272, 273, 275, 276, 277, 278, 280, 281, 282, 284, 285, 286, 287, 288, 289, 290, 291, 292, 294, 308, 309, 310, 312, 313, 315, 316, 318, 319, 321, 322, 324, 325, 327, 329, 331, 332, 333, 334, 335, 336, 337, 338, 339, 341, 343, 345, 346, 348, 349], "excluded_lines": [], "executed_branches": [], "missing_branches": [[111, 112], [111, 115], [119, 120], [119, 154], [121, 122], [121, 143], [123, 124], [123, 133], [178, 179], [178, 181], [183, 184], [183, 193], [185, 183], [185, 186], [233, 234], [233, 237], [276, 277], [276, 280], [309, 310], [309, 312], [324, 325], [324, 327]], "functions": {"BackendClient.__init__": {"executed_lines": [], "summary": {"covered_lines": 0, "num_statements": 7, "percent_covered": 0.0, "percent_covered_display": "0", "missing_lines": 7, "excluded_lines": 0, "num_branches": 0, "num_partial_branches": 0, "covered_branches": 0, "missing_branches": 0}, "missing_lines": [59, 60, 61, 65, 68, 77, 84], "excluded_lines": [], "executed_branches": [], "missing_branches": []}, "BackendClient.__init__.BreakerListener.state_change": {"executed_lines": [], "summary": {"covered_lines": 0, "num_statements": 1, "percent_covered": 0.0, "percent_covered_display": "0", "missing_lines": 1, "excluded_lines": 0, "num_branches": 0, "num_partial_branches": 0, "covered_branches": 0, "missing_branches": 0}, "missing_lines": [70], "excluded_lines": [], "executed_branches": [], "missing_branches": []}, "BackendClient.discover_services": {"executed_lines": [], "summary": {"covered_lines": 0, "num_statements": 32, "percent_covered": 0.0, "percent_covered_display": "0", "missing_lines": 32, "excluded_lines": 0, "num_branches": 8, "num_partial_branches": 0, "covered_branches": 0, "missing_branches": 8}, "missing_lines": [96, 97, 98, 101, 104, 105, 108, 111, 112, 113, 115, 118, 119, 120, 121, 122, 123, 124, 133, 143, 154, 155, 156, 158, 159, 160, 161, 162, 163, 164, 165, 166], "excluded_lines": [], "executed_branches": [], "missing_branches": [[111, 112], [111, 115], [119, 120], [119, 154], [121, 122], [121, 143], [123, 124], [123, 133]]}, "BackendClient.discover_services._make_request": {"executed_lines": [], "summary": {"covered_lines": 0, "num_statements": 1, "percent_covered": 0.0, "percent_covered_display": "0", "missing_lines": 1, "excluded_lines": 0, "num_branches": 0, "num_partial_branches": 0, "c
[...]
g_branches": 0}, "missing_lines": [22], "excluded_lines": [], "executed_branches": [], "missing_branches": []}, "MetricsHandler.do_GET": {"executed_lines": [], "summary": {"covered_lines": 0, "num_statements": 9, "percent_covered": 0.0, "percent_covered_display": "0", "missing_lines": 9, "excluded_lines": 0, "num_branches": 6, "num_partial_branches": 0, "covered_branches": 0, "missing_branches": 6}, "missing_lines": [26, 27, 28, 29, 30, 31, 33, 34, 35], "excluded_lines": [], "executed_branches": [], "missing_branches": [[26, 27], [26, 28], [28, 29], [28, 30], [30, 31], [30, 33]]}, "MetricsHandler.send_json_metrics": {"executed_lines": [], "summary": {"covered_lines": 0, "num_statements": 22, "percent_covered": 0.0, "percent_covered_display": "0", "missing_lines": 22, "excluded_lines": 0, "num_branches": 6, "num_partial_branches": 0, "covered_branches": 0, "missing_branches": 6}, "missing_lines": [39, 40, 43, 49, 60, 61, 62, 64, 65, 66, 67, 68, 69, 71, 72, 73, 74, 76, 77, 78, 79, 80], "excluded_lines": [], "executed_branches": [], "missing_branches": [[49, 60], [49, 71], [60, 49], [60, 61], [64, 49], [64, 65]]}, "MetricsHandler.send_prometheus_metrics": {"executed_lines": [], "summary": {"covered_lines": 0, "num_statements": 10, "percent_covered": 0.0, "percent_covered_display": "0", "missing_lines": 10, "excluded_lines": 0, "num_branches": 0, "num_partial_branches": 0, "covered_branches": 0, "missing_branches": 0}, "missing_lines": [84, 85, 86, 87, 88, 89, 90, 91, 92, 93], "excluded_lines": [], "executed_branches": [], "missing_branches": []}, "MetricsHandler.send_health": {"executed_lines": [], "summary": {"covered_lines": 0, "num_statements": 5, "percent_covered": 0.0, "percent_covered_display": "0", "missing_lines": 5, "excluded_lines": 0, "num_branches": 0, "num_partial_branches": 0, "covered_branches": 0, "missing_branches": 0}, "missing_lines": [97, 102, 103, 104, 105], "excluded_lines": [], "executed_branches": [], "missing_branches": []}, "start_metrics_server": {"executed_lines": [], "summary": {"covered_lines": 0, "num_statements": 6, "percent_covered": 0.0, "percent_covered_display": "0", "missing_lines": 6, "excluded_lines": 0, "num_branches": 0, "num_partial_branches": 0, "covered_branches": 0, "missing_branches": 0}, "missing_lines": [110, 111, 113, 119, 120, 121], "excluded_lines": [], "executed_branches": [], "missing_branches": []}, "start_metrics_server.serve": {"executed_lines": [], "summary": {"covered_lines": 0, "num_statements": 4, "percent_covered": 0.0, "percent_covered_display": "0", "missing_lines": 4, "excluded_lines": 0, "num_branches": 0, "num_partial_branches": 0, "covered_branches": 0, "missing_branches": 0}, "missing_lines": [114, 115, 116, 117], "excluded_lines": [], "executed_branches": [], "missing_branches": []}, "": {"executed_lines": [], "summary": {"covered_lines": 0, "num_statements": 14, "percent_covered": 0.0, "percent_covered_display": "0", "missing_lines": 14, "excluded_lines": 0, "num_branches": 0, "num_partial_branches": 0, "covered_branches": 0, "missing_branches": 0}, "missing_lines": [6, 7, 8, 9, 11, 12, 14, 17, 20, 24, 37, 82, 95, 108], "excluded_lines": [], "executed_branches": [], "missing_branches": []}}, "classes": {"MetricsHandler": {"executed_lines": [], "summary": {"covered_lines": 0, "num_statements": 47, "percent_covered": 0.0, "percent_covered_display": "0", "missing_lines": 47, "excluded_lines": 0, "num_branches": 12, "num_partial_branches": 0, "covered_branches": 0, "missing_branches": 12}, "missing_lines": [22, 26, 27, 28, 29, 30, 31, 33, 34, 35, 39, 40, 43, 49, 60, 61, 62, 64, 65, 66, 67, 68, 69, 71, 72, 73, 74, 76, 77, 78, 79, 80, 84, 85, 86, 87, 88, 89, 90, 91, 92, 93, 97, 102, 103, 104, 105], "excluded_lines": [], "executed_branches": [], "missing_branches": [[26, 27], [26, 28], [28, 29], [28, 30], [30, 31], [30, 33], [49, 60], [49, 71], [60, 49], [60, 61], [64, 49], [64, 65]]}, "": {"executed_lines": [], "summary": {"covered_lines": 0, "num_statements": 24, "percent_covered": 0.0, "percent_covered_display": "0", "missing_lines": 24, "excluded_lines": 0, "num_branches": 0, "num_partial_branches": 0, "covered_branches": 0, "missing_branches": 0}, "missing_lines": [6, 7, 8, 9, 11, 12, 14, 17, 20, 24, 37, 82, 95, 108, 110, 111, 113, 114, 115, 116, 117, 119, 120, 121], "excluded_lines": [], "executed_branches": [], "missing_branches": []}}}, "src/monitoring/metrics.py": {"executed_lines": [], "summary": {"covered_lines": 0, "num_statements": 71, "percent_covered": 0.0, "percent_covered_display": "0", "missing_lines": 71, "excluded_lines": 0, "num_branches": 0, "num_partial_branches": 0, "covered_branches": 0, "missing_branches": 0}, "missing_lines": [6, 7, 8, 10, 13, 18, 20, 25, 31, 38, 43, 48, 55, 60, 66, 73, 78, 83, 90, 95, 103, 108, 115, 122, 126, 128, 130, 131, 133, 135, 136, 138, 140, 141, 143, 145, 146, 148, 150, 151, 153, 155, 156, 158, 160, 162, 164, 166, 168, 170, 172, 173, 175, 177, 179, 181, 183, 185, 187, 189, 191, 192, 194, 195, 196, 198, 199, 201, 203, 204, 208], "excluded_lines": [], "executed_branches": [], "missing_branches": [], "functions": {"MetricsCollector.__init__": {"executed_lines": [], "summary": {"covered_lines": 0, "num_statements": 19, "percent_covered": 0.0, "percent_covered_display": "0", "missing_lines": 19, "excluded_lines": 0, "num_branches": 0, "num_partial_branches": 0, "covered_branches": 0, "missing_branches": 0}, "missing_lines": [20, 25, 31, 38, 43, 48, 55, 60, 66, 73, 78, 83, 90, 95, 103, 108, 115, 122, 126], "excluded_lines": [], "executed_branches": [], "missing_branches": []}, "MetricsCollector.record_ui_request": {"executed_lines": [], "summary": {"covered_lines": 0, "num_statements": 2, "percent_covered": 0.0, "percent_covered_display": "0", "missing_lines": 2, "excluded_lines": 0, "num_branches": 0, "num_partial_branches": 0, "covered_branches": 0, "missing_branches": 0}, "missing_lines": [130, 131], "excluded_lines": [], "executed_branches": [], "missing_branches": []}, "MetricsCollector.record_ui_tokens": {"executed_lines": [], "summary": {"covered_lines": 0, "num_statements": 2, "percent_covered": 0.0, "percent_covered_display": "0", "missing_lines": 2, "excluded_lines": 0, "num_branches": 0, "num_partial_branches": 0, "covered_branches": 0, "missing_branches": 0}, "missing_lines": [135, 136], "excluded_lines": [], "executed_branches": [], "missing_branches": []}, "MetricsCollector.record_chat_request": {"executed_lines": [], "summary": {"covered_lines": 0, "num_statements": 2, "percent_covered": 0.0, "percent_covered_display": "0", "missing_lines": 2, "excluded_lines": 0, "num_branches": 0, "num_partial_branches": 0, "covered_branches": 0, "missing_branches": 0}, "missing_lines": [140, 141], "excluded_lines": [], "executed_branches": [], "missing_branches": []}, "MetricsCollector.record_chat_tokens": {"executed_lines": [], "summary": {"covered_lines": 0, "num_statements": 2, "percent_covered": 0.0, "percent_covered_display": "0", "missing_lines": 2, "excluded_lines": 0, "num_branches": 0, "num_partial_branches": 0, "covered_branches": 0, "missing_branches": 0}, "missing_lines": [145, 146], "excluded_lines": [], "executed_branches": [], "missing_branches": []}, "MetricsCollector.record_llm_call": {"executed_lines": [], "summary": {"covered_lines": 0, "num_statements": 2, "percent_covered": 0.0, "percent_covered_display": "0", "missing_lines": 2, "excluded_lines": 0, "num_branches": 0, "num_partial_branches": 0, "covered_branches": 0, "missing_branches": 0}, "missing_lines": [150, 151], "excluded_lines": [], "executed_branches": [], "missing_branches": []}, "MetricsCollector.record_llm_tokens": {"executed_lines": [], "summary": {"covered_lines": 0, "num_statements": 2, "percent_covered": 0.0, "percent_covered_display": "0", "missing_lines": 2, "excluded_lines": 0, "num_branches": 0, "num_partial_branches": 0, "covered_branches": 0, "missing_branches": 0}, "missing_lines": [155, 156], "excluded_lines": [], "executed_branches": [], "missing_branches": []}, "MetricsCollector.record_cache_hit": {"executed_lines": [], "summary": {"covered_lines": 0, "num_statements": 1, "percent_covered": 0.0, "percent_covered_display": "0", "missing_lines": 1, "excluded_lines": 0, "num_branches": 0, "num_partial_branches": 0, "covered_branches": 0, "missing_branches": 0}, "missing_lines": [160], "excluded_lines": [], "executed_branches": [], "missing_branches": []}, "MetricsCollector.record_cache_miss": {"executed_lines": [], "summary": {"covered_lines": 0, "num_statements": 1, "percent_covered": 0.0, "percent_covered_display": "0", "missing_lines": 1, "excluded_lines": 0, "num_branches": 0, "num_partial_branches": 0, "covered_branches": 0, "missing_branches": 0}, "missing_lines": [164], "excluded_lines": [], "executed_branches": [], "missing_branches": []}, "MetricsCollector.set_cache_size": {"executed_lines": [], "summary": {"covered_lines": 0, "num_statements": 1, "percent_covered": 0.0, "percent_covered_display": "0", "missing_lines": 1, "excluded_lines": 0, "num_branches": 0, "num_partial_branches": 0, "covered_branches": 0, "missing_branches": 0}, "missing_lines": [168], "excluded_lines": [], "executed_branches": [], "missing_branches": []}, "MetricsCollector.record_grpc_request": {"executed_lines": [], "summary": {"covered_lines": 0, "num_statements": 2, "percent_covered": 0.0, "percent_covered_display": "0", "missing_lines": 2, "excluded_lines": 0, "num_branches": 0, "num_partial_branches": 0, "covered_branches": 0, "missing_branches": 0}, "missing_lines": [172, 173], "excluded_lines": [], "executed_branches": [], "missing_branches": []}, "MetricsCollector.record_stream_message": {"executed_lines": [], "summary": {"covered_lines": 0, "num_statements": 1, "percent_covered": 0.0, "percent_covered_display": "0", "missing_lines": 1, "excluded_lines": 0, "num_branches": 0, "num_partial_branches": 0, "covered_branches": 0, "missing_branches": 0}, "missing_lines": [177], "excluded_lines": [], "executed_branches": [], "missing_branches": []}, "MetricsCollector.record_stream_error": {"executed_lines": [], "summary": {"covered_lines": 0, "num_statements": 1, "percent_covered": 0.0, "percent_covered_display": "0", "missing_lines": 1, "excluded_lines": 0, "num_branches": 0, "num_partial_branches": 0, "covered_branches": 0, "missing_branches": 0}, "missing_lines": [181], "excluded_lines": [], "executed_branches": [], "missing_branches": []}, "MetricsCollector.record_error": {"executed_lines": [], "summary": {"covered_lines": 0, "num_statements": 1, "percent_covered": 0.0, "percent_covered_display": "0", "missing_lines": 1, "excluded_lines": 0, "num_branches": 0, "num_partial_branches": 0, "covered_branches": 0, "missing_branches": 0}, "missing_lines": [185], "excluded_lines": [], "executed_branches": [], "missing_branches": []}, "MetricsCollector.update_uptime": {"executed_lines": [], "summary": {"covered_lines": 0, "num_statements": 1, "percent_covered": 0.0, "percent_covered_display": "0", "missing_lines": 1, "excluded_lines": 0, "num_branches": 0, "num_partial_branches": 0, "covered_branches": 0, "missing_branches": 0}, "missing_lines": [189], "excluded_lines": [], "executed_branches": [], "missing_branches": []}, "MetricsCollector.measure_duration": {"executed_lines": [], "summary": {"covered_lines": 0, "num_statements": 5, "percent_covered": 0.0, "percent_covered_display": "0", "missing_lines": 5, "excluded_lines": 0, "num_branches": 0, "num_partial_branches": 0, "covered_branches": 0, "missing_branches": 0}, "missing_lines": [194, 195, 196, 198, 199], "excluded_lines": [], "executed_branches": [], "missing_branches": []}, "MetricsCollector.get_metrics": {"executed_lines": [], "summary": {"covered_lines": 0, "num_statements": 2, "percent_covered": 0.0, "percent_covered_display": "0", "missing_lines": 2, "excluded_lines": 0, "num_branches": 0, "num_partial_branches": 0, "covered_branches": 0, "missing_branches": 0}, "missing_lines": [203, 204], "excluded_lines": [], "executed_branches": [], "missing_branches": []}, "": {"executed_lines": [], "summary": {"covered_lines": 0, "num_statements": 24, "percent_covered": 0.0, "percent_covered_display": "0", "missing_lines": 24, "excluded_lines": 0, "num_branches": 0, "num_partial_branches": 0, "covered_branches": 0, "missing_branches": 0}, "missing_lines": [6, 7, 8, 10, 13, 18, 128, 133, 138, 143, 148, 153, 158, 162, 166, 170, 175, 179, 183, 187, 191, 192, 201, 208], "excluded_lines": [], "executed_branches": [], "missing_branches": []}}, "classes": {"MetricsCollector": {"executed_lines": [], "summary": {"covered_lines": 0, "num_statements": 47, "percent_covered": 0.0, "percent_covered_display": "0", "missing_lines": 47, "excluded_lines": 0, "num_branches": 0, "num_partial_branches": 0, "covered_branches": 0, "missing_branches": 0}, "missing_lines": [20, 25, 31, 38, 43, 48, 55, 60, 66, 73, 78, 83, 90, 95, 103, 108, 115, 122, 126, 130, 131, 135, 136, 140, 141, 145, 146, 150, 151, 155, 156, 160, 164, 168, 172, 173, 177, 181, 185, 189, 194, 195, 196, 198, 199, 203, 204], "excluded_lines": [], "executed_branches": [], "missing_branches": []}, "": {"executed_lines": [], "summary": {"covered_lines": 0, "num_statements": 24, "percent_covered": 0.0, "percent_covered_display": "0", "missing_lines": 24, "excluded_lines": 0, "num_branches": 0, "num_partial_branches": 0, "covered_branches": 0, "missing_branches": 0}, "missing_lines": [6, 7, 8, 10, 13, 18, 128, 133, 138, 143, 148, 153, 158, 162, 166, 170, 175, 179, 183, 187, 191, 192, 201, 208], "excluded_lines": [], "executed_branches": [], "missing_branches": []}}}, "src/server.py": {"executed_lines": [], "summary": {"covered_lines": 0, "num_statements": 69, "percent_covered": 0.0, "percent_covered_display": "0", "missing_lines": 69, "excluded_lines": 0, "num_branches": 10, "num_partial_branches": 0, "covered_branches": 0, "missing_branches": 10}, "missing_lines": [6, 7, 8, 10, 11, 13, 14, 16, 17, 18, 19, 20, 23, 26, 29, 30, 31, 32, 34, 39, 40, 42, 47, 49, 50, 52, 53, 54, 56, 60, 61, 64, 69, 70, 71, 73, 74, 75, 77, 80, 82, 83, 85, 88, 89, 92, 95, 96, 97, 98, 102, 116, 119, 120, 122, 125, 128, 129, 130, 131, 132, 135, 136, 137, 140, 143, 145, 148, 149], "excluded_lines": [], "executed_branches": [], "missing_branches": [[53, -42], [53, 54], [60, -56], [60, 61], [73, 74], [73, 77], [136, 137], [136, 140], [148, -1], [148, 149]], "functions": {"AsyncAIService.__init__": {"executed_lines": [], "summary": {"covered_lines": 0, "num_statements": 3, "percent_covered": 0.0, "percent_covered_display": "0", "missing_lines": 3, "excluded_lines": 0, "num_branches": 0, "num_partial_branches": 0, "covered_branches": 0, "missing_branches": 0}, "missing_lines": [30, 31, 32], "excluded_lines": [], "executed_branches": [], "missing_branches": []}, "AsyncAIService.GenerateUI": {"executed_lines": [], "summary": {"covered_lines": 0, "num_statements": 2, "percent_covered": 0.0, "percent_covered_display": "0", "missing_lines": 2, "excluded_lines": 0, "num_branches": 0, "num_partial_branches": 0, "covered_branches": 0, "missing_branches": 0}, "missing_lines": [39, 40], "excluded_lines": [], "executed_branches": [], "missing_branches": []}, "AsyncAIService.StreamUI": {"executed_lines": [], "summary": {"covered_lines": 0, "num_statements": 5, "percent_covered": 0.0, "percent_covered_display": "0", "missing_lines": 5, "excluded_lines": 0, "num_branches": 2, "num_partial_branches": 0, "covered_branches": 0, "missing_branches": 2}, "missing_lines": [47, 49, 52, 53, 54], "excluded_lines": [], "executed_branches": [], "missing_branches": [[53, -42], [53, 54]]}, "AsyncAIService.StreamUI.sync_stream": {"executed_lines": [], "summary": {"covered_lines": 0, "num_statements": 1, "percent_covered": 0.0, "percent_covered_display": "0", "missing_lines": 1, "excluded_lines": 0, "num_branches": 0, "num_partial_branches": 0, "covered_branches": 0, "missing_branches": 0}, "missing_lines": [50], "excluded_lines": [], "executed_branches": [], "missing_branches": []}, "AsyncAIService.StreamChat": {"executed_lines": [], "summary": {"covered_lines": 0, "num_statements": 2, "percent_covered": 0.0, "percent_covered_display": "0", "missing_lines": 2, "excluded_lines": 0, "num_branches": 2, "num_partial_branches": 0, "covered_branches": 0, "missing_branches": 2}, "missing_lines": [60, 61], "excluded_lines": [], "executed_branches": [], "missing_branches": [[60, -56], [60, 61]]}, "tracing_interceptor": {"executed_lines": [], "summary": {"covered_lines": 0, "num_statements": 7, "percent_covered": 0.0, "percent_covered_display": "0", "missing_lines": 7, "excluded_lines": 0, "num_branches": 2, "num_partial_branches": 0, "covered_branches": 0, "missing_branches": 2}, "missing_lines": [69, 70, 71, 73, 74, 75, 77], "excluded_lines": [], "executed_branches": [], "missing_branches": [[73, 74], [73, 77]]}, "serve_async": {"executed_lines": [], "summary": {"covered_lines": 0, "num_statements": 21, "percent_covered": 0.0, "percent_covered_display": "0", "missing_lines": 21, "excluded_lines": 0, "num_branches": 2, "num_partial_branches": 0, "covered_branches": 0, "missing_branches": 2}, "missing_lines": [82, 83, 85, 88, 89, 92, 95, 96, 97, 98, 102, 116, 119, 120, 122, 125, 128, 135, 136, 137, 140], "excluded_lines": [], "executed_branches": [], "missing_branches": [[136, 137], [136, 140]]}, "serve_async.shutdown": {"executed_lines": [], "summary": {"covered_lines": 0, "num_statements": 4, "percent_covered": 0.0, "percent_covered_display": "0", "missing_lines": 4, "excluded_lines": 0, "num_branches": 0, "num_partial_branches": 0, "covered_branches": 0, "missing_branches": 0}, "missing_lines": [129, 130, 131, 132], "excluded_lines": [], "executed_branches": [], "missing_branches": []}, "serve": {"executed_lines": [], "summary": {"covered_lines": 0, "num_statements": 1, "percent_covered": 0.0, "percent_covered_display": "0", "missing_lines": 1, "excluded_lines": 0, "num_branches": 0, "num_partial_branches": 0, "covered_branches": 0, "missing_branches": 0}, "missing_lines": [145], "excluded_lines": [], "executed_branches": [], "missing_branches": []}, "": {"executed_lines": [], "summary": {"covered_lines": 0, "num_statements": 23, "percent_covered": 0.0, "percent_covered_display": "0", "missing_lines": 23, "excluded_lines": 0, "num_branches": 2, "num_partial_branches": 0, "covered_branches": 0, "missing_branches": 2}, "missing_lines": [6, 7, 8, 10, 11, 13, 14, 16, 17, 18, 19, 20, 23, 26, 29, 34, 42, 56, 64, 80, 143, 148, 149], "excluded_lines": [], "executed_branches": [], "missing_branches": [[148, -1], [148, 149]]}}, "classes": {"AsyncAIService": {"executed_lines": [], "summary": {"covered_lines": 0, "num_statements": 13, "percent_covered": 0.0, "percent_covered_display": "0", "missing_lines": 13, "excluded_lines": 0, "num_branches": 4, "num_partial_branches": 0, "covered_branches": 0, "missing_branches": 4}, "missing_lines": [30, 31, 32, 39, 40, 47, 49, 50, 52, 53, 54, 60, 61], "excluded_lines": [], "executed_branches": [], "missing_branches": [[53, -42], [53, 54], [60, -56], [60, 61]]}, "": {"executed_lines": [], "summary": {"covered_lines": 0, "num_statements": 56, "percent_covered": 0.0, "percent_covered_display": "0", "missing_lines": 56, "excluded_lines": 0, "num_branches": 6, "num_partial_branches": 0, "covered_branches": 0, "missing_branches": 6}, "missing_lines": [6, 7, 8, 10, 11, 13, 14, 16, 17, 18, 19, 20, 23, 26, 29, 34, 42, 56, 64, 69, 70, 71, 73, 74, 75, 77, 80, 82, 83, 85, 88, 89, 92, 95, 96, 97, 98, 102, 116, 119, 120, 122, 125, 128, 129, 130, 131, 132, 135, 136, 137, 140, 143, 145, 148, 149], "excluded_lines": [], "executed_branches": [], "missing_branches": [[73, 74], [73, 77], [136, 137], [136, 140], [148, -1], [148, 149]]}}}}, "totals": {"covered_lines": 440, "num_statements": 1971, "percent_covered": 18.8275566966196, "percent_covered_display": "19", "missing_lines": 1531, "excluded_lines": 15, "num_branches": 366, "num_partial_branches": 0, "covered_branches": 0, "missing_branches": 366}}